{
  "stats": {
    "suites": 1,
    "tests": 70,
    "passes": 70,
    "pending": 0,
    "failures": 0,
    "start": "2024-07-16T08:27:44.220Z",
    "end": "2024-07-16T08:30:12.854Z",
    "duration": 148634,
    "testsRegistered": 70,
    "passPercent": 100,
    "pendingPercent": 0,
    "other": 0,
    "hasOther": false,
    "skipped": 0,
    "hasSkipped": false
  },
  "results": [
    {
      "uuid": "c8175dc7-e431-4ec2-ae50-a81c6a6f2a9e",
      "title": "",
      "fullFile": "cypress\\e2e\\text_input_and_verification_spec.cy.js",
      "file": "cypress\\e2e\\text_input_and_verification_spec.cy.js",
      "beforeHooks": [],
      "afterHooks": [],
      "tests": [],
      "suites": [
        {
          "uuid": "f9a03695-5654-4cb3-9125-9b03a89eebdf",
          "title": "Genauigkeit Texteingabe",
          "fullFile": "",
          "file": "",
          "beforeHooks": [],
          "afterHooks": [],
          "tests": [
            {
              "title": "Testfall 1 - Alle Informationen vorhanden - Wiederholung 1",
              "fullTitle": "Genauigkeit Texteingabe Testfall 1 - Alle Informationen vorhanden - Wiederholung 1",
              "timedOut": null,
              "duration": 2612,
              "state": "passed",
              "speed": "fast",
              "pass": true,
              "fail": false,
              "pending": false,
              "context": null,
              "code": "// Klicken auf Button zur Texteingabe\ncy.get(\"#buttonInputTextModal0\").click();\n// Text eingeben\ncy.get(\"#message-textinputTextModal0\").type(input, {\n  delay: 0\n});\n// Klicken auf Bestätigungsbutton\ncy.get(\"#btn-confirm-inputTextModal0\").click();\nlet correctCount = 0;\nlet incorrectCount = 0;\nfunction checkField(selector, expectedValue) {\n  cy.get(selector).should(\"have.value\", expectedValue).then($el => {\n    if ($el.val() === expectedValue) {\n      correctCount++;\n    } else {\n      incorrectCount++;\n    }\n  });\n}\ncheckField('select[name=\"hersteller\"]', expected.hersteller);\ncheckField('select[name=\"modell\"]', expected.modell);\ncheckField('input[name=\"seriennummer\"]', expected.seriennummer);\ncheckField('input[name=\"letztes_wartungsdatum\"]', expected.letztesWartungsdatum);\ncheckField('textarea[name=\"bemerkung_zustand\"]', expected.bemerkungZustand);\ncy.then(() => {\n  console.log(`Test Case: ${description} - Wiederholung ${i}`);\n  console.log(`Correctly filled fields: ${correctCount}`);\n  console.log(`Incorrectly filled fields: ${incorrectCount}`);\n  cy.log(`Test Case: ${description} - Wiederholung ${i}`);\n  cy.log(`Correctly filled fields: ${correctCount}`);\n  cy.log(`Incorrectly filled fields: ${incorrectCount}`);\n});",
              "err": {},
              "uuid": "c0cf9b5c-7a8a-4489-b99a-fc1dce162c42",
              "parentUUID": "f9a03695-5654-4cb3-9125-9b03a89eebdf",
              "isHook": false,
              "skipped": false
            },
            {
              "title": "Testfall 1 - Alle Informationen vorhanden - Wiederholung 2",
              "fullTitle": "Genauigkeit Texteingabe Testfall 1 - Alle Informationen vorhanden - Wiederholung 2",
              "timedOut": null,
              "duration": 2304,
              "state": "passed",
              "speed": "fast",
              "pass": true,
              "fail": false,
              "pending": false,
              "context": null,
              "code": "// Klicken auf Button zur Texteingabe\ncy.get(\"#buttonInputTextModal0\").click();\n// Text eingeben\ncy.get(\"#message-textinputTextModal0\").type(input, {\n  delay: 0\n});\n// Klicken auf Bestätigungsbutton\ncy.get(\"#btn-confirm-inputTextModal0\").click();\nlet correctCount = 0;\nlet incorrectCount = 0;\nfunction checkField(selector, expectedValue) {\n  cy.get(selector).should(\"have.value\", expectedValue).then($el => {\n    if ($el.val() === expectedValue) {\n      correctCount++;\n    } else {\n      incorrectCount++;\n    }\n  });\n}\ncheckField('select[name=\"hersteller\"]', expected.hersteller);\ncheckField('select[name=\"modell\"]', expected.modell);\ncheckField('input[name=\"seriennummer\"]', expected.seriennummer);\ncheckField('input[name=\"letztes_wartungsdatum\"]', expected.letztesWartungsdatum);\ncheckField('textarea[name=\"bemerkung_zustand\"]', expected.bemerkungZustand);\ncy.then(() => {\n  console.log(`Test Case: ${description} - Wiederholung ${i}`);\n  console.log(`Correctly filled fields: ${correctCount}`);\n  console.log(`Incorrectly filled fields: ${incorrectCount}`);\n  cy.log(`Test Case: ${description} - Wiederholung ${i}`);\n  cy.log(`Correctly filled fields: ${correctCount}`);\n  cy.log(`Incorrectly filled fields: ${incorrectCount}`);\n});",
              "err": {},
              "uuid": "4bc989aa-a77a-4060-b7c8-4d1ac1cd73b1",
              "parentUUID": "f9a03695-5654-4cb3-9125-9b03a89eebdf",
              "isHook": false,
              "skipped": false
            },
            {
              "title": "Testfall 1 - Alle Informationen vorhanden - Wiederholung 3",
              "fullTitle": "Genauigkeit Texteingabe Testfall 1 - Alle Informationen vorhanden - Wiederholung 3",
              "timedOut": null,
              "duration": 1895,
              "state": "passed",
              "speed": "fast",
              "pass": true,
              "fail": false,
              "pending": false,
              "context": null,
              "code": "// Klicken auf Button zur Texteingabe\ncy.get(\"#buttonInputTextModal0\").click();\n// Text eingeben\ncy.get(\"#message-textinputTextModal0\").type(input, {\n  delay: 0\n});\n// Klicken auf Bestätigungsbutton\ncy.get(\"#btn-confirm-inputTextModal0\").click();\nlet correctCount = 0;\nlet incorrectCount = 0;\nfunction checkField(selector, expectedValue) {\n  cy.get(selector).should(\"have.value\", expectedValue).then($el => {\n    if ($el.val() === expectedValue) {\n      correctCount++;\n    } else {\n      incorrectCount++;\n    }\n  });\n}\ncheckField('select[name=\"hersteller\"]', expected.hersteller);\ncheckField('select[name=\"modell\"]', expected.modell);\ncheckField('input[name=\"seriennummer\"]', expected.seriennummer);\ncheckField('input[name=\"letztes_wartungsdatum\"]', expected.letztesWartungsdatum);\ncheckField('textarea[name=\"bemerkung_zustand\"]', expected.bemerkungZustand);\ncy.then(() => {\n  console.log(`Test Case: ${description} - Wiederholung ${i}`);\n  console.log(`Correctly filled fields: ${correctCount}`);\n  console.log(`Incorrectly filled fields: ${incorrectCount}`);\n  cy.log(`Test Case: ${description} - Wiederholung ${i}`);\n  cy.log(`Correctly filled fields: ${correctCount}`);\n  cy.log(`Incorrectly filled fields: ${incorrectCount}`);\n});",
              "err": {},
              "uuid": "5dafc668-1ebc-4c1f-889a-894110301371",
              "parentUUID": "f9a03695-5654-4cb3-9125-9b03a89eebdf",
              "isHook": false,
              "skipped": false
            },
            {
              "title": "Testfall 1 - Alle Informationen vorhanden - Wiederholung 4",
              "fullTitle": "Genauigkeit Texteingabe Testfall 1 - Alle Informationen vorhanden - Wiederholung 4",
              "timedOut": null,
              "duration": 2287,
              "state": "passed",
              "speed": "fast",
              "pass": true,
              "fail": false,
              "pending": false,
              "context": null,
              "code": "// Klicken auf Button zur Texteingabe\ncy.get(\"#buttonInputTextModal0\").click();\n// Text eingeben\ncy.get(\"#message-textinputTextModal0\").type(input, {\n  delay: 0\n});\n// Klicken auf Bestätigungsbutton\ncy.get(\"#btn-confirm-inputTextModal0\").click();\nlet correctCount = 0;\nlet incorrectCount = 0;\nfunction checkField(selector, expectedValue) {\n  cy.get(selector).should(\"have.value\", expectedValue).then($el => {\n    if ($el.val() === expectedValue) {\n      correctCount++;\n    } else {\n      incorrectCount++;\n    }\n  });\n}\ncheckField('select[name=\"hersteller\"]', expected.hersteller);\ncheckField('select[name=\"modell\"]', expected.modell);\ncheckField('input[name=\"seriennummer\"]', expected.seriennummer);\ncheckField('input[name=\"letztes_wartungsdatum\"]', expected.letztesWartungsdatum);\ncheckField('textarea[name=\"bemerkung_zustand\"]', expected.bemerkungZustand);\ncy.then(() => {\n  console.log(`Test Case: ${description} - Wiederholung ${i}`);\n  console.log(`Correctly filled fields: ${correctCount}`);\n  console.log(`Incorrectly filled fields: ${incorrectCount}`);\n  cy.log(`Test Case: ${description} - Wiederholung ${i}`);\n  cy.log(`Correctly filled fields: ${correctCount}`);\n  cy.log(`Incorrectly filled fields: ${incorrectCount}`);\n});",
              "err": {},
              "uuid": "ed64e211-4d10-4a19-bade-af58c1095df7",
              "parentUUID": "f9a03695-5654-4cb3-9125-9b03a89eebdf",
              "isHook": false,
              "skipped": false
            },
            {
              "title": "Testfall 1 - Alle Informationen vorhanden - Wiederholung 5",
              "fullTitle": "Genauigkeit Texteingabe Testfall 1 - Alle Informationen vorhanden - Wiederholung 5",
              "timedOut": null,
              "duration": 2148,
              "state": "passed",
              "speed": "fast",
              "pass": true,
              "fail": false,
              "pending": false,
              "context": null,
              "code": "// Klicken auf Button zur Texteingabe\ncy.get(\"#buttonInputTextModal0\").click();\n// Text eingeben\ncy.get(\"#message-textinputTextModal0\").type(input, {\n  delay: 0\n});\n// Klicken auf Bestätigungsbutton\ncy.get(\"#btn-confirm-inputTextModal0\").click();\nlet correctCount = 0;\nlet incorrectCount = 0;\nfunction checkField(selector, expectedValue) {\n  cy.get(selector).should(\"have.value\", expectedValue).then($el => {\n    if ($el.val() === expectedValue) {\n      correctCount++;\n    } else {\n      incorrectCount++;\n    }\n  });\n}\ncheckField('select[name=\"hersteller\"]', expected.hersteller);\ncheckField('select[name=\"modell\"]', expected.modell);\ncheckField('input[name=\"seriennummer\"]', expected.seriennummer);\ncheckField('input[name=\"letztes_wartungsdatum\"]', expected.letztesWartungsdatum);\ncheckField('textarea[name=\"bemerkung_zustand\"]', expected.bemerkungZustand);\ncy.then(() => {\n  console.log(`Test Case: ${description} - Wiederholung ${i}`);\n  console.log(`Correctly filled fields: ${correctCount}`);\n  console.log(`Incorrectly filled fields: ${incorrectCount}`);\n  cy.log(`Test Case: ${description} - Wiederholung ${i}`);\n  cy.log(`Correctly filled fields: ${correctCount}`);\n  cy.log(`Incorrectly filled fields: ${incorrectCount}`);\n});",
              "err": {},
              "uuid": "02fb81f3-9e8f-4e00-9d17-4650d90d484c",
              "parentUUID": "f9a03695-5654-4cb3-9125-9b03a89eebdf",
              "isHook": false,
              "skipped": false
            },
            {
              "title": "Testfall 2 - Seriennummer fehlt - Wiederholung 1",
              "fullTitle": "Genauigkeit Texteingabe Testfall 2 - Seriennummer fehlt - Wiederholung 1",
              "timedOut": null,
              "duration": 1831,
              "state": "passed",
              "speed": "fast",
              "pass": true,
              "fail": false,
              "pending": false,
              "context": null,
              "code": "// Klicken auf Button zur Texteingabe\ncy.get(\"#buttonInputTextModal0\").click();\n// Text eingeben\ncy.get(\"#message-textinputTextModal0\").type(input, {\n  delay: 0\n});\n// Klicken auf Bestätigungsbutton\ncy.get(\"#btn-confirm-inputTextModal0\").click();\nlet correctCount = 0;\nlet incorrectCount = 0;\nfunction checkField(selector, expectedValue) {\n  cy.get(selector).should(\"have.value\", expectedValue).then($el => {\n    if ($el.val() === expectedValue) {\n      correctCount++;\n    } else {\n      incorrectCount++;\n    }\n  });\n}\ncheckField('select[name=\"hersteller\"]', expected.hersteller);\ncheckField('select[name=\"modell\"]', expected.modell);\ncheckField('input[name=\"seriennummer\"]', expected.seriennummer);\ncheckField('input[name=\"letztes_wartungsdatum\"]', expected.letztesWartungsdatum);\ncheckField('textarea[name=\"bemerkung_zustand\"]', expected.bemerkungZustand);\ncy.then(() => {\n  console.log(`Test Case: ${description} - Wiederholung ${i}`);\n  console.log(`Correctly filled fields: ${correctCount}`);\n  console.log(`Incorrectly filled fields: ${incorrectCount}`);\n  cy.log(`Test Case: ${description} - Wiederholung ${i}`);\n  cy.log(`Correctly filled fields: ${correctCount}`);\n  cy.log(`Incorrectly filled fields: ${incorrectCount}`);\n});",
              "err": {},
              "uuid": "b4be5bfe-f391-492e-908a-09ea9d0b554f",
              "parentUUID": "f9a03695-5654-4cb3-9125-9b03a89eebdf",
              "isHook": false,
              "skipped": false
            },
            {
              "title": "Testfall 2 - Seriennummer fehlt - Wiederholung 2",
              "fullTitle": "Genauigkeit Texteingabe Testfall 2 - Seriennummer fehlt - Wiederholung 2",
              "timedOut": null,
              "duration": 2020,
              "state": "passed",
              "speed": "fast",
              "pass": true,
              "fail": false,
              "pending": false,
              "context": null,
              "code": "// Klicken auf Button zur Texteingabe\ncy.get(\"#buttonInputTextModal0\").click();\n// Text eingeben\ncy.get(\"#message-textinputTextModal0\").type(input, {\n  delay: 0\n});\n// Klicken auf Bestätigungsbutton\ncy.get(\"#btn-confirm-inputTextModal0\").click();\nlet correctCount = 0;\nlet incorrectCount = 0;\nfunction checkField(selector, expectedValue) {\n  cy.get(selector).should(\"have.value\", expectedValue).then($el => {\n    if ($el.val() === expectedValue) {\n      correctCount++;\n    } else {\n      incorrectCount++;\n    }\n  });\n}\ncheckField('select[name=\"hersteller\"]', expected.hersteller);\ncheckField('select[name=\"modell\"]', expected.modell);\ncheckField('input[name=\"seriennummer\"]', expected.seriennummer);\ncheckField('input[name=\"letztes_wartungsdatum\"]', expected.letztesWartungsdatum);\ncheckField('textarea[name=\"bemerkung_zustand\"]', expected.bemerkungZustand);\ncy.then(() => {\n  console.log(`Test Case: ${description} - Wiederholung ${i}`);\n  console.log(`Correctly filled fields: ${correctCount}`);\n  console.log(`Incorrectly filled fields: ${incorrectCount}`);\n  cy.log(`Test Case: ${description} - Wiederholung ${i}`);\n  cy.log(`Correctly filled fields: ${correctCount}`);\n  cy.log(`Incorrectly filled fields: ${incorrectCount}`);\n});",
              "err": {},
              "uuid": "fd40fd7b-daa0-4738-9810-a6680909587f",
              "parentUUID": "f9a03695-5654-4cb3-9125-9b03a89eebdf",
              "isHook": false,
              "skipped": false
            },
            {
              "title": "Testfall 2 - Seriennummer fehlt - Wiederholung 3",
              "fullTitle": "Genauigkeit Texteingabe Testfall 2 - Seriennummer fehlt - Wiederholung 3",
              "timedOut": null,
              "duration": 1915,
              "state": "passed",
              "speed": "fast",
              "pass": true,
              "fail": false,
              "pending": false,
              "context": null,
              "code": "// Klicken auf Button zur Texteingabe\ncy.get(\"#buttonInputTextModal0\").click();\n// Text eingeben\ncy.get(\"#message-textinputTextModal0\").type(input, {\n  delay: 0\n});\n// Klicken auf Bestätigungsbutton\ncy.get(\"#btn-confirm-inputTextModal0\").click();\nlet correctCount = 0;\nlet incorrectCount = 0;\nfunction checkField(selector, expectedValue) {\n  cy.get(selector).should(\"have.value\", expectedValue).then($el => {\n    if ($el.val() === expectedValue) {\n      correctCount++;\n    } else {\n      incorrectCount++;\n    }\n  });\n}\ncheckField('select[name=\"hersteller\"]', expected.hersteller);\ncheckField('select[name=\"modell\"]', expected.modell);\ncheckField('input[name=\"seriennummer\"]', expected.seriennummer);\ncheckField('input[name=\"letztes_wartungsdatum\"]', expected.letztesWartungsdatum);\ncheckField('textarea[name=\"bemerkung_zustand\"]', expected.bemerkungZustand);\ncy.then(() => {\n  console.log(`Test Case: ${description} - Wiederholung ${i}`);\n  console.log(`Correctly filled fields: ${correctCount}`);\n  console.log(`Incorrectly filled fields: ${incorrectCount}`);\n  cy.log(`Test Case: ${description} - Wiederholung ${i}`);\n  cy.log(`Correctly filled fields: ${correctCount}`);\n  cy.log(`Incorrectly filled fields: ${incorrectCount}`);\n});",
              "err": {},
              "uuid": "3d258477-a78c-430c-8652-3c37d36c2c66",
              "parentUUID": "f9a03695-5654-4cb3-9125-9b03a89eebdf",
              "isHook": false,
              "skipped": false
            },
            {
              "title": "Testfall 2 - Seriennummer fehlt - Wiederholung 4",
              "fullTitle": "Genauigkeit Texteingabe Testfall 2 - Seriennummer fehlt - Wiederholung 4",
              "timedOut": null,
              "duration": 2064,
              "state": "passed",
              "speed": "fast",
              "pass": true,
              "fail": false,
              "pending": false,
              "context": null,
              "code": "// Klicken auf Button zur Texteingabe\ncy.get(\"#buttonInputTextModal0\").click();\n// Text eingeben\ncy.get(\"#message-textinputTextModal0\").type(input, {\n  delay: 0\n});\n// Klicken auf Bestätigungsbutton\ncy.get(\"#btn-confirm-inputTextModal0\").click();\nlet correctCount = 0;\nlet incorrectCount = 0;\nfunction checkField(selector, expectedValue) {\n  cy.get(selector).should(\"have.value\", expectedValue).then($el => {\n    if ($el.val() === expectedValue) {\n      correctCount++;\n    } else {\n      incorrectCount++;\n    }\n  });\n}\ncheckField('select[name=\"hersteller\"]', expected.hersteller);\ncheckField('select[name=\"modell\"]', expected.modell);\ncheckField('input[name=\"seriennummer\"]', expected.seriennummer);\ncheckField('input[name=\"letztes_wartungsdatum\"]', expected.letztesWartungsdatum);\ncheckField('textarea[name=\"bemerkung_zustand\"]', expected.bemerkungZustand);\ncy.then(() => {\n  console.log(`Test Case: ${description} - Wiederholung ${i}`);\n  console.log(`Correctly filled fields: ${correctCount}`);\n  console.log(`Incorrectly filled fields: ${incorrectCount}`);\n  cy.log(`Test Case: ${description} - Wiederholung ${i}`);\n  cy.log(`Correctly filled fields: ${correctCount}`);\n  cy.log(`Incorrectly filled fields: ${incorrectCount}`);\n});",
              "err": {},
              "uuid": "862e3311-8d41-4045-9f04-cac3565aa988",
              "parentUUID": "f9a03695-5654-4cb3-9125-9b03a89eebdf",
              "isHook": false,
              "skipped": false
            },
            {
              "title": "Testfall 2 - Seriennummer fehlt - Wiederholung 5",
              "fullTitle": "Genauigkeit Texteingabe Testfall 2 - Seriennummer fehlt - Wiederholung 5",
              "timedOut": null,
              "duration": 2228,
              "state": "passed",
              "speed": "fast",
              "pass": true,
              "fail": false,
              "pending": false,
              "context": null,
              "code": "// Klicken auf Button zur Texteingabe\ncy.get(\"#buttonInputTextModal0\").click();\n// Text eingeben\ncy.get(\"#message-textinputTextModal0\").type(input, {\n  delay: 0\n});\n// Klicken auf Bestätigungsbutton\ncy.get(\"#btn-confirm-inputTextModal0\").click();\nlet correctCount = 0;\nlet incorrectCount = 0;\nfunction checkField(selector, expectedValue) {\n  cy.get(selector).should(\"have.value\", expectedValue).then($el => {\n    if ($el.val() === expectedValue) {\n      correctCount++;\n    } else {\n      incorrectCount++;\n    }\n  });\n}\ncheckField('select[name=\"hersteller\"]', expected.hersteller);\ncheckField('select[name=\"modell\"]', expected.modell);\ncheckField('input[name=\"seriennummer\"]', expected.seriennummer);\ncheckField('input[name=\"letztes_wartungsdatum\"]', expected.letztesWartungsdatum);\ncheckField('textarea[name=\"bemerkung_zustand\"]', expected.bemerkungZustand);\ncy.then(() => {\n  console.log(`Test Case: ${description} - Wiederholung ${i}`);\n  console.log(`Correctly filled fields: ${correctCount}`);\n  console.log(`Incorrectly filled fields: ${incorrectCount}`);\n  cy.log(`Test Case: ${description} - Wiederholung ${i}`);\n  cy.log(`Correctly filled fields: ${correctCount}`);\n  cy.log(`Incorrectly filled fields: ${incorrectCount}`);\n});",
              "err": {},
              "uuid": "b0f5d18b-1cde-4b6f-a1ba-c43458213e89",
              "parentUUID": "f9a03695-5654-4cb3-9125-9b03a89eebdf",
              "isHook": false,
              "skipped": false
            },
            {
              "title": "Testfall 3 - Wartungsdatum fehlt - Wiederholung 1",
              "fullTitle": "Genauigkeit Texteingabe Testfall 3 - Wartungsdatum fehlt - Wiederholung 1",
              "timedOut": null,
              "duration": 1791,
              "state": "passed",
              "speed": "fast",
              "pass": true,
              "fail": false,
              "pending": false,
              "context": null,
              "code": "// Klicken auf Button zur Texteingabe\ncy.get(\"#buttonInputTextModal0\").click();\n// Text eingeben\ncy.get(\"#message-textinputTextModal0\").type(input, {\n  delay: 0\n});\n// Klicken auf Bestätigungsbutton\ncy.get(\"#btn-confirm-inputTextModal0\").click();\nlet correctCount = 0;\nlet incorrectCount = 0;\nfunction checkField(selector, expectedValue) {\n  cy.get(selector).should(\"have.value\", expectedValue).then($el => {\n    if ($el.val() === expectedValue) {\n      correctCount++;\n    } else {\n      incorrectCount++;\n    }\n  });\n}\ncheckField('select[name=\"hersteller\"]', expected.hersteller);\ncheckField('select[name=\"modell\"]', expected.modell);\ncheckField('input[name=\"seriennummer\"]', expected.seriennummer);\ncheckField('input[name=\"letztes_wartungsdatum\"]', expected.letztesWartungsdatum);\ncheckField('textarea[name=\"bemerkung_zustand\"]', expected.bemerkungZustand);\ncy.then(() => {\n  console.log(`Test Case: ${description} - Wiederholung ${i}`);\n  console.log(`Correctly filled fields: ${correctCount}`);\n  console.log(`Incorrectly filled fields: ${incorrectCount}`);\n  cy.log(`Test Case: ${description} - Wiederholung ${i}`);\n  cy.log(`Correctly filled fields: ${correctCount}`);\n  cy.log(`Incorrectly filled fields: ${incorrectCount}`);\n});",
              "err": {},
              "uuid": "c5521df5-d307-4708-a30c-a4a8af3ff10e",
              "parentUUID": "f9a03695-5654-4cb3-9125-9b03a89eebdf",
              "isHook": false,
              "skipped": false
            },
            {
              "title": "Testfall 3 - Wartungsdatum fehlt - Wiederholung 2",
              "fullTitle": "Genauigkeit Texteingabe Testfall 3 - Wartungsdatum fehlt - Wiederholung 2",
              "timedOut": null,
              "duration": 2072,
              "state": "passed",
              "speed": "fast",
              "pass": true,
              "fail": false,
              "pending": false,
              "context": null,
              "code": "// Klicken auf Button zur Texteingabe\ncy.get(\"#buttonInputTextModal0\").click();\n// Text eingeben\ncy.get(\"#message-textinputTextModal0\").type(input, {\n  delay: 0\n});\n// Klicken auf Bestätigungsbutton\ncy.get(\"#btn-confirm-inputTextModal0\").click();\nlet correctCount = 0;\nlet incorrectCount = 0;\nfunction checkField(selector, expectedValue) {\n  cy.get(selector).should(\"have.value\", expectedValue).then($el => {\n    if ($el.val() === expectedValue) {\n      correctCount++;\n    } else {\n      incorrectCount++;\n    }\n  });\n}\ncheckField('select[name=\"hersteller\"]', expected.hersteller);\ncheckField('select[name=\"modell\"]', expected.modell);\ncheckField('input[name=\"seriennummer\"]', expected.seriennummer);\ncheckField('input[name=\"letztes_wartungsdatum\"]', expected.letztesWartungsdatum);\ncheckField('textarea[name=\"bemerkung_zustand\"]', expected.bemerkungZustand);\ncy.then(() => {\n  console.log(`Test Case: ${description} - Wiederholung ${i}`);\n  console.log(`Correctly filled fields: ${correctCount}`);\n  console.log(`Incorrectly filled fields: ${incorrectCount}`);\n  cy.log(`Test Case: ${description} - Wiederholung ${i}`);\n  cy.log(`Correctly filled fields: ${correctCount}`);\n  cy.log(`Incorrectly filled fields: ${incorrectCount}`);\n});",
              "err": {},
              "uuid": "390547ae-46bb-4586-a564-62c09748bbe4",
              "parentUUID": "f9a03695-5654-4cb3-9125-9b03a89eebdf",
              "isHook": false,
              "skipped": false
            },
            {
              "title": "Testfall 3 - Wartungsdatum fehlt - Wiederholung 3",
              "fullTitle": "Genauigkeit Texteingabe Testfall 3 - Wartungsdatum fehlt - Wiederholung 3",
              "timedOut": null,
              "duration": 2328,
              "state": "passed",
              "speed": "fast",
              "pass": true,
              "fail": false,
              "pending": false,
              "context": null,
              "code": "// Klicken auf Button zur Texteingabe\ncy.get(\"#buttonInputTextModal0\").click();\n// Text eingeben\ncy.get(\"#message-textinputTextModal0\").type(input, {\n  delay: 0\n});\n// Klicken auf Bestätigungsbutton\ncy.get(\"#btn-confirm-inputTextModal0\").click();\nlet correctCount = 0;\nlet incorrectCount = 0;\nfunction checkField(selector, expectedValue) {\n  cy.get(selector).should(\"have.value\", expectedValue).then($el => {\n    if ($el.val() === expectedValue) {\n      correctCount++;\n    } else {\n      incorrectCount++;\n    }\n  });\n}\ncheckField('select[name=\"hersteller\"]', expected.hersteller);\ncheckField('select[name=\"modell\"]', expected.modell);\ncheckField('input[name=\"seriennummer\"]', expected.seriennummer);\ncheckField('input[name=\"letztes_wartungsdatum\"]', expected.letztesWartungsdatum);\ncheckField('textarea[name=\"bemerkung_zustand\"]', expected.bemerkungZustand);\ncy.then(() => {\n  console.log(`Test Case: ${description} - Wiederholung ${i}`);\n  console.log(`Correctly filled fields: ${correctCount}`);\n  console.log(`Incorrectly filled fields: ${incorrectCount}`);\n  cy.log(`Test Case: ${description} - Wiederholung ${i}`);\n  cy.log(`Correctly filled fields: ${correctCount}`);\n  cy.log(`Incorrectly filled fields: ${incorrectCount}`);\n});",
              "err": {},
              "uuid": "8fa0d1ca-91ad-476e-bffe-4f616ee2d73d",
              "parentUUID": "f9a03695-5654-4cb3-9125-9b03a89eebdf",
              "isHook": false,
              "skipped": false
            },
            {
              "title": "Testfall 3 - Wartungsdatum fehlt - Wiederholung 4",
              "fullTitle": "Genauigkeit Texteingabe Testfall 3 - Wartungsdatum fehlt - Wiederholung 4",
              "timedOut": null,
              "duration": 1784,
              "state": "passed",
              "speed": "fast",
              "pass": true,
              "fail": false,
              "pending": false,
              "context": null,
              "code": "// Klicken auf Button zur Texteingabe\ncy.get(\"#buttonInputTextModal0\").click();\n// Text eingeben\ncy.get(\"#message-textinputTextModal0\").type(input, {\n  delay: 0\n});\n// Klicken auf Bestätigungsbutton\ncy.get(\"#btn-confirm-inputTextModal0\").click();\nlet correctCount = 0;\nlet incorrectCount = 0;\nfunction checkField(selector, expectedValue) {\n  cy.get(selector).should(\"have.value\", expectedValue).then($el => {\n    if ($el.val() === expectedValue) {\n      correctCount++;\n    } else {\n      incorrectCount++;\n    }\n  });\n}\ncheckField('select[name=\"hersteller\"]', expected.hersteller);\ncheckField('select[name=\"modell\"]', expected.modell);\ncheckField('input[name=\"seriennummer\"]', expected.seriennummer);\ncheckField('input[name=\"letztes_wartungsdatum\"]', expected.letztesWartungsdatum);\ncheckField('textarea[name=\"bemerkung_zustand\"]', expected.bemerkungZustand);\ncy.then(() => {\n  console.log(`Test Case: ${description} - Wiederholung ${i}`);\n  console.log(`Correctly filled fields: ${correctCount}`);\n  console.log(`Incorrectly filled fields: ${incorrectCount}`);\n  cy.log(`Test Case: ${description} - Wiederholung ${i}`);\n  cy.log(`Correctly filled fields: ${correctCount}`);\n  cy.log(`Incorrectly filled fields: ${incorrectCount}`);\n});",
              "err": {},
              "uuid": "74f673c5-fc30-4fc7-95f2-f1507f681670",
              "parentUUID": "f9a03695-5654-4cb3-9125-9b03a89eebdf",
              "isHook": false,
              "skipped": false
            },
            {
              "title": "Testfall 3 - Wartungsdatum fehlt - Wiederholung 5",
              "fullTitle": "Genauigkeit Texteingabe Testfall 3 - Wartungsdatum fehlt - Wiederholung 5",
              "timedOut": null,
              "duration": 2133,
              "state": "passed",
              "speed": "fast",
              "pass": true,
              "fail": false,
              "pending": false,
              "context": null,
              "code": "// Klicken auf Button zur Texteingabe\ncy.get(\"#buttonInputTextModal0\").click();\n// Text eingeben\ncy.get(\"#message-textinputTextModal0\").type(input, {\n  delay: 0\n});\n// Klicken auf Bestätigungsbutton\ncy.get(\"#btn-confirm-inputTextModal0\").click();\nlet correctCount = 0;\nlet incorrectCount = 0;\nfunction checkField(selector, expectedValue) {\n  cy.get(selector).should(\"have.value\", expectedValue).then($el => {\n    if ($el.val() === expectedValue) {\n      correctCount++;\n    } else {\n      incorrectCount++;\n    }\n  });\n}\ncheckField('select[name=\"hersteller\"]', expected.hersteller);\ncheckField('select[name=\"modell\"]', expected.modell);\ncheckField('input[name=\"seriennummer\"]', expected.seriennummer);\ncheckField('input[name=\"letztes_wartungsdatum\"]', expected.letztesWartungsdatum);\ncheckField('textarea[name=\"bemerkung_zustand\"]', expected.bemerkungZustand);\ncy.then(() => {\n  console.log(`Test Case: ${description} - Wiederholung ${i}`);\n  console.log(`Correctly filled fields: ${correctCount}`);\n  console.log(`Incorrectly filled fields: ${incorrectCount}`);\n  cy.log(`Test Case: ${description} - Wiederholung ${i}`);\n  cy.log(`Correctly filled fields: ${correctCount}`);\n  cy.log(`Incorrectly filled fields: ${incorrectCount}`);\n});",
              "err": {},
              "uuid": "ee042cd6-1688-40e6-9358-d4bf8cb7b8eb",
              "parentUUID": "f9a03695-5654-4cb3-9125-9b03a89eebdf",
              "isHook": false,
              "skipped": false
            },
            {
              "title": "Testfall 4 - Bemerkung fehlt - Wiederholung 1",
              "fullTitle": "Genauigkeit Texteingabe Testfall 4 - Bemerkung fehlt - Wiederholung 1",
              "timedOut": null,
              "duration": 1829,
              "state": "passed",
              "speed": "fast",
              "pass": true,
              "fail": false,
              "pending": false,
              "context": null,
              "code": "// Klicken auf Button zur Texteingabe\ncy.get(\"#buttonInputTextModal0\").click();\n// Text eingeben\ncy.get(\"#message-textinputTextModal0\").type(input, {\n  delay: 0\n});\n// Klicken auf Bestätigungsbutton\ncy.get(\"#btn-confirm-inputTextModal0\").click();\nlet correctCount = 0;\nlet incorrectCount = 0;\nfunction checkField(selector, expectedValue) {\n  cy.get(selector).should(\"have.value\", expectedValue).then($el => {\n    if ($el.val() === expectedValue) {\n      correctCount++;\n    } else {\n      incorrectCount++;\n    }\n  });\n}\ncheckField('select[name=\"hersteller\"]', expected.hersteller);\ncheckField('select[name=\"modell\"]', expected.modell);\ncheckField('input[name=\"seriennummer\"]', expected.seriennummer);\ncheckField('input[name=\"letztes_wartungsdatum\"]', expected.letztesWartungsdatum);\ncheckField('textarea[name=\"bemerkung_zustand\"]', expected.bemerkungZustand);\ncy.then(() => {\n  console.log(`Test Case: ${description} - Wiederholung ${i}`);\n  console.log(`Correctly filled fields: ${correctCount}`);\n  console.log(`Incorrectly filled fields: ${incorrectCount}`);\n  cy.log(`Test Case: ${description} - Wiederholung ${i}`);\n  cy.log(`Correctly filled fields: ${correctCount}`);\n  cy.log(`Incorrectly filled fields: ${incorrectCount}`);\n});",
              "err": {},
              "uuid": "0381668a-42af-4300-b13d-bd8a37d216cc",
              "parentUUID": "f9a03695-5654-4cb3-9125-9b03a89eebdf",
              "isHook": false,
              "skipped": false
            },
            {
              "title": "Testfall 4 - Bemerkung fehlt - Wiederholung 2",
              "fullTitle": "Genauigkeit Texteingabe Testfall 4 - Bemerkung fehlt - Wiederholung 2",
              "timedOut": null,
              "duration": 2054,
              "state": "passed",
              "speed": "fast",
              "pass": true,
              "fail": false,
              "pending": false,
              "context": null,
              "code": "// Klicken auf Button zur Texteingabe\ncy.get(\"#buttonInputTextModal0\").click();\n// Text eingeben\ncy.get(\"#message-textinputTextModal0\").type(input, {\n  delay: 0\n});\n// Klicken auf Bestätigungsbutton\ncy.get(\"#btn-confirm-inputTextModal0\").click();\nlet correctCount = 0;\nlet incorrectCount = 0;\nfunction checkField(selector, expectedValue) {\n  cy.get(selector).should(\"have.value\", expectedValue).then($el => {\n    if ($el.val() === expectedValue) {\n      correctCount++;\n    } else {\n      incorrectCount++;\n    }\n  });\n}\ncheckField('select[name=\"hersteller\"]', expected.hersteller);\ncheckField('select[name=\"modell\"]', expected.modell);\ncheckField('input[name=\"seriennummer\"]', expected.seriennummer);\ncheckField('input[name=\"letztes_wartungsdatum\"]', expected.letztesWartungsdatum);\ncheckField('textarea[name=\"bemerkung_zustand\"]', expected.bemerkungZustand);\ncy.then(() => {\n  console.log(`Test Case: ${description} - Wiederholung ${i}`);\n  console.log(`Correctly filled fields: ${correctCount}`);\n  console.log(`Incorrectly filled fields: ${incorrectCount}`);\n  cy.log(`Test Case: ${description} - Wiederholung ${i}`);\n  cy.log(`Correctly filled fields: ${correctCount}`);\n  cy.log(`Incorrectly filled fields: ${incorrectCount}`);\n});",
              "err": {},
              "uuid": "f8d43508-2105-466e-83e0-825dde1b5094",
              "parentUUID": "f9a03695-5654-4cb3-9125-9b03a89eebdf",
              "isHook": false,
              "skipped": false
            },
            {
              "title": "Testfall 4 - Bemerkung fehlt - Wiederholung 3",
              "fullTitle": "Genauigkeit Texteingabe Testfall 4 - Bemerkung fehlt - Wiederholung 3",
              "timedOut": null,
              "duration": 1731,
              "state": "passed",
              "speed": "fast",
              "pass": true,
              "fail": false,
              "pending": false,
              "context": null,
              "code": "// Klicken auf Button zur Texteingabe\ncy.get(\"#buttonInputTextModal0\").click();\n// Text eingeben\ncy.get(\"#message-textinputTextModal0\").type(input, {\n  delay: 0\n});\n// Klicken auf Bestätigungsbutton\ncy.get(\"#btn-confirm-inputTextModal0\").click();\nlet correctCount = 0;\nlet incorrectCount = 0;\nfunction checkField(selector, expectedValue) {\n  cy.get(selector).should(\"have.value\", expectedValue).then($el => {\n    if ($el.val() === expectedValue) {\n      correctCount++;\n    } else {\n      incorrectCount++;\n    }\n  });\n}\ncheckField('select[name=\"hersteller\"]', expected.hersteller);\ncheckField('select[name=\"modell\"]', expected.modell);\ncheckField('input[name=\"seriennummer\"]', expected.seriennummer);\ncheckField('input[name=\"letztes_wartungsdatum\"]', expected.letztesWartungsdatum);\ncheckField('textarea[name=\"bemerkung_zustand\"]', expected.bemerkungZustand);\ncy.then(() => {\n  console.log(`Test Case: ${description} - Wiederholung ${i}`);\n  console.log(`Correctly filled fields: ${correctCount}`);\n  console.log(`Incorrectly filled fields: ${incorrectCount}`);\n  cy.log(`Test Case: ${description} - Wiederholung ${i}`);\n  cy.log(`Correctly filled fields: ${correctCount}`);\n  cy.log(`Incorrectly filled fields: ${incorrectCount}`);\n});",
              "err": {},
              "uuid": "6a0997db-fded-453b-93c8-a06c95ef0500",
              "parentUUID": "f9a03695-5654-4cb3-9125-9b03a89eebdf",
              "isHook": false,
              "skipped": false
            },
            {
              "title": "Testfall 4 - Bemerkung fehlt - Wiederholung 4",
              "fullTitle": "Genauigkeit Texteingabe Testfall 4 - Bemerkung fehlt - Wiederholung 4",
              "timedOut": null,
              "duration": 2032,
              "state": "passed",
              "speed": "fast",
              "pass": true,
              "fail": false,
              "pending": false,
              "context": null,
              "code": "// Klicken auf Button zur Texteingabe\ncy.get(\"#buttonInputTextModal0\").click();\n// Text eingeben\ncy.get(\"#message-textinputTextModal0\").type(input, {\n  delay: 0\n});\n// Klicken auf Bestätigungsbutton\ncy.get(\"#btn-confirm-inputTextModal0\").click();\nlet correctCount = 0;\nlet incorrectCount = 0;\nfunction checkField(selector, expectedValue) {\n  cy.get(selector).should(\"have.value\", expectedValue).then($el => {\n    if ($el.val() === expectedValue) {\n      correctCount++;\n    } else {\n      incorrectCount++;\n    }\n  });\n}\ncheckField('select[name=\"hersteller\"]', expected.hersteller);\ncheckField('select[name=\"modell\"]', expected.modell);\ncheckField('input[name=\"seriennummer\"]', expected.seriennummer);\ncheckField('input[name=\"letztes_wartungsdatum\"]', expected.letztesWartungsdatum);\ncheckField('textarea[name=\"bemerkung_zustand\"]', expected.bemerkungZustand);\ncy.then(() => {\n  console.log(`Test Case: ${description} - Wiederholung ${i}`);\n  console.log(`Correctly filled fields: ${correctCount}`);\n  console.log(`Incorrectly filled fields: ${incorrectCount}`);\n  cy.log(`Test Case: ${description} - Wiederholung ${i}`);\n  cy.log(`Correctly filled fields: ${correctCount}`);\n  cy.log(`Incorrectly filled fields: ${incorrectCount}`);\n});",
              "err": {},
              "uuid": "4aafe872-d595-4665-b202-c9ce8c62db4f",
              "parentUUID": "f9a03695-5654-4cb3-9125-9b03a89eebdf",
              "isHook": false,
              "skipped": false
            },
            {
              "title": "Testfall 4 - Bemerkung fehlt - Wiederholung 5",
              "fullTitle": "Genauigkeit Texteingabe Testfall 4 - Bemerkung fehlt - Wiederholung 5",
              "timedOut": null,
              "duration": 1962,
              "state": "passed",
              "speed": "fast",
              "pass": true,
              "fail": false,
              "pending": false,
              "context": null,
              "code": "// Klicken auf Button zur Texteingabe\ncy.get(\"#buttonInputTextModal0\").click();\n// Text eingeben\ncy.get(\"#message-textinputTextModal0\").type(input, {\n  delay: 0\n});\n// Klicken auf Bestätigungsbutton\ncy.get(\"#btn-confirm-inputTextModal0\").click();\nlet correctCount = 0;\nlet incorrectCount = 0;\nfunction checkField(selector, expectedValue) {\n  cy.get(selector).should(\"have.value\", expectedValue).then($el => {\n    if ($el.val() === expectedValue) {\n      correctCount++;\n    } else {\n      incorrectCount++;\n    }\n  });\n}\ncheckField('select[name=\"hersteller\"]', expected.hersteller);\ncheckField('select[name=\"modell\"]', expected.modell);\ncheckField('input[name=\"seriennummer\"]', expected.seriennummer);\ncheckField('input[name=\"letztes_wartungsdatum\"]', expected.letztesWartungsdatum);\ncheckField('textarea[name=\"bemerkung_zustand\"]', expected.bemerkungZustand);\ncy.then(() => {\n  console.log(`Test Case: ${description} - Wiederholung ${i}`);\n  console.log(`Correctly filled fields: ${correctCount}`);\n  console.log(`Incorrectly filled fields: ${incorrectCount}`);\n  cy.log(`Test Case: ${description} - Wiederholung ${i}`);\n  cy.log(`Correctly filled fields: ${correctCount}`);\n  cy.log(`Incorrectly filled fields: ${incorrectCount}`);\n});",
              "err": {},
              "uuid": "c070c90f-2c50-4a65-9c03-66fd6746a1a4",
              "parentUUID": "f9a03695-5654-4cb3-9125-9b03a89eebdf",
              "isHook": false,
              "skipped": false
            },
            {
              "title": "Testfall 5 - Hersteller und Modell fehlen - Wiederholung 1",
              "fullTitle": "Genauigkeit Texteingabe Testfall 5 - Hersteller und Modell fehlen - Wiederholung 1",
              "timedOut": null,
              "duration": 2236,
              "state": "passed",
              "speed": "fast",
              "pass": true,
              "fail": false,
              "pending": false,
              "context": null,
              "code": "// Klicken auf Button zur Texteingabe\ncy.get(\"#buttonInputTextModal0\").click();\n// Text eingeben\ncy.get(\"#message-textinputTextModal0\").type(input, {\n  delay: 0\n});\n// Klicken auf Bestätigungsbutton\ncy.get(\"#btn-confirm-inputTextModal0\").click();\nlet correctCount = 0;\nlet incorrectCount = 0;\nfunction checkField(selector, expectedValue) {\n  cy.get(selector).should(\"have.value\", expectedValue).then($el => {\n    if ($el.val() === expectedValue) {\n      correctCount++;\n    } else {\n      incorrectCount++;\n    }\n  });\n}\ncheckField('select[name=\"hersteller\"]', expected.hersteller);\ncheckField('select[name=\"modell\"]', expected.modell);\ncheckField('input[name=\"seriennummer\"]', expected.seriennummer);\ncheckField('input[name=\"letztes_wartungsdatum\"]', expected.letztesWartungsdatum);\ncheckField('textarea[name=\"bemerkung_zustand\"]', expected.bemerkungZustand);\ncy.then(() => {\n  console.log(`Test Case: ${description} - Wiederholung ${i}`);\n  console.log(`Correctly filled fields: ${correctCount}`);\n  console.log(`Incorrectly filled fields: ${incorrectCount}`);\n  cy.log(`Test Case: ${description} - Wiederholung ${i}`);\n  cy.log(`Correctly filled fields: ${correctCount}`);\n  cy.log(`Incorrectly filled fields: ${incorrectCount}`);\n});",
              "err": {},
              "uuid": "45b28ef6-63d7-4c2a-ae7b-c51514b55e43",
              "parentUUID": "f9a03695-5654-4cb3-9125-9b03a89eebdf",
              "isHook": false,
              "skipped": false
            },
            {
              "title": "Testfall 5 - Hersteller und Modell fehlen - Wiederholung 2",
              "fullTitle": "Genauigkeit Texteingabe Testfall 5 - Hersteller und Modell fehlen - Wiederholung 2",
              "timedOut": null,
              "duration": 2165,
              "state": "passed",
              "speed": "fast",
              "pass": true,
              "fail": false,
              "pending": false,
              "context": null,
              "code": "// Klicken auf Button zur Texteingabe\ncy.get(\"#buttonInputTextModal0\").click();\n// Text eingeben\ncy.get(\"#message-textinputTextModal0\").type(input, {\n  delay: 0\n});\n// Klicken auf Bestätigungsbutton\ncy.get(\"#btn-confirm-inputTextModal0\").click();\nlet correctCount = 0;\nlet incorrectCount = 0;\nfunction checkField(selector, expectedValue) {\n  cy.get(selector).should(\"have.value\", expectedValue).then($el => {\n    if ($el.val() === expectedValue) {\n      correctCount++;\n    } else {\n      incorrectCount++;\n    }\n  });\n}\ncheckField('select[name=\"hersteller\"]', expected.hersteller);\ncheckField('select[name=\"modell\"]', expected.modell);\ncheckField('input[name=\"seriennummer\"]', expected.seriennummer);\ncheckField('input[name=\"letztes_wartungsdatum\"]', expected.letztesWartungsdatum);\ncheckField('textarea[name=\"bemerkung_zustand\"]', expected.bemerkungZustand);\ncy.then(() => {\n  console.log(`Test Case: ${description} - Wiederholung ${i}`);\n  console.log(`Correctly filled fields: ${correctCount}`);\n  console.log(`Incorrectly filled fields: ${incorrectCount}`);\n  cy.log(`Test Case: ${description} - Wiederholung ${i}`);\n  cy.log(`Correctly filled fields: ${correctCount}`);\n  cy.log(`Incorrectly filled fields: ${incorrectCount}`);\n});",
              "err": {},
              "uuid": "41273579-3dc3-4678-a9e1-f46c4be0ede2",
              "parentUUID": "f9a03695-5654-4cb3-9125-9b03a89eebdf",
              "isHook": false,
              "skipped": false
            },
            {
              "title": "Testfall 5 - Hersteller und Modell fehlen - Wiederholung 3",
              "fullTitle": "Genauigkeit Texteingabe Testfall 5 - Hersteller und Modell fehlen - Wiederholung 3",
              "timedOut": null,
              "duration": 2209,
              "state": "passed",
              "speed": "fast",
              "pass": true,
              "fail": false,
              "pending": false,
              "context": null,
              "code": "// Klicken auf Button zur Texteingabe\ncy.get(\"#buttonInputTextModal0\").click();\n// Text eingeben\ncy.get(\"#message-textinputTextModal0\").type(input, {\n  delay: 0\n});\n// Klicken auf Bestätigungsbutton\ncy.get(\"#btn-confirm-inputTextModal0\").click();\nlet correctCount = 0;\nlet incorrectCount = 0;\nfunction checkField(selector, expectedValue) {\n  cy.get(selector).should(\"have.value\", expectedValue).then($el => {\n    if ($el.val() === expectedValue) {\n      correctCount++;\n    } else {\n      incorrectCount++;\n    }\n  });\n}\ncheckField('select[name=\"hersteller\"]', expected.hersteller);\ncheckField('select[name=\"modell\"]', expected.modell);\ncheckField('input[name=\"seriennummer\"]', expected.seriennummer);\ncheckField('input[name=\"letztes_wartungsdatum\"]', expected.letztesWartungsdatum);\ncheckField('textarea[name=\"bemerkung_zustand\"]', expected.bemerkungZustand);\ncy.then(() => {\n  console.log(`Test Case: ${description} - Wiederholung ${i}`);\n  console.log(`Correctly filled fields: ${correctCount}`);\n  console.log(`Incorrectly filled fields: ${incorrectCount}`);\n  cy.log(`Test Case: ${description} - Wiederholung ${i}`);\n  cy.log(`Correctly filled fields: ${correctCount}`);\n  cy.log(`Incorrectly filled fields: ${incorrectCount}`);\n});",
              "err": {},
              "uuid": "f9d73128-0d9e-484d-98cd-dc371934ae61",
              "parentUUID": "f9a03695-5654-4cb3-9125-9b03a89eebdf",
              "isHook": false,
              "skipped": false
            },
            {
              "title": "Testfall 5 - Hersteller und Modell fehlen - Wiederholung 4",
              "fullTitle": "Genauigkeit Texteingabe Testfall 5 - Hersteller und Modell fehlen - Wiederholung 4",
              "timedOut": null,
              "duration": 2072,
              "state": "passed",
              "speed": "fast",
              "pass": true,
              "fail": false,
              "pending": false,
              "context": null,
              "code": "// Klicken auf Button zur Texteingabe\ncy.get(\"#buttonInputTextModal0\").click();\n// Text eingeben\ncy.get(\"#message-textinputTextModal0\").type(input, {\n  delay: 0\n});\n// Klicken auf Bestätigungsbutton\ncy.get(\"#btn-confirm-inputTextModal0\").click();\nlet correctCount = 0;\nlet incorrectCount = 0;\nfunction checkField(selector, expectedValue) {\n  cy.get(selector).should(\"have.value\", expectedValue).then($el => {\n    if ($el.val() === expectedValue) {\n      correctCount++;\n    } else {\n      incorrectCount++;\n    }\n  });\n}\ncheckField('select[name=\"hersteller\"]', expected.hersteller);\ncheckField('select[name=\"modell\"]', expected.modell);\ncheckField('input[name=\"seriennummer\"]', expected.seriennummer);\ncheckField('input[name=\"letztes_wartungsdatum\"]', expected.letztesWartungsdatum);\ncheckField('textarea[name=\"bemerkung_zustand\"]', expected.bemerkungZustand);\ncy.then(() => {\n  console.log(`Test Case: ${description} - Wiederholung ${i}`);\n  console.log(`Correctly filled fields: ${correctCount}`);\n  console.log(`Incorrectly filled fields: ${incorrectCount}`);\n  cy.log(`Test Case: ${description} - Wiederholung ${i}`);\n  cy.log(`Correctly filled fields: ${correctCount}`);\n  cy.log(`Incorrectly filled fields: ${incorrectCount}`);\n});",
              "err": {},
              "uuid": "63d5bbaa-d0da-4d51-831f-01915d1ed26b",
              "parentUUID": "f9a03695-5654-4cb3-9125-9b03a89eebdf",
              "isHook": false,
              "skipped": false
            },
            {
              "title": "Testfall 5 - Hersteller und Modell fehlen - Wiederholung 5",
              "fullTitle": "Genauigkeit Texteingabe Testfall 5 - Hersteller und Modell fehlen - Wiederholung 5",
              "timedOut": null,
              "duration": 1796,
              "state": "passed",
              "speed": "fast",
              "pass": true,
              "fail": false,
              "pending": false,
              "context": null,
              "code": "// Klicken auf Button zur Texteingabe\ncy.get(\"#buttonInputTextModal0\").click();\n// Text eingeben\ncy.get(\"#message-textinputTextModal0\").type(input, {\n  delay: 0\n});\n// Klicken auf Bestätigungsbutton\ncy.get(\"#btn-confirm-inputTextModal0\").click();\nlet correctCount = 0;\nlet incorrectCount = 0;\nfunction checkField(selector, expectedValue) {\n  cy.get(selector).should(\"have.value\", expectedValue).then($el => {\n    if ($el.val() === expectedValue) {\n      correctCount++;\n    } else {\n      incorrectCount++;\n    }\n  });\n}\ncheckField('select[name=\"hersteller\"]', expected.hersteller);\ncheckField('select[name=\"modell\"]', expected.modell);\ncheckField('input[name=\"seriennummer\"]', expected.seriennummer);\ncheckField('input[name=\"letztes_wartungsdatum\"]', expected.letztesWartungsdatum);\ncheckField('textarea[name=\"bemerkung_zustand\"]', expected.bemerkungZustand);\ncy.then(() => {\n  console.log(`Test Case: ${description} - Wiederholung ${i}`);\n  console.log(`Correctly filled fields: ${correctCount}`);\n  console.log(`Incorrectly filled fields: ${incorrectCount}`);\n  cy.log(`Test Case: ${description} - Wiederholung ${i}`);\n  cy.log(`Correctly filled fields: ${correctCount}`);\n  cy.log(`Incorrectly filled fields: ${incorrectCount}`);\n});",
              "err": {},
              "uuid": "baaa536a-1350-4052-816e-610c094afa9a",
              "parentUUID": "f9a03695-5654-4cb3-9125-9b03a89eebdf",
              "isHook": false,
              "skipped": false
            },
            {
              "title": "Testfall 6 - Nur Bemerkung angegeben - Wiederholung 1",
              "fullTitle": "Genauigkeit Texteingabe Testfall 6 - Nur Bemerkung angegeben - Wiederholung 1",
              "timedOut": null,
              "duration": 1924,
              "state": "passed",
              "speed": "fast",
              "pass": true,
              "fail": false,
              "pending": false,
              "context": null,
              "code": "// Klicken auf Button zur Texteingabe\ncy.get(\"#buttonInputTextModal0\").click();\n// Text eingeben\ncy.get(\"#message-textinputTextModal0\").type(input, {\n  delay: 0\n});\n// Klicken auf Bestätigungsbutton\ncy.get(\"#btn-confirm-inputTextModal0\").click();\nlet correctCount = 0;\nlet incorrectCount = 0;\nfunction checkField(selector, expectedValue) {\n  cy.get(selector).should(\"have.value\", expectedValue).then($el => {\n    if ($el.val() === expectedValue) {\n      correctCount++;\n    } else {\n      incorrectCount++;\n    }\n  });\n}\ncheckField('select[name=\"hersteller\"]', expected.hersteller);\ncheckField('select[name=\"modell\"]', expected.modell);\ncheckField('input[name=\"seriennummer\"]', expected.seriennummer);\ncheckField('input[name=\"letztes_wartungsdatum\"]', expected.letztesWartungsdatum);\ncheckField('textarea[name=\"bemerkung_zustand\"]', expected.bemerkungZustand);\ncy.then(() => {\n  console.log(`Test Case: ${description} - Wiederholung ${i}`);\n  console.log(`Correctly filled fields: ${correctCount}`);\n  console.log(`Incorrectly filled fields: ${incorrectCount}`);\n  cy.log(`Test Case: ${description} - Wiederholung ${i}`);\n  cy.log(`Correctly filled fields: ${correctCount}`);\n  cy.log(`Incorrectly filled fields: ${incorrectCount}`);\n});",
              "err": {},
              "uuid": "1d77be88-c2c6-434f-a960-bb094626214a",
              "parentUUID": "f9a03695-5654-4cb3-9125-9b03a89eebdf",
              "isHook": false,
              "skipped": false
            },
            {
              "title": "Testfall 6 - Nur Bemerkung angegeben - Wiederholung 2",
              "fullTitle": "Genauigkeit Texteingabe Testfall 6 - Nur Bemerkung angegeben - Wiederholung 2",
              "timedOut": null,
              "duration": 1768,
              "state": "passed",
              "speed": "fast",
              "pass": true,
              "fail": false,
              "pending": false,
              "context": null,
              "code": "// Klicken auf Button zur Texteingabe\ncy.get(\"#buttonInputTextModal0\").click();\n// Text eingeben\ncy.get(\"#message-textinputTextModal0\").type(input, {\n  delay: 0\n});\n// Klicken auf Bestätigungsbutton\ncy.get(\"#btn-confirm-inputTextModal0\").click();\nlet correctCount = 0;\nlet incorrectCount = 0;\nfunction checkField(selector, expectedValue) {\n  cy.get(selector).should(\"have.value\", expectedValue).then($el => {\n    if ($el.val() === expectedValue) {\n      correctCount++;\n    } else {\n      incorrectCount++;\n    }\n  });\n}\ncheckField('select[name=\"hersteller\"]', expected.hersteller);\ncheckField('select[name=\"modell\"]', expected.modell);\ncheckField('input[name=\"seriennummer\"]', expected.seriennummer);\ncheckField('input[name=\"letztes_wartungsdatum\"]', expected.letztesWartungsdatum);\ncheckField('textarea[name=\"bemerkung_zustand\"]', expected.bemerkungZustand);\ncy.then(() => {\n  console.log(`Test Case: ${description} - Wiederholung ${i}`);\n  console.log(`Correctly filled fields: ${correctCount}`);\n  console.log(`Incorrectly filled fields: ${incorrectCount}`);\n  cy.log(`Test Case: ${description} - Wiederholung ${i}`);\n  cy.log(`Correctly filled fields: ${correctCount}`);\n  cy.log(`Incorrectly filled fields: ${incorrectCount}`);\n});",
              "err": {},
              "uuid": "0939352b-239e-46d5-ba3a-f4cecd986ba9",
              "parentUUID": "f9a03695-5654-4cb3-9125-9b03a89eebdf",
              "isHook": false,
              "skipped": false
            },
            {
              "title": "Testfall 6 - Nur Bemerkung angegeben - Wiederholung 3",
              "fullTitle": "Genauigkeit Texteingabe Testfall 6 - Nur Bemerkung angegeben - Wiederholung 3",
              "timedOut": null,
              "duration": 1802,
              "state": "passed",
              "speed": "fast",
              "pass": true,
              "fail": false,
              "pending": false,
              "context": null,
              "code": "// Klicken auf Button zur Texteingabe\ncy.get(\"#buttonInputTextModal0\").click();\n// Text eingeben\ncy.get(\"#message-textinputTextModal0\").type(input, {\n  delay: 0\n});\n// Klicken auf Bestätigungsbutton\ncy.get(\"#btn-confirm-inputTextModal0\").click();\nlet correctCount = 0;\nlet incorrectCount = 0;\nfunction checkField(selector, expectedValue) {\n  cy.get(selector).should(\"have.value\", expectedValue).then($el => {\n    if ($el.val() === expectedValue) {\n      correctCount++;\n    } else {\n      incorrectCount++;\n    }\n  });\n}\ncheckField('select[name=\"hersteller\"]', expected.hersteller);\ncheckField('select[name=\"modell\"]', expected.modell);\ncheckField('input[name=\"seriennummer\"]', expected.seriennummer);\ncheckField('input[name=\"letztes_wartungsdatum\"]', expected.letztesWartungsdatum);\ncheckField('textarea[name=\"bemerkung_zustand\"]', expected.bemerkungZustand);\ncy.then(() => {\n  console.log(`Test Case: ${description} - Wiederholung ${i}`);\n  console.log(`Correctly filled fields: ${correctCount}`);\n  console.log(`Incorrectly filled fields: ${incorrectCount}`);\n  cy.log(`Test Case: ${description} - Wiederholung ${i}`);\n  cy.log(`Correctly filled fields: ${correctCount}`);\n  cy.log(`Incorrectly filled fields: ${incorrectCount}`);\n});",
              "err": {},
              "uuid": "bee109b7-c5d5-4d87-9335-cedb22b35c63",
              "parentUUID": "f9a03695-5654-4cb3-9125-9b03a89eebdf",
              "isHook": false,
              "skipped": false
            },
            {
              "title": "Testfall 6 - Nur Bemerkung angegeben - Wiederholung 4",
              "fullTitle": "Genauigkeit Texteingabe Testfall 6 - Nur Bemerkung angegeben - Wiederholung 4",
              "timedOut": null,
              "duration": 2042,
              "state": "passed",
              "speed": "fast",
              "pass": true,
              "fail": false,
              "pending": false,
              "context": null,
              "code": "// Klicken auf Button zur Texteingabe\ncy.get(\"#buttonInputTextModal0\").click();\n// Text eingeben\ncy.get(\"#message-textinputTextModal0\").type(input, {\n  delay: 0\n});\n// Klicken auf Bestätigungsbutton\ncy.get(\"#btn-confirm-inputTextModal0\").click();\nlet correctCount = 0;\nlet incorrectCount = 0;\nfunction checkField(selector, expectedValue) {\n  cy.get(selector).should(\"have.value\", expectedValue).then($el => {\n    if ($el.val() === expectedValue) {\n      correctCount++;\n    } else {\n      incorrectCount++;\n    }\n  });\n}\ncheckField('select[name=\"hersteller\"]', expected.hersteller);\ncheckField('select[name=\"modell\"]', expected.modell);\ncheckField('input[name=\"seriennummer\"]', expected.seriennummer);\ncheckField('input[name=\"letztes_wartungsdatum\"]', expected.letztesWartungsdatum);\ncheckField('textarea[name=\"bemerkung_zustand\"]', expected.bemerkungZustand);\ncy.then(() => {\n  console.log(`Test Case: ${description} - Wiederholung ${i}`);\n  console.log(`Correctly filled fields: ${correctCount}`);\n  console.log(`Incorrectly filled fields: ${incorrectCount}`);\n  cy.log(`Test Case: ${description} - Wiederholung ${i}`);\n  cy.log(`Correctly filled fields: ${correctCount}`);\n  cy.log(`Incorrectly filled fields: ${incorrectCount}`);\n});",
              "err": {},
              "uuid": "150349c4-14a4-4144-aa2d-a4e1538bcffc",
              "parentUUID": "f9a03695-5654-4cb3-9125-9b03a89eebdf",
              "isHook": false,
              "skipped": false
            },
            {
              "title": "Testfall 6 - Nur Bemerkung angegeben - Wiederholung 5",
              "fullTitle": "Genauigkeit Texteingabe Testfall 6 - Nur Bemerkung angegeben - Wiederholung 5",
              "timedOut": null,
              "duration": 2080,
              "state": "passed",
              "speed": "fast",
              "pass": true,
              "fail": false,
              "pending": false,
              "context": null,
              "code": "// Klicken auf Button zur Texteingabe\ncy.get(\"#buttonInputTextModal0\").click();\n// Text eingeben\ncy.get(\"#message-textinputTextModal0\").type(input, {\n  delay: 0\n});\n// Klicken auf Bestätigungsbutton\ncy.get(\"#btn-confirm-inputTextModal0\").click();\nlet correctCount = 0;\nlet incorrectCount = 0;\nfunction checkField(selector, expectedValue) {\n  cy.get(selector).should(\"have.value\", expectedValue).then($el => {\n    if ($el.val() === expectedValue) {\n      correctCount++;\n    } else {\n      incorrectCount++;\n    }\n  });\n}\ncheckField('select[name=\"hersteller\"]', expected.hersteller);\ncheckField('select[name=\"modell\"]', expected.modell);\ncheckField('input[name=\"seriennummer\"]', expected.seriennummer);\ncheckField('input[name=\"letztes_wartungsdatum\"]', expected.letztesWartungsdatum);\ncheckField('textarea[name=\"bemerkung_zustand\"]', expected.bemerkungZustand);\ncy.then(() => {\n  console.log(`Test Case: ${description} - Wiederholung ${i}`);\n  console.log(`Correctly filled fields: ${correctCount}`);\n  console.log(`Incorrectly filled fields: ${incorrectCount}`);\n  cy.log(`Test Case: ${description} - Wiederholung ${i}`);\n  cy.log(`Correctly filled fields: ${correctCount}`);\n  cy.log(`Incorrectly filled fields: ${incorrectCount}`);\n});",
              "err": {},
              "uuid": "3bf5d22b-2d27-4fea-b219-77d65d0adb06",
              "parentUUID": "f9a03695-5654-4cb3-9125-9b03a89eebdf",
              "isHook": false,
              "skipped": false
            },
            {
              "title": "Testfall 7 - Nur Seriennummer angegeben - Wiederholung 1",
              "fullTitle": "Genauigkeit Texteingabe Testfall 7 - Nur Seriennummer angegeben - Wiederholung 1",
              "timedOut": null,
              "duration": 1836,
              "state": "passed",
              "speed": "fast",
              "pass": true,
              "fail": false,
              "pending": false,
              "context": null,
              "code": "// Klicken auf Button zur Texteingabe\ncy.get(\"#buttonInputTextModal0\").click();\n// Text eingeben\ncy.get(\"#message-textinputTextModal0\").type(input, {\n  delay: 0\n});\n// Klicken auf Bestätigungsbutton\ncy.get(\"#btn-confirm-inputTextModal0\").click();\nlet correctCount = 0;\nlet incorrectCount = 0;\nfunction checkField(selector, expectedValue) {\n  cy.get(selector).should(\"have.value\", expectedValue).then($el => {\n    if ($el.val() === expectedValue) {\n      correctCount++;\n    } else {\n      incorrectCount++;\n    }\n  });\n}\ncheckField('select[name=\"hersteller\"]', expected.hersteller);\ncheckField('select[name=\"modell\"]', expected.modell);\ncheckField('input[name=\"seriennummer\"]', expected.seriennummer);\ncheckField('input[name=\"letztes_wartungsdatum\"]', expected.letztesWartungsdatum);\ncheckField('textarea[name=\"bemerkung_zustand\"]', expected.bemerkungZustand);\ncy.then(() => {\n  console.log(`Test Case: ${description} - Wiederholung ${i}`);\n  console.log(`Correctly filled fields: ${correctCount}`);\n  console.log(`Incorrectly filled fields: ${incorrectCount}`);\n  cy.log(`Test Case: ${description} - Wiederholung ${i}`);\n  cy.log(`Correctly filled fields: ${correctCount}`);\n  cy.log(`Incorrectly filled fields: ${incorrectCount}`);\n});",
              "err": {},
              "uuid": "6f2abc3f-e02d-46e0-a9fb-17da4c2223fe",
              "parentUUID": "f9a03695-5654-4cb3-9125-9b03a89eebdf",
              "isHook": false,
              "skipped": false
            },
            {
              "title": "Testfall 7 - Nur Seriennummer angegeben - Wiederholung 2",
              "fullTitle": "Genauigkeit Texteingabe Testfall 7 - Nur Seriennummer angegeben - Wiederholung 2",
              "timedOut": null,
              "duration": 1662,
              "state": "passed",
              "speed": "fast",
              "pass": true,
              "fail": false,
              "pending": false,
              "context": null,
              "code": "// Klicken auf Button zur Texteingabe\ncy.get(\"#buttonInputTextModal0\").click();\n// Text eingeben\ncy.get(\"#message-textinputTextModal0\").type(input, {\n  delay: 0\n});\n// Klicken auf Bestätigungsbutton\ncy.get(\"#btn-confirm-inputTextModal0\").click();\nlet correctCount = 0;\nlet incorrectCount = 0;\nfunction checkField(selector, expectedValue) {\n  cy.get(selector).should(\"have.value\", expectedValue).then($el => {\n    if ($el.val() === expectedValue) {\n      correctCount++;\n    } else {\n      incorrectCount++;\n    }\n  });\n}\ncheckField('select[name=\"hersteller\"]', expected.hersteller);\ncheckField('select[name=\"modell\"]', expected.modell);\ncheckField('input[name=\"seriennummer\"]', expected.seriennummer);\ncheckField('input[name=\"letztes_wartungsdatum\"]', expected.letztesWartungsdatum);\ncheckField('textarea[name=\"bemerkung_zustand\"]', expected.bemerkungZustand);\ncy.then(() => {\n  console.log(`Test Case: ${description} - Wiederholung ${i}`);\n  console.log(`Correctly filled fields: ${correctCount}`);\n  console.log(`Incorrectly filled fields: ${incorrectCount}`);\n  cy.log(`Test Case: ${description} - Wiederholung ${i}`);\n  cy.log(`Correctly filled fields: ${correctCount}`);\n  cy.log(`Incorrectly filled fields: ${incorrectCount}`);\n});",
              "err": {},
              "uuid": "e2594c8e-b08f-490e-aa57-063453a4c2b5",
              "parentUUID": "f9a03695-5654-4cb3-9125-9b03a89eebdf",
              "isHook": false,
              "skipped": false
            },
            {
              "title": "Testfall 7 - Nur Seriennummer angegeben - Wiederholung 3",
              "fullTitle": "Genauigkeit Texteingabe Testfall 7 - Nur Seriennummer angegeben - Wiederholung 3",
              "timedOut": null,
              "duration": 1846,
              "state": "passed",
              "speed": "fast",
              "pass": true,
              "fail": false,
              "pending": false,
              "context": null,
              "code": "// Klicken auf Button zur Texteingabe\ncy.get(\"#buttonInputTextModal0\").click();\n// Text eingeben\ncy.get(\"#message-textinputTextModal0\").type(input, {\n  delay: 0\n});\n// Klicken auf Bestätigungsbutton\ncy.get(\"#btn-confirm-inputTextModal0\").click();\nlet correctCount = 0;\nlet incorrectCount = 0;\nfunction checkField(selector, expectedValue) {\n  cy.get(selector).should(\"have.value\", expectedValue).then($el => {\n    if ($el.val() === expectedValue) {\n      correctCount++;\n    } else {\n      incorrectCount++;\n    }\n  });\n}\ncheckField('select[name=\"hersteller\"]', expected.hersteller);\ncheckField('select[name=\"modell\"]', expected.modell);\ncheckField('input[name=\"seriennummer\"]', expected.seriennummer);\ncheckField('input[name=\"letztes_wartungsdatum\"]', expected.letztesWartungsdatum);\ncheckField('textarea[name=\"bemerkung_zustand\"]', expected.bemerkungZustand);\ncy.then(() => {\n  console.log(`Test Case: ${description} - Wiederholung ${i}`);\n  console.log(`Correctly filled fields: ${correctCount}`);\n  console.log(`Incorrectly filled fields: ${incorrectCount}`);\n  cy.log(`Test Case: ${description} - Wiederholung ${i}`);\n  cy.log(`Correctly filled fields: ${correctCount}`);\n  cy.log(`Incorrectly filled fields: ${incorrectCount}`);\n});",
              "err": {},
              "uuid": "a1e0c59f-23ed-45a5-a62e-61027be7b28a",
              "parentUUID": "f9a03695-5654-4cb3-9125-9b03a89eebdf",
              "isHook": false,
              "skipped": false
            },
            {
              "title": "Testfall 7 - Nur Seriennummer angegeben - Wiederholung 4",
              "fullTitle": "Genauigkeit Texteingabe Testfall 7 - Nur Seriennummer angegeben - Wiederholung 4",
              "timedOut": null,
              "duration": 1846,
              "state": "passed",
              "speed": "fast",
              "pass": true,
              "fail": false,
              "pending": false,
              "context": null,
              "code": "// Klicken auf Button zur Texteingabe\ncy.get(\"#buttonInputTextModal0\").click();\n// Text eingeben\ncy.get(\"#message-textinputTextModal0\").type(input, {\n  delay: 0\n});\n// Klicken auf Bestätigungsbutton\ncy.get(\"#btn-confirm-inputTextModal0\").click();\nlet correctCount = 0;\nlet incorrectCount = 0;\nfunction checkField(selector, expectedValue) {\n  cy.get(selector).should(\"have.value\", expectedValue).then($el => {\n    if ($el.val() === expectedValue) {\n      correctCount++;\n    } else {\n      incorrectCount++;\n    }\n  });\n}\ncheckField('select[name=\"hersteller\"]', expected.hersteller);\ncheckField('select[name=\"modell\"]', expected.modell);\ncheckField('input[name=\"seriennummer\"]', expected.seriennummer);\ncheckField('input[name=\"letztes_wartungsdatum\"]', expected.letztesWartungsdatum);\ncheckField('textarea[name=\"bemerkung_zustand\"]', expected.bemerkungZustand);\ncy.then(() => {\n  console.log(`Test Case: ${description} - Wiederholung ${i}`);\n  console.log(`Correctly filled fields: ${correctCount}`);\n  console.log(`Incorrectly filled fields: ${incorrectCount}`);\n  cy.log(`Test Case: ${description} - Wiederholung ${i}`);\n  cy.log(`Correctly filled fields: ${correctCount}`);\n  cy.log(`Incorrectly filled fields: ${incorrectCount}`);\n});",
              "err": {},
              "uuid": "f1e31336-f9fe-49c6-b4a2-90b3d597fd0c",
              "parentUUID": "f9a03695-5654-4cb3-9125-9b03a89eebdf",
              "isHook": false,
              "skipped": false
            },
            {
              "title": "Testfall 7 - Nur Seriennummer angegeben - Wiederholung 5",
              "fullTitle": "Genauigkeit Texteingabe Testfall 7 - Nur Seriennummer angegeben - Wiederholung 5",
              "timedOut": null,
              "duration": 1725,
              "state": "passed",
              "speed": "fast",
              "pass": true,
              "fail": false,
              "pending": false,
              "context": null,
              "code": "// Klicken auf Button zur Texteingabe\ncy.get(\"#buttonInputTextModal0\").click();\n// Text eingeben\ncy.get(\"#message-textinputTextModal0\").type(input, {\n  delay: 0\n});\n// Klicken auf Bestätigungsbutton\ncy.get(\"#btn-confirm-inputTextModal0\").click();\nlet correctCount = 0;\nlet incorrectCount = 0;\nfunction checkField(selector, expectedValue) {\n  cy.get(selector).should(\"have.value\", expectedValue).then($el => {\n    if ($el.val() === expectedValue) {\n      correctCount++;\n    } else {\n      incorrectCount++;\n    }\n  });\n}\ncheckField('select[name=\"hersteller\"]', expected.hersteller);\ncheckField('select[name=\"modell\"]', expected.modell);\ncheckField('input[name=\"seriennummer\"]', expected.seriennummer);\ncheckField('input[name=\"letztes_wartungsdatum\"]', expected.letztesWartungsdatum);\ncheckField('textarea[name=\"bemerkung_zustand\"]', expected.bemerkungZustand);\ncy.then(() => {\n  console.log(`Test Case: ${description} - Wiederholung ${i}`);\n  console.log(`Correctly filled fields: ${correctCount}`);\n  console.log(`Incorrectly filled fields: ${incorrectCount}`);\n  cy.log(`Test Case: ${description} - Wiederholung ${i}`);\n  cy.log(`Correctly filled fields: ${correctCount}`);\n  cy.log(`Incorrectly filled fields: ${incorrectCount}`);\n});",
              "err": {},
              "uuid": "d1da56e3-4f61-4196-8d91-2116ab9b1812",
              "parentUUID": "f9a03695-5654-4cb3-9125-9b03a89eebdf",
              "isHook": false,
              "skipped": false
            },
            {
              "title": "Testfall 8 - Unsinnige Eingabe - Wiederholung 1",
              "fullTitle": "Genauigkeit Texteingabe Testfall 8 - Unsinnige Eingabe - Wiederholung 1",
              "timedOut": null,
              "duration": 554,
              "state": "passed",
              "speed": "fast",
              "pass": true,
              "fail": false,
              "pending": false,
              "context": null,
              "code": "// Klicken auf Button zur Texteingabe\ncy.get(\"#buttonInputTextModal0\").click();\n// Text eingeben\ncy.get(\"#message-textinputTextModal0\").type(input, {\n  delay: 0\n});\n// Klicken auf Bestätigungsbutton\ncy.get(\"#btn-confirm-inputTextModal0\").click();\nlet correctCount = 0;\nlet incorrectCount = 0;\nfunction checkField(selector, expectedValue) {\n  cy.get(selector).should(\"have.value\", expectedValue).then($el => {\n    if ($el.val() === expectedValue) {\n      correctCount++;\n    } else {\n      incorrectCount++;\n    }\n  });\n}\ncheckField('select[name=\"hersteller\"]', expected.hersteller);\ncheckField('select[name=\"modell\"]', expected.modell);\ncheckField('input[name=\"seriennummer\"]', expected.seriennummer);\ncheckField('input[name=\"letztes_wartungsdatum\"]', expected.letztesWartungsdatum);\ncheckField('textarea[name=\"bemerkung_zustand\"]', expected.bemerkungZustand);\ncy.then(() => {\n  console.log(`Test Case: ${description} - Wiederholung ${i}`);\n  console.log(`Correctly filled fields: ${correctCount}`);\n  console.log(`Incorrectly filled fields: ${incorrectCount}`);\n  cy.log(`Test Case: ${description} - Wiederholung ${i}`);\n  cy.log(`Correctly filled fields: ${correctCount}`);\n  cy.log(`Incorrectly filled fields: ${incorrectCount}`);\n});",
              "err": {},
              "uuid": "4d9c9d70-3902-4b8e-bbe3-b9ebc5f9563a",
              "parentUUID": "f9a03695-5654-4cb3-9125-9b03a89eebdf",
              "isHook": false,
              "skipped": false
            },
            {
              "title": "Testfall 8 - Unsinnige Eingabe - Wiederholung 2",
              "fullTitle": "Genauigkeit Texteingabe Testfall 8 - Unsinnige Eingabe - Wiederholung 2",
              "timedOut": null,
              "duration": 841,
              "state": "passed",
              "speed": "fast",
              "pass": true,
              "fail": false,
              "pending": false,
              "context": null,
              "code": "// Klicken auf Button zur Texteingabe\ncy.get(\"#buttonInputTextModal0\").click();\n// Text eingeben\ncy.get(\"#message-textinputTextModal0\").type(input, {\n  delay: 0\n});\n// Klicken auf Bestätigungsbutton\ncy.get(\"#btn-confirm-inputTextModal0\").click();\nlet correctCount = 0;\nlet incorrectCount = 0;\nfunction checkField(selector, expectedValue) {\n  cy.get(selector).should(\"have.value\", expectedValue).then($el => {\n    if ($el.val() === expectedValue) {\n      correctCount++;\n    } else {\n      incorrectCount++;\n    }\n  });\n}\ncheckField('select[name=\"hersteller\"]', expected.hersteller);\ncheckField('select[name=\"modell\"]', expected.modell);\ncheckField('input[name=\"seriennummer\"]', expected.seriennummer);\ncheckField('input[name=\"letztes_wartungsdatum\"]', expected.letztesWartungsdatum);\ncheckField('textarea[name=\"bemerkung_zustand\"]', expected.bemerkungZustand);\ncy.then(() => {\n  console.log(`Test Case: ${description} - Wiederholung ${i}`);\n  console.log(`Correctly filled fields: ${correctCount}`);\n  console.log(`Incorrectly filled fields: ${incorrectCount}`);\n  cy.log(`Test Case: ${description} - Wiederholung ${i}`);\n  cy.log(`Correctly filled fields: ${correctCount}`);\n  cy.log(`Incorrectly filled fields: ${incorrectCount}`);\n});",
              "err": {},
              "uuid": "4eaef845-9492-41e6-b5ec-c71e28bf0afe",
              "parentUUID": "f9a03695-5654-4cb3-9125-9b03a89eebdf",
              "isHook": false,
              "skipped": false
            },
            {
              "title": "Testfall 8 - Unsinnige Eingabe - Wiederholung 3",
              "fullTitle": "Genauigkeit Texteingabe Testfall 8 - Unsinnige Eingabe - Wiederholung 3",
              "timedOut": null,
              "duration": 558,
              "state": "passed",
              "speed": "fast",
              "pass": true,
              "fail": false,
              "pending": false,
              "context": null,
              "code": "// Klicken auf Button zur Texteingabe\ncy.get(\"#buttonInputTextModal0\").click();\n// Text eingeben\ncy.get(\"#message-textinputTextModal0\").type(input, {\n  delay: 0\n});\n// Klicken auf Bestätigungsbutton\ncy.get(\"#btn-confirm-inputTextModal0\").click();\nlet correctCount = 0;\nlet incorrectCount = 0;\nfunction checkField(selector, expectedValue) {\n  cy.get(selector).should(\"have.value\", expectedValue).then($el => {\n    if ($el.val() === expectedValue) {\n      correctCount++;\n    } else {\n      incorrectCount++;\n    }\n  });\n}\ncheckField('select[name=\"hersteller\"]', expected.hersteller);\ncheckField('select[name=\"modell\"]', expected.modell);\ncheckField('input[name=\"seriennummer\"]', expected.seriennummer);\ncheckField('input[name=\"letztes_wartungsdatum\"]', expected.letztesWartungsdatum);\ncheckField('textarea[name=\"bemerkung_zustand\"]', expected.bemerkungZustand);\ncy.then(() => {\n  console.log(`Test Case: ${description} - Wiederholung ${i}`);\n  console.log(`Correctly filled fields: ${correctCount}`);\n  console.log(`Incorrectly filled fields: ${incorrectCount}`);\n  cy.log(`Test Case: ${description} - Wiederholung ${i}`);\n  cy.log(`Correctly filled fields: ${correctCount}`);\n  cy.log(`Incorrectly filled fields: ${incorrectCount}`);\n});",
              "err": {},
              "uuid": "d670cdfb-0a26-4cc1-8334-c70cfced123a",
              "parentUUID": "f9a03695-5654-4cb3-9125-9b03a89eebdf",
              "isHook": false,
              "skipped": false
            },
            {
              "title": "Testfall 8 - Unsinnige Eingabe - Wiederholung 4",
              "fullTitle": "Genauigkeit Texteingabe Testfall 8 - Unsinnige Eingabe - Wiederholung 4",
              "timedOut": null,
              "duration": 870,
              "state": "passed",
              "speed": "fast",
              "pass": true,
              "fail": false,
              "pending": false,
              "context": null,
              "code": "// Klicken auf Button zur Texteingabe\ncy.get(\"#buttonInputTextModal0\").click();\n// Text eingeben\ncy.get(\"#message-textinputTextModal0\").type(input, {\n  delay: 0\n});\n// Klicken auf Bestätigungsbutton\ncy.get(\"#btn-confirm-inputTextModal0\").click();\nlet correctCount = 0;\nlet incorrectCount = 0;\nfunction checkField(selector, expectedValue) {\n  cy.get(selector).should(\"have.value\", expectedValue).then($el => {\n    if ($el.val() === expectedValue) {\n      correctCount++;\n    } else {\n      incorrectCount++;\n    }\n  });\n}\ncheckField('select[name=\"hersteller\"]', expected.hersteller);\ncheckField('select[name=\"modell\"]', expected.modell);\ncheckField('input[name=\"seriennummer\"]', expected.seriennummer);\ncheckField('input[name=\"letztes_wartungsdatum\"]', expected.letztesWartungsdatum);\ncheckField('textarea[name=\"bemerkung_zustand\"]', expected.bemerkungZustand);\ncy.then(() => {\n  console.log(`Test Case: ${description} - Wiederholung ${i}`);\n  console.log(`Correctly filled fields: ${correctCount}`);\n  console.log(`Incorrectly filled fields: ${incorrectCount}`);\n  cy.log(`Test Case: ${description} - Wiederholung ${i}`);\n  cy.log(`Correctly filled fields: ${correctCount}`);\n  cy.log(`Incorrectly filled fields: ${incorrectCount}`);\n});",
              "err": {},
              "uuid": "d4b907a0-a6e7-4910-ac31-c90029d86b99",
              "parentUUID": "f9a03695-5654-4cb3-9125-9b03a89eebdf",
              "isHook": false,
              "skipped": false
            },
            {
              "title": "Testfall 8 - Unsinnige Eingabe - Wiederholung 5",
              "fullTitle": "Genauigkeit Texteingabe Testfall 8 - Unsinnige Eingabe - Wiederholung 5",
              "timedOut": null,
              "duration": 528,
              "state": "passed",
              "speed": "fast",
              "pass": true,
              "fail": false,
              "pending": false,
              "context": null,
[...]
              "err": {},
              "uuid": "1c75a592-6e85-4a02-8ecb-610f7d87bab7",
              "parentUUID": "f9a03695-5654-4cb3-9125-9b03a89eebdf",
              "isHook": false,
              "skipped": false
            },
            {
              "title": "Testfall 13 - Langer Text mit fehlenden Seriennummer und Bemerkung - Wiederholung 4",
              "fullTitle": "Genauigkeit Texteingabe Testfall 13 - Langer Text mit fehlenden Seriennummer und Bemerkung - Wiederholung 4",
              "timedOut": null,
              "duration": 1787,
              "state": "passed",
              "speed": "fast",
              "pass": true,
              "fail": false,
              "pending": false,
              "context": null,
              "code": "// Klicken auf Button zur Texteingabe\ncy.get(\"#buttonInputTextModal0\").click();\n// Text eingeben\ncy.get(\"#message-textinputTextModal0\").type(input, {\n  delay: 0\n});\n// Klicken auf Bestätigungsbutton\ncy.get(\"#btn-confirm-inputTextModal0\").click();\nlet correctCount = 0;\nlet incorrectCount = 0;\nfunction checkField(selector, expectedValue) {\n  cy.get(selector).should(\"have.value\", expectedValue).then($el => {\n    if ($el.val() === expectedValue) {\n      correctCount++;\n    } else {\n      incorrectCount++;\n    }\n  });\n}\ncheckField('select[name=\"hersteller\"]', expected.hersteller);\ncheckField('select[name=\"modell\"]', expected.modell);\ncheckField('input[name=\"seriennummer\"]', expected.seriennummer);\ncheckField('input[name=\"letztes_wartungsdatum\"]', expected.letztesWartungsdatum);\ncheckField('textarea[name=\"bemerkung_zustand\"]', expected.bemerkungZustand);\ncy.then(() => {\n  console.log(`Test Case: ${description} - Wiederholung ${i}`);\n  console.log(`Correctly filled fields: ${correctCount}`);\n  console.log(`Incorrectly filled fields: ${incorrectCount}`);\n  cy.log(`Test Case: ${description} - Wiederholung ${i}`);\n  cy.log(`Correctly filled fields: ${correctCount}`);\n  cy.log(`Incorrectly filled fields: ${incorrectCount}`);\n});",
              "err": {},
              "uuid": "2d92722e-6880-4375-a609-adced81a698e",
              "parentUUID": "f9a03695-5654-4cb3-9125-9b03a89eebdf",
              "isHook": false,
              "skipped": false
            },
            {
              "title": "Testfall 13 - Langer Text mit fehlenden Seriennummer und Bemerkung - Wiederholung 5",
              "fullTitle": "Genauigkeit Texteingabe Testfall 13 - Langer Text mit fehlenden Seriennummer und Bemerkung - Wiederholung 5",
              "timedOut": null,
              "duration": 1851,
              "state": "passed",
              "speed": "fast",
              "pass": true,
              "fail": false,
              "pending": false,
              "context": null,
              "code": "// Klicken auf Button zur Texteingabe\ncy.get(\"#buttonInputTextModal0\").click();\n// Text eingeben\ncy.get(\"#message-textinputTextModal0\").type(input, {\n  delay: 0\n});\n// Klicken auf Bestätigungsbutton\ncy.get(\"#btn-confirm-inputTextModal0\").click();\nlet correctCount = 0;\nlet incorrectCount = 0;\nfunction checkField(selector, expectedValue) {\n  cy.get(selector).should(\"have.value\", expectedValue).then($el => {\n    if ($el.val() === expectedValue) {\n      correctCount++;\n    } else {\n      incorrectCount++;\n    }\n  });\n}\ncheckField('select[name=\"hersteller\"]', expected.hersteller);\ncheckField('select[name=\"modell\"]', expected.modell);\ncheckField('input[name=\"seriennummer\"]', expected.seriennummer);\ncheckField('input[name=\"letztes_wartungsdatum\"]', expected.letztesWartungsdatum);\ncheckField('textarea[name=\"bemerkung_zustand\"]', expected.bemerkungZustand);\ncy.then(() => {\n  console.log(`Test Case: ${description} - Wiederholung ${i}`);\n  console.log(`Correctly filled fields: ${correctCount}`);\n  console.log(`Incorrectly filled fields: ${incorrectCount}`);\n  cy.log(`Test Case: ${description} - Wiederholung ${i}`);\n  cy.log(`Correctly filled fields: ${correctCount}`);\n  cy.log(`Incorrectly filled fields: ${incorrectCount}`);\n});",
              "err": {},
              "uuid": "f5c83a25-073a-4e1c-96b2-506e66005d94",
              "parentUUID": "f9a03695-5654-4cb3-9125-9b03a89eebdf",
              "isHook": false,
              "skipped": false
            },
            {
              "title": "Testfall 14 - Sehr komplexer und unstrukturierter langer Text - Wiederholung 1",
              "fullTitle": "Genauigkeit Texteingabe Testfall 14 - Sehr komplexer und unstrukturierter langer Text - Wiederholung 1",
              "timedOut": null,
              "duration": 3068,
              "state": "passed",
              "speed": "fast",
              "pass": true,
              "fail": false,
              "pending": false,
              "context": null,
              "code": "// Klicken auf Button zur Texteingabe\ncy.get(\"#buttonInputTextModal0\").click();\n// Text eingeben\ncy.get(\"#message-textinputTextModal0\").type(input, {\n  delay: 0\n});\n// Klicken auf Bestätigungsbutton\ncy.get(\"#btn-confirm-inputTextModal0\").click();\nlet correctCount = 0;\nlet incorrectCount = 0;\nfunction checkField(selector, expectedValue) {\n  cy.get(selector).should(\"have.value\", expectedValue).then($el => {\n    if ($el.val() === expectedValue) {\n      correctCount++;\n    } else {\n      incorrectCount++;\n    }\n  });\n}\ncheckField('select[name=\"hersteller\"]', expected.hersteller);\ncheckField('select[name=\"modell\"]', expected.modell);\ncheckField('input[name=\"seriennummer\"]', expected.seriennummer);\ncheckField('input[name=\"letztes_wartungsdatum\"]', expected.letztesWartungsdatum);\ncheckField('textarea[name=\"bemerkung_zustand\"]', expected.bemerkungZustand);\ncy.then(() => {\n  console.log(`Test Case: ${description} - Wiederholung ${i}`);\n  console.log(`Correctly filled fields: ${correctCount}`);\n  console.log(`Incorrectly filled fields: ${incorrectCount}`);\n  cy.log(`Test Case: ${description} - Wiederholung ${i}`);\n  cy.log(`Correctly filled fields: ${correctCount}`);\n  cy.log(`Incorrectly filled fields: ${incorrectCount}`);\n});",
              "err": {},
              "uuid": "fc6e4a6c-7069-4c1f-8b3b-0b5390a33893",
              "parentUUID": "f9a03695-5654-4cb3-9125-9b03a89eebdf",
              "isHook": false,
              "skipped": false
            },
            {
              "title": "Testfall 14 - Sehr komplexer und unstrukturierter langer Text - Wiederholung 2",
              "fullTitle": "Genauigkeit Texteingabe Testfall 14 - Sehr komplexer und unstrukturierter langer Text - Wiederholung 2",
              "timedOut": null,
              "duration": 3357,
              "state": "passed",
              "speed": "fast",
              "pass": true,
              "fail": false,
              "pending": false,
              "context": null,
              "code": "// Klicken auf Button zur Texteingabe\ncy.get(\"#buttonInputTextModal0\").click();\n// Text eingeben\ncy.get(\"#message-textinputTextModal0\").type(input, {\n  delay: 0\n});\n// Klicken auf Bestätigungsbutton\ncy.get(\"#btn-confirm-inputTextModal0\").click();\nlet correctCount = 0;\nlet incorrectCount = 0;\nfunction checkField(selector, expectedValue) {\n  cy.get(selector).should(\"have.value\", expectedValue).then($el => {\n    if ($el.val() === expectedValue) {\n      correctCount++;\n    } else {\n      incorrectCount++;\n    }\n  });\n}\ncheckField('select[name=\"hersteller\"]', expected.hersteller);\ncheckField('select[name=\"modell\"]', expected.modell);\ncheckField('input[name=\"seriennummer\"]', expected.seriennummer);\ncheckField('input[name=\"letztes_wartungsdatum\"]', expected.letztesWartungsdatum);\ncheckField('textarea[name=\"bemerkung_zustand\"]', expected.bemerkungZustand);\ncy.then(() => {\n  console.log(`Test Case: ${description} - Wiederholung ${i}`);\n  console.log(`Correctly filled fields: ${correctCount}`);\n  console.log(`Incorrectly filled fields: ${incorrectCount}`);\n  cy.log(`Test Case: ${description} - Wiederholung ${i}`);\n  cy.log(`Correctly filled fields: ${correctCount}`);\n  cy.log(`Incorrectly filled fields: ${incorrectCount}`);\n});",
              "err": {},
              "uuid": "3e9d5bf8-9d41-4f00-bf2f-2ee2aa39865a",
              "parentUUID": "f9a03695-5654-4cb3-9125-9b03a89eebdf",
              "isHook": false,
              "skipped": false
            },
            {
              "title": "Testfall 14 - Sehr komplexer und unstrukturierter langer Text - Wiederholung 3",
              "fullTitle": "Genauigkeit Texteingabe Testfall 14 - Sehr komplexer und unstrukturierter langer Text - Wiederholung 3",
              "timedOut": null,
              "duration": 3458,
              "state": "passed",
              "speed": "fast",
              "pass": true,
              "fail": false,
              "pending": false,
              "context": null,
              "code": "// Klicken auf Button zur Texteingabe\ncy.get(\"#buttonInputTextModal0\").click();\n// Text eingeben\ncy.get(\"#message-textinputTextModal0\").type(input, {\n  delay: 0\n});\n// Klicken auf Bestätigungsbutton\ncy.get(\"#btn-confirm-inputTextModal0\").click();\nlet correctCount = 0;\nlet incorrectCount = 0;\nfunction checkField(selector, expectedValue) {\n  cy.get(selector).should(\"have.value\", expectedValue).then($el => {\n    if ($el.val() === expectedValue) {\n      correctCount++;\n    } else {\n      incorrectCount++;\n    }\n  });\n}\ncheckField('select[name=\"hersteller\"]', expected.hersteller);\ncheckField('select[name=\"modell\"]', expected.modell);\ncheckField('input[name=\"seriennummer\"]', expected.seriennummer);\ncheckField('input[name=\"letztes_wartungsdatum\"]', expected.letztesWartungsdatum);\ncheckField('textarea[name=\"bemerkung_zustand\"]', expected.bemerkungZustand);\ncy.then(() => {\n  console.log(`Test Case: ${description} - Wiederholung ${i}`);\n  console.log(`Correctly filled fields: ${correctCount}`);\n  console.log(`Incorrectly filled fields: ${incorrectCount}`);\n  cy.log(`Test Case: ${description} - Wiederholung ${i}`);\n  cy.log(`Correctly filled fields: ${correctCount}`);\n  cy.log(`Incorrectly filled fields: ${incorrectCount}`);\n});",
              "err": {},
              "uuid": "47be1a12-47f2-46f3-ab9d-6f2e68db4fd8",
              "parentUUID": "f9a03695-5654-4cb3-9125-9b03a89eebdf",
              "isHook": false,
              "skipped": false
            },
            {
              "title": "Testfall 14 - Sehr komplexer und unstrukturierter langer Text - Wiederholung 4",
              "fullTitle": "Genauigkeit Texteingabe Testfall 14 - Sehr komplexer und unstrukturierter langer Text - Wiederholung 4",
              "timedOut": null,
              "duration": 3942,
              "state": "passed",
              "speed": "fast",
              "pass": true,
              "fail": false,
              "pending": false,
              "context": null,
              "code": "// Klicken auf Button zur Texteingabe\ncy.get(\"#buttonInputTextModal0\").click();\n// Text eingeben\ncy.get(\"#message-textinputTextModal0\").type(input, {\n  delay: 0\n});\n// Klicken auf Bestätigungsbutton\ncy.get(\"#btn-confirm-inputTextModal0\").click();\nlet correctCount = 0;\nlet incorrectCount = 0;\nfunction checkField(selector, expectedValue) {\n  cy.get(selector).should(\"have.value\", expectedValue).then($el => {\n    if ($el.val() === expectedValue) {\n      correctCount++;\n    } else {\n      incorrectCount++;\n    }\n  });\n}\ncheckField('select[name=\"hersteller\"]', expected.hersteller);\ncheckField('select[name=\"modell\"]', expected.modell);\ncheckField('input[name=\"seriennummer\"]', expected.seriennummer);\ncheckField('input[name=\"letztes_wartungsdatum\"]', expected.letztesWartungsdatum);\ncheckField('textarea[name=\"bemerkung_zustand\"]', expected.bemerkungZustand);\ncy.then(() => {\n  console.log(`Test Case: ${description} - Wiederholung ${i}`);\n  console.log(`Correctly filled fields: ${correctCount}`);\n  console.log(`Incorrectly filled fields: ${incorrectCount}`);\n  cy.log(`Test Case: ${description} - Wiederholung ${i}`);\n  cy.log(`Correctly filled fields: ${correctCount}`);\n  cy.log(`Incorrectly filled fields: ${incorrectCount}`);\n});",
              "err": {},
              "uuid": "7b4f3a4d-aef8-46fa-9860-c4fd5dc2843a",
              "parentUUID": "f9a03695-5654-4cb3-9125-9b03a89eebdf",
              "isHook": false,
              "skipped": false
            },
            {
              "title": "Testfall 14 - Sehr komplexer und unstrukturierter langer Text - Wiederholung 5",
              "fullTitle": "Genauigkeit Texteingabe Testfall 14 - Sehr komplexer und unstrukturierter langer Text - Wiederholung 5",
              "timedOut": null,
              "duration": 3638,
              "state": "passed",
              "speed": "fast",
              "pass": true,
              "fail": false,
              "pending": false,
              "context": null,
              "code": "// Klicken auf Button zur Texteingabe\ncy.get(\"#buttonInputTextModal0\").click();\n// Text eingeben\ncy.get(\"#message-textinputTextModal0\").type(input, {\n  delay: 0\n});\n// Klicken auf Bestätigungsbutton\ncy.get(\"#btn-confirm-inputTextModal0\").click();\nlet correctCount = 0;\nlet incorrectCount = 0;\nfunction checkField(selector, expectedValue) {\n  cy.get(selector).should(\"have.value\", expectedValue).then($el => {\n    if ($el.val() === expectedValue) {\n      correctCount++;\n    } else {\n      incorrectCount++;\n    }\n  });\n}\ncheckField('select[name=\"hersteller\"]', expected.hersteller);\ncheckField('select[name=\"modell\"]', expected.modell);\ncheckField('input[name=\"seriennummer\"]', expected.seriennummer);\ncheckField('input[name=\"letztes_wartungsdatum\"]', expected.letztesWartungsdatum);\ncheckField('textarea[name=\"bemerkung_zustand\"]', expected.bemerkungZustand);\ncy.then(() => {\n  console.log(`Test Case: ${description} - Wiederholung ${i}`);\n  console.log(`Correctly filled fields: ${correctCount}`);\n  console.log(`Incorrectly filled fields: ${incorrectCount}`);\n  cy.log(`Test Case: ${description} - Wiederholung ${i}`);\n  cy.log(`Correctly filled fields: ${correctCount}`);\n  cy.log(`Incorrectly filled fields: ${incorrectCount}`);\n});",
              "err": {},
              "uuid": "060720bf-106e-437c-8f09-0b051c50e80d",
              "parentUUID": "f9a03695-5654-4cb3-9125-9b03a89eebdf",
              "isHook": false,
              "skipped": false
            }
          ],
          "suites": [],
          "passes": [
            "c0cf9b5c-7a8a-4489-b99a-fc1dce162c42",
            "4bc989aa-a77a-4060-b7c8-4d1ac1cd73b1",
            "5dafc668-1ebc-4c1f-889a-894110301371",
            "ed64e211-4d10-4a19-bade-af58c1095df7",
            "02fb81f3-9e8f-4e00-9d17-4650d90d484c",
            "b4be5bfe-f391-492e-908a-09ea9d0b554f",
            "fd40fd7b-daa0-4738-9810-a6680909587f",
            "3d258477-a78c-430c-8652-3c37d36c2c66",
            "862e3311-8d41-4045-9f04-cac3565aa988",
            "b0f5d18b-1cde-4b6f-a1ba-c43458213e89",
            "c5521df5-d307-4708-a30c-a4a8af3ff10e",
            "390547ae-46bb-4586-a564-62c09748bbe4",
            "8fa0d1ca-91ad-476e-bffe-4f616ee2d73d",
            "74f673c5-fc30-4fc7-95f2-f1507f681670",
            "ee042cd6-1688-40e6-9358-d4bf8cb7b8eb",
            "0381668a-42af-4300-b13d-bd8a37d216cc",
            "f8d43508-2105-466e-83e0-825dde1b5094",
            "6a0997db-fded-453b-93c8-a06c95ef0500",
            "4aafe872-d595-4665-b202-c9ce8c62db4f",
            "c070c90f-2c50-4a65-9c03-66fd6746a1a4",
            "45b28ef6-63d7-4c2a-ae7b-c51514b55e43",
            "41273579-3dc3-4678-a9e1-f46c4be0ede2",
            "f9d73128-0d9e-484d-98cd-dc371934ae61",
            "63d5bbaa-d0da-4d51-831f-01915d1ed26b",
            "baaa536a-1350-4052-816e-610c094afa9a",
            "1d77be88-c2c6-434f-a960-bb094626214a",
            "0939352b-239e-46d5-ba3a-f4cecd986ba9",
            "bee109b7-c5d5-4d87-9335-cedb22b35c63",
            "150349c4-14a4-4144-aa2d-a4e1538bcffc",
            "3bf5d22b-2d27-4fea-b219-77d65d0adb06",
            "6f2abc3f-e02d-46e0-a9fb-17da4c2223fe",
            "e2594c8e-b08f-490e-aa57-063453a4c2b5",
            "a1e0c59f-23ed-45a5-a62e-61027be7b28a",
            "f1e31336-f9fe-49c6-b4a2-90b3d597fd0c",
            "d1da56e3-4f61-4196-8d91-2116ab9b1812",
            "4d9c9d70-3902-4b8e-bbe3-b9ebc5f9563a",
            "4eaef845-9492-41e6-b5ec-c71e28bf0afe",
            "d670cdfb-0a26-4cc1-8334-c70cfced123a",
            "d4b907a0-a6e7-4910-ac31-c90029d86b99",
            "46dc8ff9-7089-4e4f-b7ca-e4005259daf9",
            "dac3d833-0fc2-417a-ab5d-95e6156b691e",
            "e6d4ea32-dac5-4ff0-941a-6f57fe7951bf",
            "fa3d63dd-2206-435a-801c-8f2fdf98d715",
            "24ac11a1-d8ad-408d-9ef5-4632adf0f0ad",
            "e089e3a1-c529-4417-afda-0e0fca1e72d4",
            "1430efe7-5887-46da-a87e-6e136898356f",
            "f1e20cb4-befd-4ce1-9f3c-70b29d2a9d86",
            "6777e50e-f459-4577-9797-8eb1c39dc3b4",
            "1af7dfc0-1e8f-4d0d-9012-698a981a5cf5",
            "d8a51c4c-efe7-4b29-bdd5-64893696fe35",
            "69ee6c01-373e-4033-b9b3-ddc002860a0d",
            "01731d09-0956-4a9c-b808-88baebad7cc0",
            "cb12c915-aac7-4f28-bbee-2d8b668b1f91",
            "cf99b8f8-0888-4710-a352-1ac2a735e235",
            "4275ec50-69c5-492a-bd54-5326ae66efae",
            "cb987d30-9016-4473-9f5a-bc64e85eaf38",
            "2c700081-b5ab-4c37-9df7-54ece08e2cc8",
            "d0f1c13d-2584-4ba1-818f-af44f17e1e3c",
            "b383c4f0-365f-46c9-8818-f2a5c822153f",
            "65f9ec5f-5c45-4d97-9e5d-e8758e42d882",
            "4c7ffa78-4f0e-47af-abaa-cd5c866decbf",
            "e3569081-4aaa-4cea-a2c9-a488084e4e28",
            "1c75a592-6e85-4a02-8ecb-610f7d87bab7",
            "2d92722e-6880-4375-a609-adced81a698e",
            "f5c83a25-073a-4e1c-96b2-506e66005d94",
            "fc6e4a6c-7069-4c1f-8b3b-0b5390a33893",
            "3e9d5bf8-9d41-4f00-bf2f-2ee2aa39865a",
            "47be1a12-47f2-46f3-ab9d-6f2e68db4fd8",
            "7b4f3a4d-aef8-46fa-9860-c4fd5dc2843a",
            "060720bf-106e-437c-8f09-0b051c50e80d"
          ],
          "failures": [],
          "pending": [],
          "skipped": [],
          "duration": 143285,
          "root": false,
          "rootEmpty": false,
          "_timeout": 2000
        }
      ],
      "passes": [],
      "failures": [],
      "pending": [],
      "skipped": [],
      "duration": 0,
      "root": true,
      "rootEmpty": true,
      "_timeout": 2000
    }
  ],
  "meta": {
    "mocha": {
      "version": "7.0.1"
    },
    "mochawesome": {
      "options": {
        "quiet": false,
        "reportFilename": "mochawesome",
        "saveHtml": false,
        "saveJson": true,
        "consoleReporter": "spec",
        "useInlineDiffs": false,
        "code": true
      },
      "version": "7.1.3"
    },
    "marge": {
      "options": {
        "reportDir": "cypress/reports",
        "overwrite": false,
        "html": false,
        "json": true
      },
      "version": "6.2.0"
    }
  }
}