{
  "stats": {
    "suites": 1,
    "tests": 70,
    "passes": 70,
    "pending": 0,
    "failures": 0,
    "start": "2024-07-16T08:25:09.491Z",
    "end": "2024-07-16T08:27:41.455Z",
    "duration": 151964,
    "testsRegistered": 70,
    "passPercent": 100,
    "pendingPercent": 0,
    "other": 0,
    "hasOther": false,
    "skipped": 0,
    "hasSkipped": false
  },
  "results": [
    {
      "uuid": "7fab1440-e072-464f-8f41-1c26b3720529",
      "title": "",
      "fullFile": "cypress\\e2e\\audio_input_and_verification_spec.cy.js",
      "file": "cypress\\e2e\\audio_input_and_verification_spec.cy.js",
      "beforeHooks": [],
      "afterHooks": [],
      "tests": [],
      "suites": [
        {
          "uuid": "cb0564f2-49e4-4ad3-901f-9d19b070636c",
          "title": "Multiple Form Filling Tests",
          "fullFile": "",
          "file": "",
          "beforeHooks": [],
          "afterHooks": [],
          "tests": [
            {
              "title": "Testfall 1 - Wiederholung 1",
              "fullTitle": "Multiple Form Filling Tests Testfall 1 - Wiederholung 1",
              "timedOut": null,
              "duration": 3813,
              "state": "passed",
              "speed": "fast",
              "pass": true,
              "fail": false,
              "pending": false,
              "context": null,
              "code": "// Klicken auf Button zur Texteingabe\ncy.get(\"#buttonInputTextModal0\").click();\n// Text eingeben\ncy.get(\"#message-textinputTextModal0\").type(input, {\n  delay: 0\n});\n// Klicken auf Bestätigungsbutton\ncy.get(\"#btn-confirm-inputTextModal0\").click();\nlet correctCount = 0;\nlet incorrectCount = 0;\nfunction checkField(selector, expectedValue) {\n  cy.get(selector).should(\"have.value\", expectedValue).then($el => {\n    if ($el.val() === expectedValue) {\n      correctCount++;\n    } else {\n      incorrectCount++;\n    }\n  });\n}\ncheckField('select[name=\"hersteller\"]', expected.hersteller);\ncheckField('select[name=\"modell\"]', expected.modell);\ncheckField('input[name=\"seriennummer\"]', expected.seriennummer);\ncheckField('input[name=\"letztes_wartungsdatum\"]', expected.letztesWartungsdatum);\ncheckField('textarea[name=\"bemerkung_zustand\"]', expected.bemerkungZustand);\ncy.then(() => {\n  console.log(`Test Case: ${description} - Wiederholung ${i}`);\n  console.log(`Correctly filled fields: ${correctCount}`);\n  console.log(`Incorrectly filled fields: ${incorrectCount}`);\n  cy.log(`Test Case: ${description} - Wiederholung ${i}`);\n  cy.log(`Correctly filled fields: ${correctCount}`);\n  cy.log(`Incorrectly filled fields: ${incorrectCount}`);\n});",
              "err": {},
              "uuid": "d8be1075-9e6a-45dd-b0e9-2bcd2bd3b7ad",
              "parentUUID": "cb0564f2-49e4-4ad3-901f-9d19b070636c",
              "isHook": false,
              "skipped": false
            },
            {
              "title": "Testfall 1 - Wiederholung 2",
              "fullTitle": "Multiple Form Filling Tests Testfall 1 - Wiederholung 2",
              "timedOut": null,
              "duration": 2540,
              "state": "passed",
              "speed": "fast",
              "pass": true,
              "fail": false,
              "pending": false,
              "context": null,
              "code": "// Klicken auf Button zur Texteingabe\ncy.get(\"#buttonInputTextModal0\").click();\n// Text eingeben\ncy.get(\"#message-textinputTextModal0\").type(input, {\n  delay: 0\n});\n// Klicken auf Bestätigungsbutton\ncy.get(\"#btn-confirm-inputTextModal0\").click();\nlet correctCount = 0;\nlet incorrectCount = 0;\nfunction checkField(selector, expectedValue) {\n  cy.get(selector).should(\"have.value\", expectedValue).then($el => {\n    if ($el.val() === expectedValue) {\n      correctCount++;\n    } else {\n      incorrectCount++;\n    }\n  });\n}\ncheckField('select[name=\"hersteller\"]', expected.hersteller);\ncheckField('select[name=\"modell\"]', expected.modell);\ncheckField('input[name=\"seriennummer\"]', expected.seriennummer);\ncheckField('input[name=\"letztes_wartungsdatum\"]', expected.letztesWartungsdatum);\ncheckField('textarea[name=\"bemerkung_zustand\"]', expected.bemerkungZustand);\ncy.then(() => {\n  console.log(`Test Case: ${description} - Wiederholung ${i}`);\n  console.log(`Correctly filled fields: ${correctCount}`);\n  console.log(`Incorrectly filled fields: ${incorrectCount}`);\n  cy.log(`Test Case: ${description} - Wiederholung ${i}`);\n  cy.log(`Correctly filled fields: ${correctCount}`);\n  cy.log(`Incorrectly filled fields: ${incorrectCount}`);\n});",
              "err": {},
              "uuid": "766a73ac-6fb0-41b9-a0a9-4085f64ab789",
              "parentUUID": "cb0564f2-49e4-4ad3-901f-9d19b070636c",
              "isHook": false,
              "skipped": false
            },
            {
              "title": "Testfall 1 - Wiederholung 3",
              "fullTitle": "Multiple Form Filling Tests Testfall 1 - Wiederholung 3",
              "timedOut": null,
              "duration": 2101,
              "state": "passed",
              "speed": "fast",
              "pass": true,
              "fail": false,
              "pending": false,
              "context": null,
              "code": "// Klicken auf Button zur Texteingabe\ncy.get(\"#buttonInputTextModal0\").click();\n// Text eingeben\ncy.get(\"#message-textinputTextModal0\").type(input, {\n  delay: 0\n});\n// Klicken auf Bestätigungsbutton\ncy.get(\"#btn-confirm-inputTextModal0\").click();\nlet correctCount = 0;\nlet incorrectCount = 0;\nfunction checkField(selector, expectedValue) {\n  cy.get(selector).should(\"have.value\", expectedValue).then($el => {\n    if ($el.val() === expectedValue) {\n      correctCount++;\n    } else {\n      incorrectCount++;\n    }\n  });\n}\ncheckField('select[name=\"hersteller\"]', expected.hersteller);\ncheckField('select[name=\"modell\"]', expected.modell);\ncheckField('input[name=\"seriennummer\"]', expected.seriennummer);\ncheckField('input[name=\"letztes_wartungsdatum\"]', expected.letztesWartungsdatum);\ncheckField('textarea[name=\"bemerkung_zustand\"]', expected.bemerkungZustand);\ncy.then(() => {\n  console.log(`Test Case: ${description} - Wiederholung ${i}`);\n  console.log(`Correctly filled fields: ${correctCount}`);\n  console.log(`Incorrectly filled fields: ${incorrectCount}`);\n  cy.log(`Test Case: ${description} - Wiederholung ${i}`);\n  cy.log(`Correctly filled fields: ${correctCount}`);\n  cy.log(`Incorrectly filled fields: ${incorrectCount}`);\n});",
              "err": {},
              "uuid": "b320995d-2cd1-456e-a10e-eacd92eaf9b7",
              "parentUUID": "cb0564f2-49e4-4ad3-901f-9d19b070636c",
              "isHook": false,
              "skipped": false
            },
            {
              "title": "Testfall 1 - Wiederholung 4",
              "fullTitle": "Multiple Form Filling Tests Testfall 1 - Wiederholung 4",
              "timedOut": null,
              "duration": 2264,
              "state": "passed",
              "speed": "fast",
              "pass": true,
              "fail": false,
              "pending": false,
              "context": null,
              "code": "// Klicken auf Button zur Texteingabe\ncy.get(\"#buttonInputTextModal0\").click();\n// Text eingeben\ncy.get(\"#message-textinputTextModal0\").type(input, {\n  delay: 0\n});\n// Klicken auf Bestätigungsbutton\ncy.get(\"#btn-confirm-inputTextModal0\").click();\nlet correctCount = 0;\nlet incorrectCount = 0;\nfunction checkField(selector, expectedValue) {\n  cy.get(selector).should(\"have.value\", expectedValue).then($el => {\n    if ($el.val() === expectedValue) {\n      correctCount++;\n    } else {\n      incorrectCount++;\n    }\n  });\n}\ncheckField('select[name=\"hersteller\"]', expected.hersteller);\ncheckField('select[name=\"modell\"]', expected.modell);\ncheckField('input[name=\"seriennummer\"]', expected.seriennummer);\ncheckField('input[name=\"letztes_wartungsdatum\"]', expected.letztesWartungsdatum);\ncheckField('textarea[name=\"bemerkung_zustand\"]', expected.bemerkungZustand);\ncy.then(() => {\n  console.log(`Test Case: ${description} - Wiederholung ${i}`);\n  console.log(`Correctly filled fields: ${correctCount}`);\n  console.log(`Incorrectly filled fields: ${incorrectCount}`);\n  cy.log(`Test Case: ${description} - Wiederholung ${i}`);\n  cy.log(`Correctly filled fields: ${correctCount}`);\n  cy.log(`Incorrectly filled fields: ${incorrectCount}`);\n});",
              "err": {},
              "uuid": "528047c6-c006-4d4e-92cc-02b1261e426f",
              "parentUUID": "cb0564f2-49e4-4ad3-901f-9d19b070636c",
              "isHook": false,
              "skipped": false
            },
            {
              "title": "Testfall 1 - Wiederholung 5",
              "fullTitle": "Multiple Form Filling Tests Testfall 1 - Wiederholung 5",
              "timedOut": null,
              "duration": 1809,
              "state": "passed",
              "speed": "fast",
              "pass": true,
              "fail": false,
              "pending": false,
              "context": null,
              "code": "// Klicken auf Button zur Texteingabe\ncy.get(\"#buttonInputTextModal0\").click();\n// Text eingeben\ncy.get(\"#message-textinputTextModal0\").type(input, {\n  delay: 0\n});\n// Klicken auf Bestätigungsbutton\ncy.get(\"#btn-confirm-inputTextModal0\").click();\nlet correctCount = 0;\nlet incorrectCount = 0;\nfunction checkField(selector, expectedValue) {\n  cy.get(selector).should(\"have.value\", expectedValue).then($el => {\n    if ($el.val() === expectedValue) {\n      correctCount++;\n    } else {\n      incorrectCount++;\n    }\n  });\n}\ncheckField('select[name=\"hersteller\"]', expected.hersteller);\ncheckField('select[name=\"modell\"]', expected.modell);\ncheckField('input[name=\"seriennummer\"]', expected.seriennummer);\ncheckField('input[name=\"letztes_wartungsdatum\"]', expected.letztesWartungsdatum);\ncheckField('textarea[name=\"bemerkung_zustand\"]', expected.bemerkungZustand);\ncy.then(() => {\n  console.log(`Test Case: ${description} - Wiederholung ${i}`);\n  console.log(`Correctly filled fields: ${correctCount}`);\n  console.log(`Incorrectly filled fields: ${incorrectCount}`);\n  cy.log(`Test Case: ${description} - Wiederholung ${i}`);\n  cy.log(`Correctly filled fields: ${correctCount}`);\n  cy.log(`Incorrectly filled fields: ${incorrectCount}`);\n});",
              "err": {},
              "uuid": "de4f113b-6af4-47ad-a8b9-919df2584914",
              "parentUUID": "cb0564f2-49e4-4ad3-901f-9d19b070636c",
              "isHook": false,
              "skipped": false
            },
            {
              "title": "Testfall 2 - Wiederholung 1",
              "fullTitle": "Multiple Form Filling Tests Testfall 2 - Wiederholung 1",
              "timedOut": null,
              "duration": 2023,
              "state": "passed",
              "speed": "fast",
              "pass": true,
              "fail": false,
              "pending": false,
              "context": null,
              "code": "// Klicken auf Button zur Texteingabe\ncy.get(\"#buttonInputTextModal0\").click();\n// Text eingeben\ncy.get(\"#message-textinputTextModal0\").type(input, {\n  delay: 0\n});\n// Klicken auf Bestätigungsbutton\ncy.get(\"#btn-confirm-inputTextModal0\").click();\nlet correctCount = 0;\nlet incorrectCount = 0;\nfunction checkField(selector, expectedValue) {\n  cy.get(selector).should(\"have.value\", expectedValue).then($el => {\n    if ($el.val() === expectedValue) {\n      correctCount++;\n    } else {\n      incorrectCount++;\n    }\n  });\n}\ncheckField('select[name=\"hersteller\"]', expected.hersteller);\ncheckField('select[name=\"modell\"]', expected.modell);\ncheckField('input[name=\"seriennummer\"]', expected.seriennummer);\ncheckField('input[name=\"letztes_wartungsdatum\"]', expected.letztesWartungsdatum);\ncheckField('textarea[name=\"bemerkung_zustand\"]', expected.bemerkungZustand);\ncy.then(() => {\n  console.log(`Test Case: ${description} - Wiederholung ${i}`);\n  console.log(`Correctly filled fields: ${correctCount}`);\n  console.log(`Incorrectly filled fields: ${incorrectCount}`);\n  cy.log(`Test Case: ${description} - Wiederholung ${i}`);\n  cy.log(`Correctly filled fields: ${correctCount}`);\n  cy.log(`Incorrectly filled fields: ${incorrectCount}`);\n});",
              "err": {},
              "uuid": "7f0f6640-c394-4108-b60c-4c5e7b059287",
              "parentUUID": "cb0564f2-49e4-4ad3-901f-9d19b070636c",
              "isHook": false,
              "skipped": false
            },
            {
              "title": "Testfall 2 - Wiederholung 2",
              "fullTitle": "Multiple Form Filling Tests Testfall 2 - Wiederholung 2",
              "timedOut": null,
              "duration": 2055,
              "state": "passed",
              "speed": "fast",
              "pass": true,
              "fail": false,
              "pending": false,
              "context": null,
              "code": "// Klicken auf Button zur Texteingabe\ncy.get(\"#buttonInputTextModal0\").click();\n// Text eingeben\ncy.get(\"#message-textinputTextModal0\").type(input, {\n  delay: 0\n});\n// Klicken auf Bestätigungsbutton\ncy.get(\"#btn-confirm-inputTextModal0\").click();\nlet correctCount = 0;\nlet incorrectCount = 0;\nfunction checkField(selector, expectedValue) {\n  cy.get(selector).should(\"have.value\", expectedValue).then($el => {\n    if ($el.val() === expectedValue) {\n      correctCount++;\n    } else {\n      incorrectCount++;\n    }\n  });\n}\ncheckField('select[name=\"hersteller\"]', expected.hersteller);\ncheckField('select[name=\"modell\"]', expected.modell);\ncheckField('input[name=\"seriennummer\"]', expected.seriennummer);\ncheckField('input[name=\"letztes_wartungsdatum\"]', expected.letztesWartungsdatum);\ncheckField('textarea[name=\"bemerkung_zustand\"]', expected.bemerkungZustand);\ncy.then(() => {\n  console.log(`Test Case: ${description} - Wiederholung ${i}`);\n  console.log(`Correctly filled fields: ${correctCount}`);\n  console.log(`Incorrectly filled fields: ${incorrectCount}`);\n  cy.log(`Test Case: ${description} - Wiederholung ${i}`);\n  cy.log(`Correctly filled fields: ${correctCount}`);\n  cy.log(`Incorrectly filled fields: ${incorrectCount}`);\n});",
              "err": {},
              "uuid": "80c9a574-0f1e-4fb8-a74d-dc5912ede1e5",
              "parentUUID": "cb0564f2-49e4-4ad3-901f-9d19b070636c",
              "isHook": false,
              "skipped": false
            },
            {
              "title": "Testfall 2 - Wiederholung 3",
              "fullTitle": "Multiple Form Filling Tests Testfall 2 - Wiederholung 3",
              "timedOut": null,
              "duration": 1975,
              "state": "passed",
              "speed": "fast",
              "pass": true,
              "fail": false,
              "pending": false,
              "context": null,
              "code": "// Klicken auf Button zur Texteingabe\ncy.get(\"#buttonInputTextModal0\").click();\n// Text eingeben\ncy.get(\"#message-textinputTextModal0\").type(input, {\n  delay: 0\n});\n// Klicken auf Bestätigungsbutton\ncy.get(\"#btn-confirm-inputTextModal0\").click();\nlet correctCount = 0;\nlet incorrectCount = 0;\nfunction checkField(selector, expectedValue) {\n  cy.get(selector).should(\"have.value\", expectedValue).then($el => {\n    if ($el.val() === expectedValue) {\n      correctCount++;\n    } else {\n      incorrectCount++;\n    }\n  });\n}\ncheckField('select[name=\"hersteller\"]', expected.hersteller);\ncheckField('select[name=\"modell\"]', expected.modell);\ncheckField('input[name=\"seriennummer\"]', expected.seriennummer);\ncheckField('input[name=\"letztes_wartungsdatum\"]', expected.letztesWartungsdatum);\ncheckField('textarea[name=\"bemerkung_zustand\"]', expected.bemerkungZustand);\ncy.then(() => {\n  console.log(`Test Case: ${description} - Wiederholung ${i}`);\n  console.log(`Correctly filled fields: ${correctCount}`);\n  console.log(`Incorrectly filled fields: ${incorrectCount}`);\n  cy.log(`Test Case: ${description} - Wiederholung ${i}`);\n  cy.log(`Correctly filled fields: ${correctCount}`);\n  cy.log(`Incorrectly filled fields: ${incorrectCount}`);\n});",
              "err": {},
              "uuid": "4709924a-6a16-4aa0-91d1-fd904489c0be",
              "parentUUID": "cb0564f2-49e4-4ad3-901f-9d19b070636c",
              "isHook": false,
              "skipped": false
            },
            {
              "title": "Testfall 2 - Wiederholung 4",
              "fullTitle": "Multiple Form Filling Tests Testfall 2 - Wiederholung 4",
              "timedOut": null,
              "duration": 1866,
              "state": "passed",
              "speed": "fast",
              "pass": true,
              "fail": false,
              "pending": false,
              "context": null,
              "code": "// Klicken auf Button zur Texteingabe\ncy.get(\"#buttonInputTextModal0\").click();\n// Text eingeben\ncy.get(\"#message-textinputTextModal0\").type(input, {\n  delay: 0\n});\n// Klicken auf Bestätigungsbutton\ncy.get(\"#btn-confirm-inputTextModal0\").click();\nlet correctCount = 0;\nlet incorrectCount = 0;\nfunction checkField(selector, expectedValue) {\n  cy.get(selector).should(\"have.value\", expectedValue).then($el => {\n    if ($el.val() === expectedValue) {\n      correctCount++;\n    } else {\n      incorrectCount++;\n    }\n  });\n}\ncheckField('select[name=\"hersteller\"]', expected.hersteller);\ncheckField('select[name=\"modell\"]', expected.modell);\ncheckField('input[name=\"seriennummer\"]', expected.seriennummer);\ncheckField('input[name=\"letztes_wartungsdatum\"]', expected.letztesWartungsdatum);\ncheckField('textarea[name=\"bemerkung_zustand\"]', expected.bemerkungZustand);\ncy.then(() => {\n  console.log(`Test Case: ${description} - Wiederholung ${i}`);\n  console.log(`Correctly filled fields: ${correctCount}`);\n  console.log(`Incorrectly filled fields: ${incorrectCount}`);\n  cy.log(`Test Case: ${description} - Wiederholung ${i}`);\n  cy.log(`Correctly filled fields: ${correctCount}`);\n  cy.log(`Incorrectly filled fields: ${incorrectCount}`);\n});",
              "err": {},
              "uuid": "a4c9802d-b8fc-4b5b-8257-37a407277d74",
              "parentUUID": "cb0564f2-49e4-4ad3-901f-9d19b070636c",
              "isHook": false,
              "skipped": false
            },
            {
              "title": "Testfall 2 - Wiederholung 5",
              "fullTitle": "Multiple Form Filling Tests Testfall 2 - Wiederholung 5",
              "timedOut": null,
              "duration": 2342,
              "state": "passed",
              "speed": "fast",
              "pass": true,
              "fail": false,
              "pending": false,
              "context": null,
              "code": "// Klicken auf Button zur Texteingabe\ncy.get(\"#buttonInputTextModal0\").click();\n// Text eingeben\ncy.get(\"#message-textinputTextModal0\").type(input, {\n  delay: 0\n});\n// Klicken auf Bestätigungsbutton\ncy.get(\"#btn-confirm-inputTextModal0\").click();\nlet correctCount = 0;\nlet incorrectCount = 0;\nfunction checkField(selector, expectedValue) {\n  cy.get(selector).should(\"have.value\", expectedValue).then($el => {\n    if ($el.val() === expectedValue) {\n      correctCount++;\n    } else {\n      incorrectCount++;\n    }\n  });\n}\ncheckField('select[name=\"hersteller\"]', expected.hersteller);\ncheckField('select[name=\"modell\"]', expected.modell);\ncheckField('input[name=\"seriennummer\"]', expected.seriennummer);\ncheckField('input[name=\"letztes_wartungsdatum\"]', expected.letztesWartungsdatum);\ncheckField('textarea[name=\"bemerkung_zustand\"]', expected.bemerkungZustand);\ncy.then(() => {\n  console.log(`Test Case: ${description} - Wiederholung ${i}`);\n  console.log(`Correctly filled fields: ${correctCount}`);\n  console.log(`Incorrectly filled fields: ${incorrectCount}`);\n  cy.log(`Test Case: ${description} - Wiederholung ${i}`);\n  cy.log(`Correctly filled fields: ${correctCount}`);\n  cy.log(`Incorrectly filled fields: ${incorrectCount}`);\n});",
              "err": {},
              "uuid": "725201ae-5d7a-4d69-8ade-666aad35e114",
              "parentUUID": "cb0564f2-49e4-4ad3-901f-9d19b070636c",
              "isHook": false,
              "skipped": false
            },
            {
              "title": "Testfall 3 - Wiederholung 1",
              "fullTitle": "Multiple Form Filling Tests Testfall 3 - Wiederholung 1",
              "timedOut": null,
              "duration": 2304,
              "state": "passed",
              "speed": "fast",
              "pass": true,
              "fail": false,
              "pending": false,
              "context": null,
              "code": "// Klicken auf Button zur Texteingabe\ncy.get(\"#buttonInputTextModal0\").click();\n// Text eingeben\ncy.get(\"#message-textinputTextModal0\").type(input, {\n  delay: 0\n});\n// Klicken auf Bestätigungsbutton\ncy.get(\"#btn-confirm-inputTextModal0\").click();\nlet correctCount = 0;\nlet incorrectCount = 0;\nfunction checkField(selector, expectedValue) {\n  cy.get(selector).should(\"have.value\", expectedValue).then($el => {\n    if ($el.val() === expectedValue) {\n      correctCount++;\n    } else {\n      incorrectCount++;\n    }\n  });\n}\ncheckField('select[name=\"hersteller\"]', expected.hersteller);\ncheckField('select[name=\"modell\"]', expected.modell);\ncheckField('input[name=\"seriennummer\"]', expected.seriennummer);\ncheckField('input[name=\"letztes_wartungsdatum\"]', expected.letztesWartungsdatum);\ncheckField('textarea[name=\"bemerkung_zustand\"]', expected.bemerkungZustand);\ncy.then(() => {\n  console.log(`Test Case: ${description} - Wiederholung ${i}`);\n  console.log(`Correctly filled fields: ${correctCount}`);\n  console.log(`Incorrectly filled fields: ${incorrectCount}`);\n  cy.log(`Test Case: ${description} - Wiederholung ${i}`);\n  cy.log(`Correctly filled fields: ${correctCount}`);\n  cy.log(`Incorrectly filled fields: ${incorrectCount}`);\n});",
              "err": {},
              "uuid": "44f9ebe7-c11e-42e7-9f1c-faebff13a919",
              "parentUUID": "cb0564f2-49e4-4ad3-901f-9d19b070636c",
              "isHook": false,
              "skipped": false
            },
            {
              "title": "Testfall 3 - Wiederholung 2",
              "fullTitle": "Multiple Form Filling Tests Testfall 3 - Wiederholung 2",
              "timedOut": null,
              "duration": 2239,
              "state": "passed",
              "speed": "fast",
              "pass": true,
              "fail": false,
              "pending": false,
              "context": null,
              "code": "// Klicken auf Button zur Texteingabe\ncy.get(\"#buttonInputTextModal0\").click();\n// Text eingeben\ncy.get(\"#message-textinputTextModal0\").type(input, {\n  delay: 0\n});\n// Klicken auf Bestätigungsbutton\ncy.get(\"#btn-confirm-inputTextModal0\").click();\nlet correctCount = 0;\nlet incorrectCount = 0;\nfunction checkField(selector, expectedValue) {\n  cy.get(selector).should(\"have.value\", expectedValue).then($el => {\n    if ($el.val() === expectedValue) {\n      correctCount++;\n    } else {\n      incorrectCount++;\n    }\n  });\n}\ncheckField('select[name=\"hersteller\"]', expected.hersteller);\ncheckField('select[name=\"modell\"]', expected.modell);\ncheckField('input[name=\"seriennummer\"]', expected.seriennummer);\ncheckField('input[name=\"letztes_wartungsdatum\"]', expected.letztesWartungsdatum);\ncheckField('textarea[name=\"bemerkung_zustand\"]', expected.bemerkungZustand);\ncy.then(() => {\n  console.log(`Test Case: ${description} - Wiederholung ${i}`);\n  console.log(`Correctly filled fields: ${correctCount}`);\n  console.log(`Incorrectly filled fields: ${incorrectCount}`);\n  cy.log(`Test Case: ${description} - Wiederholung ${i}`);\n  cy.log(`Correctly filled fields: ${correctCount}`);\n  cy.log(`Incorrectly filled fields: ${incorrectCount}`);\n});",
              "err": {},
              "uuid": "c13dba5d-9a29-447c-a49a-34d67d987f20",
              "parentUUID": "cb0564f2-49e4-4ad3-901f-9d19b070636c",
              "isHook": false,
              "skipped": false
            },
            {
              "title": "Testfall 3 - Wiederholung 3",
              "fullTitle": "Multiple Form Filling Tests Testfall 3 - Wiederholung 3",
              "timedOut": null,
              "duration": 1868,
              "state": "passed",
              "speed": "fast",
              "pass": true,
              "fail": false,
              "pending": false,
              "context": null,
              "code": "// Klicken auf Button zur Texteingabe\ncy.get(\"#buttonInputTextModal0\").click();\n// Text eingeben\ncy.get(\"#message-textinputTextModal0\").type(input, {\n  delay: 0\n});\n// Klicken auf Bestätigungsbutton\ncy.get(\"#btn-confirm-inputTextModal0\").click();\nlet correctCount = 0;\nlet incorrectCount = 0;\nfunction checkField(selector, expectedValue) {\n  cy.get(selector).should(\"have.value\", expectedValue).then($el => {\n    if ($el.val() === expectedValue) {\n      correctCount++;\n    } else {\n      incorrectCount++;\n    }\n  });\n}\ncheckField('select[name=\"hersteller\"]', expected.hersteller);\ncheckField('select[name=\"modell\"]', expected.modell);\ncheckField('input[name=\"seriennummer\"]', expected.seriennummer);\ncheckField('input[name=\"letztes_wartungsdatum\"]', expected.letztesWartungsdatum);\ncheckField('textarea[name=\"bemerkung_zustand\"]', expected.bemerkungZustand);\ncy.then(() => {\n  console.log(`Test Case: ${description} - Wiederholung ${i}`);\n  console.log(`Correctly filled fields: ${correctCount}`);\n  console.log(`Incorrectly filled fields: ${incorrectCount}`);\n  cy.log(`Test Case: ${description} - Wiederholung ${i}`);\n  cy.log(`Correctly filled fields: ${correctCount}`);\n  cy.log(`Incorrectly filled fields: ${incorrectCount}`);\n});",
              "err": {},
              "uuid": "75bfa59d-5ae8-4450-bf04-bcc9181d06d7",
              "parentUUID": "cb0564f2-49e4-4ad3-901f-9d19b070636c",
              "isHook": false,
              "skipped": false
            },
            {
              "title": "Testfall 3 - Wiederholung 4",
              "fullTitle": "Multiple Form Filling Tests Testfall 3 - Wiederholung 4",
              "timedOut": null,
              "duration": 2130,
              "state": "passed",
              "speed": "fast",
              "pass": true,
              "fail": false,
              "pending": false,
              "context": null,
              "code": "// Klicken auf Button zur Texteingabe\ncy.get(\"#buttonInputTextModal0\").click();\n// Text eingeben\ncy.get(\"#message-textinputTextModal0\").type(input, {\n  delay: 0\n});\n// Klicken auf Bestätigungsbutton\ncy.get(\"#btn-confirm-inputTextModal0\").click();\nlet correctCount = 0;\nlet incorrectCount = 0;\nfunction checkField(selector, expectedValue) {\n  cy.get(selector).should(\"have.value\", expectedValue).then($el => {\n    if ($el.val() === expectedValue) {\n      correctCount++;\n    } else {\n      incorrectCount++;\n    }\n  });\n}\ncheckField('select[name=\"hersteller\"]', expected.hersteller);\ncheckField('select[name=\"modell\"]', expected.modell);\ncheckField('input[name=\"seriennummer\"]', expected.seriennummer);\ncheckField('input[name=\"letztes_wartungsdatum\"]', expected.letztesWartungsdatum);\ncheckField('textarea[name=\"bemerkung_zustand\"]', expected.bemerkungZustand);\ncy.then(() => {\n  console.log(`Test Case: ${description} - Wiederholung ${i}`);\n  console.log(`Correctly filled fields: ${correctCount}`);\n  console.log(`Incorrectly filled fields: ${incorrectCount}`);\n  cy.log(`Test Case: ${description} - Wiederholung ${i}`);\n  cy.log(`Correctly filled fields: ${correctCount}`);\n  cy.log(`Incorrectly filled fields: ${incorrectCount}`);\n});",
              "err": {},
              "uuid": "2b09d6a1-5f17-4bdf-8404-91025458d2db",
              "parentUUID": "cb0564f2-49e4-4ad3-901f-9d19b070636c",
              "isHook": false,
              "skipped": false
            },
            {
              "title": "Testfall 3 - Wiederholung 5",
              "fullTitle": "Multiple Form Filling Tests Testfall 3 - Wiederholung 5",
              "timedOut": null,
              "duration": 2502,
              "state": "passed",
              "speed": "fast",
              "pass": true,
              "fail": false,
              "pending": false,
              "context": null,
              "code": "// Klicken auf Button zur Texteingabe\ncy.get(\"#buttonInputTextModal0\").click();\n// Text eingeben\ncy.get(\"#message-textinputTextModal0\").type(input, {\n  delay: 0\n});\n// Klicken auf Bestätigungsbutton\ncy.get(\"#btn-confirm-inputTextModal0\").click();\nlet correctCount = 0;\nlet incorrectCount = 0;\nfunction checkField(selector, expectedValue) {\n  cy.get(selector).should(\"have.value\", expectedValue).then($el => {\n    if ($el.val() === expectedValue) {\n      correctCount++;\n    } else {\n      incorrectCount++;\n    }\n  });\n}\ncheckField('select[name=\"hersteller\"]', expected.hersteller);\ncheckField('select[name=\"modell\"]', expected.modell);\ncheckField('input[name=\"seriennummer\"]', expected.seriennummer);\ncheckField('input[name=\"letztes_wartungsdatum\"]', expected.letztesWartungsdatum);\ncheckField('textarea[name=\"bemerkung_zustand\"]', expected.bemerkungZustand);\ncy.then(() => {\n  console.log(`Test Case: ${description} - Wiederholung ${i}`);\n  console.log(`Correctly filled fields: ${correctCount}`);\n  console.log(`Incorrectly filled fields: ${incorrectCount}`);\n  cy.log(`Test Case: ${description} - Wiederholung ${i}`);\n  cy.log(`Correctly filled fields: ${correctCount}`);\n  cy.log(`Incorrectly filled fields: ${incorrectCount}`);\n});",
              "err": {},
              "uuid": "fb2f38c0-fa60-439a-9e41-b8c5a77784f4",
              "parentUUID": "cb0564f2-49e4-4ad3-901f-9d19b070636c",
              "isHook": false,
              "skipped": false
            },
            {
              "title": "Testfall 4 - Wiederholung 1",
              "fullTitle": "Multiple Form Filling Tests Testfall 4 - Wiederholung 1",
              "timedOut": null,
              "duration": 2194,
              "state": "passed",
              "speed": "fast",
              "pass": true,
              "fail": false,
              "pending": false,
              "context": null,
              "code": "// Klicken auf Button zur Texteingabe\ncy.get(\"#buttonInputTextModal0\").click();\n// Text eingeben\ncy.get(\"#message-textinputTextModal0\").type(input, {\n  delay: 0\n});\n// Klicken auf Bestätigungsbutton\ncy.get(\"#btn-confirm-inputTextModal0\").click();\nlet correctCount = 0;\nlet incorrectCount = 0;\nfunction checkField(selector, expectedValue) {\n  cy.get(selector).should(\"have.value\", expectedValue).then($el => {\n    if ($el.val() === expectedValue) {\n      correctCount++;\n    } else {\n      incorrectCount++;\n    }\n  });\n}\ncheckField('select[name=\"hersteller\"]', expected.hersteller);\ncheckField('select[name=\"modell\"]', expected.modell);\ncheckField('input[name=\"seriennummer\"]', expected.seriennummer);\ncheckField('input[name=\"letztes_wartungsdatum\"]', expected.letztesWartungsdatum);\ncheckField('textarea[name=\"bemerkung_zustand\"]', expected.bemerkungZustand);\ncy.then(() => {\n  console.log(`Test Case: ${description} - Wiederholung ${i}`);\n  console.log(`Correctly filled fields: ${correctCount}`);\n  console.log(`Incorrectly filled fields: ${incorrectCount}`);\n  cy.log(`Test Case: ${description} - Wiederholung ${i}`);\n  cy.log(`Correctly filled fields: ${correctCount}`);\n  cy.log(`Incorrectly filled fields: ${incorrectCount}`);\n});",
              "err": {},
              "uuid": "7a1664f4-b873-4c76-b9aa-ebd528737776",
              "parentUUID": "cb0564f2-49e4-4ad3-901f-9d19b070636c",
              "isHook": false,
              "skipped": false
            },
            {
              "title": "Testfall 4 - Wiederholung 2",
              "fullTitle": "Multiple Form Filling Tests Testfall 4 - Wiederholung 2",
              "timedOut": null,
              "duration": 2200,
              "state": "passed",
              "speed": "fast",
              "pass": true,
              "fail": false,
              "pending": false,
              "context": null,
              "code": "// Klicken auf Button zur Texteingabe\ncy.get(\"#buttonInputTextModal0\").click();\n// Text eingeben\ncy.get(\"#message-textinputTextModal0\").type(input, {\n  delay: 0\n});\n// Klicken auf Bestätigungsbutton\ncy.get(\"#btn-confirm-inputTextModal0\").click();\nlet correctCount = 0;\nlet incorrectCount = 0;\nfunction checkField(selector, expectedValue) {\n  cy.get(selector).should(\"have.value\", expectedValue).then($el => {\n    if ($el.val() === expectedValue) {\n      correctCount++;\n    } else {\n      incorrectCount++;\n    }\n  });\n}\ncheckField('select[name=\"hersteller\"]', expected.hersteller);\ncheckField('select[name=\"modell\"]', expected.modell);\ncheckField('input[name=\"seriennummer\"]', expected.seriennummer);\ncheckField('input[name=\"letztes_wartungsdatum\"]', expected.letztesWartungsdatum);\ncheckField('textarea[name=\"bemerkung_zustand\"]', expected.bemerkungZustand);\ncy.then(() => {\n  console.log(`Test Case: ${description} - Wiederholung ${i}`);\n  console.log(`Correctly filled fields: ${correctCount}`);\n  console.log(`Incorrectly filled fields: ${incorrectCount}`);\n  cy.log(`Test Case: ${description} - Wiederholung ${i}`);\n  cy.log(`Correctly filled fields: ${correctCount}`);\n  cy.log(`Incorrectly filled fields: ${incorrectCount}`);\n});",
              "err": {},
              "uuid": "bf738c80-d4fd-4bc8-af05-0bddeb500a82",
              "parentUUID": "cb0564f2-49e4-4ad3-901f-9d19b070636c",
              "isHook": false,
              "skipped": false
            },
            {
              "title": "Testfall 4 - Wiederholung 3",
              "fullTitle": "Multiple Form Filling Tests Testfall 4 - Wiederholung 3",
              "timedOut": null,
              "duration": 2543,
              "state": "passed",
              "speed": "fast",
              "pass": true,
              "fail": false,
              "pending": false,
              "context": null,
              "code": "// Klicken auf Button zur Texteingabe\ncy.get(\"#buttonInputTextModal0\").click();\n// Text eingeben\ncy.get(\"#message-textinputTextModal0\").type(input, {\n  delay: 0\n});\n// Klicken auf Bestätigungsbutton\ncy.get(\"#btn-confirm-inputTextModal0\").click();\nlet correctCount = 0;\nlet incorrectCount = 0;\nfunction checkField(selector, expectedValue) {\n  cy.get(selector).should(\"have.value\", expectedValue).then($el => {\n    if ($el.val() === expectedValue) {\n      correctCount++;\n    } else {\n      incorrectCount++;\n    }\n  });\n}\ncheckField('select[name=\"hersteller\"]', expected.hersteller);\ncheckField('select[name=\"modell\"]', expected.modell);\ncheckField('input[name=\"seriennummer\"]', expected.seriennummer);\ncheckField('input[name=\"letztes_wartungsdatum\"]', expected.letztesWartungsdatum);\ncheckField('textarea[name=\"bemerkung_zustand\"]', expected.bemerkungZustand);\ncy.then(() => {\n  console.log(`Test Case: ${description} - Wiederholung ${i}`);\n  console.log(`Correctly filled fields: ${correctCount}`);\n  console.log(`Incorrectly filled fields: ${incorrectCount}`);\n  cy.log(`Test Case: ${description} - Wiederholung ${i}`);\n  cy.log(`Correctly filled fields: ${correctCount}`);\n  cy.log(`Incorrectly filled fields: ${incorrectCount}`);\n});",
              "err": {},
              "uuid": "f387dbda-d7fb-4364-a9de-18f3950182d4",
              "parentUUID": "cb0564f2-49e4-4ad3-901f-9d19b070636c",
              "isHook": false,
              "skipped": false
            },
            {
              "title": "Testfall 4 - Wiederholung 4",
              "fullTitle": "Multiple Form Filling Tests Testfall 4 - Wiederholung 4",
              "timedOut": null,
              "duration": 2301,
              "state": "passed",
              "speed": "fast",
              "pass": true,
              "fail": false,
              "pending": false,
              "context": null,
              "code": "// Klicken auf Button zur Texteingabe\ncy.get(\"#buttonInputTextModal0\").click();\n// Text eingeben\ncy.get(\"#message-textinputTextModal0\").type(input, {\n  delay: 0\n});\n// Klicken auf Bestätigungsbutton\ncy.get(\"#btn-confirm-inputTextModal0\").click();\nlet correctCount = 0;\nlet incorrectCount = 0;\nfunction checkField(selector, expectedValue) {\n  cy.get(selector).should(\"have.value\", expectedValue).then($el => {\n    if ($el.val() === expectedValue) {\n      correctCount++;\n    } else {\n      incorrectCount++;\n    }\n  });\n}\ncheckField('select[name=\"hersteller\"]', expected.hersteller);\ncheckField('select[name=\"modell\"]', expected.modell);\ncheckField('input[name=\"seriennummer\"]', expected.seriennummer);\ncheckField('input[name=\"letztes_wartungsdatum\"]', expected.letztesWartungsdatum);\ncheckField('textarea[name=\"bemerkung_zustand\"]', expected.bemerkungZustand);\ncy.then(() => {\n  console.log(`Test Case: ${description} - Wiederholung ${i}`);\n  console.log(`Correctly filled fields: ${correctCount}`);\n  console.log(`Incorrectly filled fields: ${incorrectCount}`);\n  cy.log(`Test Case: ${description} - Wiederholung ${i}`);\n  cy.log(`Correctly filled fields: ${correctCount}`);\n  cy.log(`Incorrectly filled fields: ${incorrectCount}`);\n});",
              "err": {},
              "uuid": "4b49d85a-def9-4ebe-b55d-41d35d258224",
              "parentUUID": "cb0564f2-49e4-4ad3-901f-9d19b070636c",
              "isHook": false,
              "skipped": false
            },
            {
              "title": "Testfall 4 - Wiederholung 5",
              "fullTitle": "Multiple Form Filling Tests Testfall 4 - Wiederholung 5",
              "timedOut": null,
              "duration": 2257,
              "state": "passed",
              "speed": "fast",
              "pass": true,
              "fail": false,
              "pending": false,
              "context": null,
              "code": "// Klicken auf Button zur Texteingabe\ncy.get(\"#buttonInputTextModal0\").click();\n// Text eingeben\ncy.get(\"#message-textinputTextModal0\").type(input, {\n  delay: 0\n});\n// Klicken auf Bestätigungsbutton\ncy.get(\"#btn-confirm-inputTextModal0\").click();\nlet correctCount = 0;\nlet incorrectCount = 0;\nfunction checkField(selector, expectedValue) {\n  cy.get(selector).should(\"have.value\", expectedValue).then($el => {\n    if ($el.val() === expectedValue) {\n      correctCount++;\n    } else {\n      incorrectCount++;\n    }\n  });\n}\ncheckField('select[name=\"hersteller\"]', expected.hersteller);\ncheckField('select[name=\"modell\"]', expected.modell);\ncheckField('input[name=\"seriennummer\"]', expected.seriennummer);\ncheckField('input[name=\"letztes_wartungsdatum\"]', expected.letztesWartungsdatum);\ncheckField('textarea[name=\"bemerkung_zustand\"]', expected.bemerkungZustand);\ncy.then(() => {\n  console.log(`Test Case: ${description} - Wiederholung ${i}`);\n  console.log(`Correctly filled fields: ${correctCount}`);\n  console.log(`Incorrectly filled fields: ${incorrectCount}`);\n  cy.log(`Test Case: ${description} - Wiederholung ${i}`);\n  cy.log(`Correctly filled fields: ${correctCount}`);\n  cy.log(`Incorrectly filled fields: ${incorrectCount}`);\n});",
              "err": {},
              "uuid": "3b18aca6-6c91-434b-8bb2-8a055b7ecb84",
              "parentUUID": "cb0564f2-49e4-4ad3-901f-9d19b070636c",
              "isHook": false,
              "skipped": false
            },
            {
              "title": "Testfall 5 - Wiederholung 1",
              "fullTitle": "Multiple Form Filling Tests Testfall 5 - Wiederholung 1",
              "timedOut": null,
              "duration": 2256,
              "state": "passed",
              "speed": "fast",
              "pass": true,
              "fail": false,
              "pending": false,
              "context": null,
              "code": "// Klicken auf Button zur Texteingabe\ncy.get(\"#buttonInputTextModal0\").click();\n// Text eingeben\ncy.get(\"#message-textinputTextModal0\").type(input, {\n  delay: 0\n});\n// Klicken auf Bestätigungsbutton\ncy.get(\"#btn-confirm-inputTextModal0\").click();\nlet correctCount = 0;\nlet incorrectCount = 0;\nfunction checkField(selector, expectedValue) {\n  cy.get(selector).should(\"have.value\", expectedValue).then($el => {\n    if ($el.val() === expectedValue) {\n      correctCount++;\n    } else {\n      incorrectCount++;\n    }\n  });\n}\ncheckField('select[name=\"hersteller\"]', expected.hersteller);\ncheckField('select[name=\"modell\"]', expected.modell);\ncheckField('input[name=\"seriennummer\"]', expected.seriennummer);\ncheckField('input[name=\"letztes_wartungsdatum\"]', expected.letztesWartungsdatum);\ncheckField('textarea[name=\"bemerkung_zustand\"]', expected.bemerkungZustand);\ncy.then(() => {\n  console.log(`Test Case: ${description} - Wiederholung ${i}`);\n  console.log(`Correctly filled fields: ${correctCount}`);\n  console.log(`Incorrectly filled fields: ${incorrectCount}`);\n  cy.log(`Test Case: ${description} - Wiederholung ${i}`);\n  cy.log(`Correctly filled fields: ${correctCount}`);\n  cy.log(`Incorrectly filled fields: ${incorrectCount}`);\n});",
              "err": {},
              "uuid": "b9d9414f-d467-46b8-a6cb-4cba409e51af",
              "parentUUID": "cb0564f2-49e4-4ad3-901f-9d19b070636c",
              "isHook": false,
              "skipped": false
            },
            {
              "title": "Testfall 5 - Wiederholung 2",
              "fullTitle": "Multiple Form Filling Tests Testfall 5 - Wiederholung 2",
              "timedOut": null,
              "duration": 1796,
              "state": "passed",
              "speed": "fast",
              "pass": true,
              "fail": false,
              "pending": false,
              "context": null,
              "code": "// Klicken auf Button zur Texteingabe\ncy.get(\"#buttonInputTextModal0\").click();\n// Text eingeben\ncy.get(\"#message-textinputTextModal0\").type(input, {\n  delay: 0\n});\n// Klicken auf Bestätigungsbutton\ncy.get(\"#btn-confirm-inputTextModal0\").click();\nlet correctCount = 0;\nlet incorrectCount = 0;\nfunction checkField(selector, expectedValue) {\n  cy.get(selector).should(\"have.value\", expectedValue).then($el => {\n    if ($el.val() === expectedValue) {\n      correctCount++;\n    } else {\n      incorrectCount++;\n    }\n  });\n}\ncheckField('select[name=\"hersteller\"]', expected.hersteller);\ncheckField('select[name=\"modell\"]', expected.modell);\ncheckField('input[name=\"seriennummer\"]', expected.seriennummer);\ncheckField('input[name=\"letztes_wartungsdatum\"]', expected.letztesWartungsdatum);\ncheckField('textarea[name=\"bemerkung_zustand\"]', expected.bemerkungZustand);\ncy.then(() => {\n  console.log(`Test Case: ${description} - Wiederholung ${i}`);\n  console.log(`Correctly filled fields: ${correctCount}`);\n  console.log(`Incorrectly filled fields: ${incorrectCount}`);\n  cy.log(`Test Case: ${description} - Wiederholung ${i}`);\n  cy.log(`Correctly filled fields: ${correctCount}`);\n  cy.log(`Incorrectly filled fields: ${incorrectCount}`);\n});",
              "err": {},
              "uuid": "e3dda3ae-a099-4df9-851a-8830d2146c56",
              "parentUUID": "cb0564f2-49e4-4ad3-901f-9d19b070636c",
              "isHook": false,
              "skipped": false
            },
            {
              "title": "Testfall 5 - Wiederholung 3",
              "fullTitle": "Multiple Form Filling Tests Testfall 5 - Wiederholung 3",
              "timedOut": null,
              "duration": 2210,
              "state": "passed",
              "speed": "fast",
              "pass": true,
              "fail": false,
              "pending": false,
              "context": null,
              "code": "// Klicken auf Button zur Texteingabe\ncy.get(\"#buttonInputTextModal0\").click();\n// Text eingeben\ncy.get(\"#message-textinputTextModal0\").type(input, {\n  delay: 0\n});\n// Klicken auf Bestätigungsbutton\ncy.get(\"#btn-confirm-inputTextModal0\").click();\nlet correctCount = 0;\nlet incorrectCount = 0;\nfunction checkField(selector, expectedValue) {\n  cy.get(selector).should(\"have.value\", expectedValue).then($el => {\n    if ($el.val() === expectedValue) {\n      correctCount++;\n    } else {\n      incorrectCount++;\n    }\n  });\n}\ncheckField('select[name=\"hersteller\"]', expected.hersteller);\ncheckField('select[name=\"modell\"]', expected.modell);\ncheckField('input[name=\"seriennummer\"]', expected.seriennummer);\ncheckField('input[name=\"letztes_wartungsdatum\"]', expected.letztesWartungsdatum);\ncheckField('textarea[name=\"bemerkung_zustand\"]', expected.bemerkungZustand);\ncy.then(() => {\n  console.log(`Test Case: ${description} - Wiederholung ${i}`);\n  console.log(`Correctly filled fields: ${correctCount}`);\n  console.log(`Incorrectly filled fields: ${incorrectCount}`);\n  cy.log(`Test Case: ${description} - Wiederholung ${i}`);\n  cy.log(`Correctly filled fields: ${correctCount}`);\n  cy.log(`Incorrectly filled fields: ${incorrectCount}`);\n});",
              "err": {},
              "uuid": "aab19f99-32c4-4dad-a086-8ff83d185332",
              "parentUUID": "cb0564f2-49e4-4ad3-901f-9d19b070636c",
              "isHook": false,
              "skipped": false
            },
            {
              "title": "Testfall 5 - Wiederholung 4",
              "fullTitle": "Multiple Form Filling Tests Testfall 5 - Wiederholung 4",
              "timedOut": null,
              "duration": 2107,
              "state": "passed",
              "speed": "fast",
              "pass": true,
              "fail": false,
              "pending": false,
              "context": null,
              "code": "// Klicken auf Button zur Texteingabe\ncy.get(\"#buttonInputTextModal0\").click();\n// Text eingeben\ncy.get(\"#message-textinputTextModal0\").type(input, {\n  delay: 0\n});\n// Klicken auf Bestätigungsbutton\ncy.get(\"#btn-confirm-inputTextModal0\").click();\nlet correctCount = 0;\nlet incorrectCount = 0;\nfunction checkField(selector, expectedValue) {\n  cy.get(selector).should(\"have.value\", expectedValue).then($el => {\n    if ($el.val() === expectedValue) {\n      correctCount++;\n    } else {\n      incorrectCount++;\n    }\n  });\n}\ncheckField('select[name=\"hersteller\"]', expected.hersteller);\ncheckField('select[name=\"modell\"]', expected.modell);\ncheckField('input[name=\"seriennummer\"]', expected.seriennummer);\ncheckField('input[name=\"letztes_wartungsdatum\"]', expected.letztesWartungsdatum);\ncheckField('textarea[name=\"bemerkung_zustand\"]', expected.bemerkungZustand);\ncy.then(() => {\n  console.log(`Test Case: ${description} - Wiederholung ${i}`);\n  console.log(`Correctly filled fields: ${correctCount}`);\n  console.log(`Incorrectly filled fields: ${incorrectCount}`);\n  cy.log(`Test Case: ${description} - Wiederholung ${i}`);\n  cy.log(`Correctly filled fields: ${correctCount}`);\n  cy.log(`Incorrectly filled fields: ${incorrectCount}`);\n});",
              "err": {},
              "uuid": "9b0cf3db-f1c5-4d73-992f-7ad552ab111b",
              "parentUUID": "cb0564f2-49e4-4ad3-901f-9d19b070636c",
              "isHook": false,
              "skipped": false
            },
            {
              "title": "Testfall 5 - Wiederholung 5",
              "fullTitle": "Multiple Form Filling Tests Testfall 5 - Wiederholung 5",
              "timedOut": null,
              "duration": 2098,
              "state": "passed",
              "speed": "fast",
              "pass": true,
              "fail": false,
              "pending": false,
              "context": null,
              "code": "// Klicken auf Button zur Texteingabe\ncy.get(\"#buttonInputTextModal0\").click();\n// Text eingeben\ncy.get(\"#message-textinputTextModal0\").type(input, {\n  delay: 0\n});\n// Klicken auf Bestätigungsbutton\ncy.get(\"#btn-confirm-inputTextModal0\").click();\nlet correctCount = 0;\nlet incorrectCount = 0;\nfunction checkField(selector, expectedValue) {\n  cy.get(selector).should(\"have.value\", expectedValue).then($el => {\n    if ($el.val() === expectedValue) {\n      correctCount++;\n    } else {\n      incorrectCount++;\n    }\n  });\n}\ncheckField('select[name=\"hersteller\"]', expected.hersteller);\ncheckField('select[name=\"modell\"]', expected.modell);\ncheckField('input[name=\"seriennummer\"]', expected.seriennummer);\ncheckField('input[name=\"letztes_wartungsdatum\"]', expected.letztesWartungsdatum);\ncheckField('textarea[name=\"bemerkung_zustand\"]', expected.bemerkungZustand);\ncy.then(() => {\n  console.log(`Test Case: ${description} - Wiederholung ${i}`);\n  console.log(`Correctly filled fields: ${correctCount}`);\n  console.log(`Incorrectly filled fields: ${incorrectCount}`);\n  cy.log(`Test Case: ${description} - Wiederholung ${i}`);\n  cy.log(`Correctly filled fields: ${correctCount}`);\n  cy.log(`Incorrectly filled fields: ${incorrectCount}`);\n});",
              "err": {},
              "uuid": "0f3b0f16-df8d-4ffc-9af0-d60f44327650",
              "parentUUID": "cb0564f2-49e4-4ad3-901f-9d19b070636c",
              "isHook": false,
              "skipped": false
            },
            {
              "title": "Testfall 6 - Wiederholung 1",
              "fullTitle": "Multiple Form Filling Tests Testfall 6 - Wiederholung 1",
              "timedOut": null,
              "duration": 2107,
              "state": "passed",
              "speed": "fast",
              "pass": true,
              "fail": false,
              "pending": false,
              "context": null,
              "code": "// Klicken auf Button zur Texteingabe\ncy.get(\"#buttonInputTextModal0\").click();\n// Text eingeben\ncy.get(\"#message-textinputTextModal0\").type(input, {\n  delay: 0\n});\n// Klicken auf Bestätigungsbutton\ncy.get(\"#btn-confirm-inputTextModal0\").click();\nlet correctCount = 0;\nlet incorrectCount = 0;\nfunction checkField(selector, expectedValue) {\n  cy.get(selector).should(\"have.value\", expectedValue).then($el => {\n    if ($el.val() === expectedValue) {\n      correctCount++;\n    } else {\n      incorrectCount++;\n    }\n  });\n}\ncheckField('select[name=\"hersteller\"]', expected.hersteller);\ncheckField('select[name=\"modell\"]', expected.modell);\ncheckField('input[name=\"seriennummer\"]', expected.seriennummer);\ncheckField('input[name=\"letztes_wartungsdatum\"]', expected.letztesWartungsdatum);\ncheckField('textarea[name=\"bemerkung_zustand\"]', expected.bemerkungZustand);\ncy.then(() => {\n  console.log(`Test Case: ${description} - Wiederholung ${i}`);\n  console.log(`Correctly filled fields: ${correctCount}`);\n  console.log(`Incorrectly filled fields: ${incorrectCount}`);\n  cy.log(`Test Case: ${description} - Wiederholung ${i}`);\n  cy.log(`Correctly filled fields: ${correctCount}`);\n  cy.log(`Incorrectly filled fields: ${incorrectCount}`);\n});",
              "err": {},
              "uuid": "cf12decf-cbc1-4191-a4b1-ef0d586c6ddd",
              "parentUUID": "cb0564f2-49e4-4ad3-901f-9d19b070636c",
              "isHook": false,
              "skipped": false
            },
            {
              "title": "Testfall 6 - Wiederholung 2",
              "fullTitle": "Multiple Form Filling Tests Testfall 6 - Wiederholung 2",
              "timedOut": null,
              "duration": 1860,
              "state": "passed",
              "speed": "fast",
              "pass": true,
              "fail": false,
              "pending": false,
              "context": null,
              "code": "// Klicken auf Button zur Texteingabe\ncy.get(\"#buttonInputTextModal0\").click();\n// Text eingeben\ncy.get(\"#message-textinputTextModal0\").type(input, {\n  delay: 0\n});\n// Klicken auf Bestätigungsbutton\ncy.get(\"#btn-confirm-inputTextModal0\").click();\nlet correctCount = 0;\nlet incorrectCount = 0;\nfunction checkField(selector, expectedValue) {\n  cy.get(selector).should(\"have.value\", expectedValue).then($el => {\n    if ($el.val() === expectedValue) {\n      correctCount++;\n    } else {\n      incorrectCount++;\n    }\n  });\n}\ncheckField('select[name=\"hersteller\"]', expected.hersteller);\ncheckField('select[name=\"modell\"]', expected.modell);\ncheckField('input[name=\"seriennummer\"]', expected.seriennummer);\ncheckField('input[name=\"letztes_wartungsdatum\"]', expected.letztesWartungsdatum);\ncheckField('textarea[name=\"bemerkung_zustand\"]', expected.bemerkungZustand);\ncy.then(() => {\n  console.log(`Test Case: ${description} - Wiederholung ${i}`);\n  console.log(`Correctly filled fields: ${correctCount}`);\n  console.log(`Incorrectly filled fields: ${incorrectCount}`);\n  cy.log(`Test Case: ${description} - Wiederholung ${i}`);\n  cy.log(`Correctly filled fields: ${correctCount}`);\n  cy.log(`Incorrectly filled fields: ${incorrectCount}`);\n});",
              "err": {},
              "uuid": "d84a04d1-1394-48a2-af3c-5c2e3c34411c",
              "parentUUID": "cb0564f2-49e4-4ad3-901f-9d19b070636c",
              "isHook": false,
              "skipped": false
            },
            {
              "title": "Testfall 6 - Wiederholung 3",
              "fullTitle": "Multiple Form Filling Tests Testfall 6 - Wiederholung 3",
              "timedOut": null,
              "duration": 1766,
              "state": "passed",
              "speed": "fast",
              "pass": true,
              "fail": false,
              "pending": false,
              "context": null,
              "code": "// Klicken auf Button zur Texteingabe\ncy.get(\"#buttonInputTextModal0\").click();\n// Text eingeben\ncy.get(\"#message-textinputTextModal0\").type(input, {\n  delay: 0\n});\n// Klicken auf Bestätigungsbutton\ncy.get(\"#btn-confirm-inputTextModal0\").click();\nlet correctCount = 0;\nlet incorrectCount = 0;\nfunction checkField(selector, expectedValue) {\n  cy.get(selector).should(\"have.value\", expectedValue).then($el => {\n    if ($el.val() === expectedValue) {\n      correctCount++;\n    } else {\n      incorrectCount++;\n    }\n  });\n}\ncheckField('select[name=\"hersteller\"]', expected.hersteller);\ncheckField('select[name=\"modell\"]', expected.modell);\ncheckField('input[name=\"seriennummer\"]', expected.seriennummer);\ncheckField('input[name=\"letztes_wartungsdatum\"]', expected.letztesWartungsdatum);\ncheckField('textarea[name=\"bemerkung_zustand\"]', expected.bemerkungZustand);\ncy.then(() => {\n  console.log(`Test Case: ${description} - Wiederholung ${i}`);\n  console.log(`Correctly filled fields: ${correctCount}`);\n  console.log(`Incorrectly filled fields: ${incorrectCount}`);\n  cy.log(`Test Case: ${description} - Wiederholung ${i}`);\n  cy.log(`Correctly filled fields: ${correctCount}`);\n  cy.log(`Incorrectly filled fields: ${incorrectCount}`);\n});",
              "err": {},
              "uuid": "60c2f6a2-6e02-4e78-8ffe-fa42b5ec6265",
              "parentUUID": "cb0564f2-49e4-4ad3-901f-9d19b070636c",
              "isHook": false,
              "skipped": false
            },
            {
              "title": "Testfall 6 - Wiederholung 4",
              "fullTitle": "Multiple Form Filling Tests Testfall 6 - Wiederholung 4",
              "timedOut": null,
              "duration": 1782,
              "state": "passed",
              "speed": "fast",
              "pass": true,
              "fail": false,
              "pending": false,
              "context": null,
              "code": "// Klicken auf Button zur Texteingabe\ncy.get(\"#buttonInputTextModal0\").click();\n// Text eingeben\ncy.get(\"#message-textinputTextModal0\").type(input, {\n  delay: 0\n});\n// Klicken auf Bestätigungsbutton\ncy.get(\"#btn-confirm-inputTextModal0\").click();\nlet correctCount = 0;\nlet incorrectCount = 0;\nfunction checkField(selector, expectedValue) {\n  cy.get(selector).should(\"have.value\", expectedValue).then($el => {\n    if ($el.val() === expectedValue) {\n      correctCount++;\n    } else {\n      incorrectCount++;\n    }\n  });\n}\ncheckField('select[name=\"hersteller\"]', expected.hersteller);\ncheckField('select[name=\"modell\"]', expected.modell);\ncheckField('input[name=\"seriennummer\"]', expected.seriennummer);\ncheckField('input[name=\"letztes_wartungsdatum\"]', expected.letztesWartungsdatum);\ncheckField('textarea[name=\"bemerkung_zustand\"]', expected.bemerkungZustand);\ncy.then(() => {\n  console.log(`Test Case: ${description} - Wiederholung ${i}`);\n  console.log(`Correctly filled fields: ${correctCount}`);\n  console.log(`Incorrectly filled fields: ${incorrectCount}`);\n  cy.log(`Test Case: ${description} - Wiederholung ${i}`);\n  cy.log(`Correctly filled fields: ${correctCount}`);\n  cy.log(`Incorrectly filled fields: ${incorrectCount}`);\n});",
              "err": {},
              "uuid": "17ef2fc2-c212-4adb-8d6d-380febad5466",
              "parentUUID": "cb0564f2-49e4-4ad3-901f-9d19b070636c",
              "isHook": false,
              "skipped": false
            },
            {
              "title": "Testfall 6 - Wiederholung 5",
              "fullTitle": "Multiple Form Filling Tests Testfall 6 - Wiederholung 5",
              "timedOut": null,
              "duration": 1918,
              "state": "passed",
              "speed": "fast",
              "pass": true,
              "fail": false,
              "pending": false,
              "context": null,
              "code": "// Klicken auf Button zur Texteingabe\ncy.get(\"#buttonInputTextModal0\").click();\n// Text eingeben\ncy.get(\"#message-textinputTextModal0\").type(input, {\n  delay: 0\n});\n// Klicken auf Bestätigungsbutton\ncy.get(\"#btn-confirm-inputTextModal0\").click();\nlet correctCount = 0;\nlet incorrectCount = 0;\nfunction checkField(selector, expectedValue) {\n  cy.get(selector).should(\"have.value\", expectedValue).then($el => {\n    if ($el.val() === expectedValue) {\n      correctCount++;\n    } else {\n      incorrectCount++;\n    }\n  });\n}\ncheckField('select[name=\"hersteller\"]', expected.hersteller);\ncheckField('select[name=\"modell\"]', expected.modell);\ncheckField('input[name=\"seriennummer\"]', expected.seriennummer);\ncheckField('input[name=\"letztes_wartungsdatum\"]', expected.letztesWartungsdatum);\ncheckField('textarea[name=\"bemerkung_zustand\"]', expected.bemerkungZustand);\ncy.then(() => {\n  console.log(`Test Case: ${description} - Wiederholung ${i}`);\n  console.log(`Correctly filled fields: ${correctCount}`);\n  console.log(`Incorrectly filled fields: ${incorrectCount}`);\n  cy.log(`Test Case: ${description} - Wiederholung ${i}`);\n  cy.log(`Correctly filled fields: ${correctCount}`);\n  cy.log(`Incorrectly filled fields: ${incorrectCount}`);\n});",
              "err": {},
              "uuid": "f0b90df6-d738-4e6b-b7b9-714b1c3e4f65",
              "parentUUID": "cb0564f2-49e4-4ad3-901f-9d19b070636c",
              "isHook": false,
              "skipped": false
            },
            {
              "title": "Testfall 7 - Wiederholung 1",
              "fullTitle": "Multiple Form Filling Tests Testfall 7 - Wiederholung 1",
              "timedOut": null,
              "duration": 1951,
              "state": "passed",
              "speed": "fast",
              "pass": true,
              "fail": false,
              "pending": false,
              "context": null,
              "code": "// Klicken auf Button zur Texteingabe\ncy.get(\"#buttonInputTextModal0\").click();\n// Text eingeben\ncy.get(\"#message-textinputTextModal0\").type(input, {\n  delay: 0\n});\n// Klicken auf Bestätigungsbutton\ncy.get(\"#btn-confirm-inputTextModal0\").click();\nlet correctCount = 0;\nlet incorrectCount = 0;\nfunction checkField(selector, expectedValue) {\n  cy.get(selector).should(\"have.value\", expectedValue).then($el => {\n    if ($el.val() === expectedValue) {\n      correctCount++;\n    } else {\n      incorrectCount++;\n    }\n  });\n}\ncheckField('select[name=\"hersteller\"]', expected.hersteller);\ncheckField('select[name=\"modell\"]', expected.modell);\ncheckField('input[name=\"seriennummer\"]', expected.seriennummer);\ncheckField('input[name=\"letztes_wartungsdatum\"]', expected.letztesWartungsdatum);\ncheckField('textarea[name=\"bemerkung_zustand\"]', expected.bemerkungZustand);\ncy.then(() => {\n  console.log(`Test Case: ${description} - Wiederholung ${i}`);\n  console.log(`Correctly filled fields: ${correctCount}`);\n  console.log(`Incorrectly filled fields: ${incorrectCount}`);\n  cy.log(`Test Case: ${description} - Wiederholung ${i}`);\n  cy.log(`Correctly filled fields: ${correctCount}`);\n  cy.log(`Incorrectly filled fields: ${incorrectCount}`);\n});",
              "err": {},
              "uuid": "e1e5bace-8fc0-4f3d-8aa1-537ed68bcbcc",
              "parentUUID": "cb0564f2-49e4-4ad3-901f-9d19b070636c",
              "isHook": false,
              "skipped": false
            },
            {
              "title": "Testfall 7 - Wiederholung 2",
              "fullTitle": "Multiple Form Filling Tests Testfall 7 - Wiederholung 2",
              "timedOut": null,
              "duration": 1886,
              "state": "passed",
              "speed": "fast",
              "pass": true,
              "fail": false,
              "pending": false,
              "context": null,
              "code": "// Klicken auf Button zur Texteingabe\ncy.get(\"#buttonInputTextModal0\").click();\n// Text eingeben\ncy.get(\"#message-textinputTextModal0\").type(input, {\n  delay: 0\n});\n// Klicken auf Bestätigungsbutton\ncy.get(\"#btn-confirm-inputTextModal0\").click();\nlet correctCount = 0;\nlet incorrectCount = 0;\nfunction checkField(selector, expectedValue) {\n  cy.get(selector).should(\"have.value\", expectedValue).then($el => {\n    if ($el.val() === expectedValue) {\n      correctCount++;\n    } else {\n      incorrectCount++;\n    }\n  });\n}\ncheckField('select[name=\"hersteller\"]', expected.hersteller);\ncheckField('select[name=\"modell\"]', expected.modell);\ncheckField('input[name=\"seriennummer\"]', expected.seriennummer);\ncheckField('input[name=\"letztes_wartungsdatum\"]', expected.letztesWartungsdatum);\ncheckField('textarea[name=\"bemerkung_zustand\"]', expected.bemerkungZustand);\ncy.then(() => {\n  console.log(`Test Case: ${description} - Wiederholung ${i}`);\n  console.log(`Correctly filled fields: ${correctCount}`);\n  console.log(`Incorrectly filled fields: ${incorrectCount}`);\n  cy.log(`Test Case: ${description} - Wiederholung ${i}`);\n  cy.log(`Correctly filled fields: ${correctCount}`);\n  cy.log(`Incorrectly filled fields: ${incorrectCount}`);\n});",
              "err": {},
              "uuid": "76015baa-586e-41ef-a26f-05be6113718c",
              "parentUUID": "cb0564f2-49e4-4ad3-901f-9d19b070636c",
              "isHook": false,
              "skipped": false
            },
            {
              "title": "Testfall 7 - Wiederholung 3",
              "fullTitle": "Multiple Form Filling Tests Testfall 7 - Wiederholung 3",
              "timedOut": null,
              "duration": 1927,
              "state": "passed",
              "speed": "fast",
              "pass": true,
              "fail": false,
              "pending": false,
              "context": null,
              "code": "// Klicken auf Button zur Texteingabe\ncy.get(\"#buttonInputTextModal0\").click();\n// Text eingeben\ncy.get(\"#message-textinputTextModal0\").type(input, {\n  delay: 0\n});\n// Klicken auf Bestätigungsbutton\ncy.get(\"#btn-confirm-inputTextModal0\").click();\nlet correctCount = 0;\nlet incorrectCount = 0;\nfunction checkField(selector, expectedValue) {\n  cy.get(selector).should(\"have.value\", expectedValue).then($el => {\n    if ($el.val() === expectedValue) {\n      correctCount++;\n    } else {\n      incorrectCount++;\n    }\n  });\n}\ncheckField('select[name=\"hersteller\"]', expected.hersteller);\ncheckField('select[name=\"modell\"]', expected.modell);\ncheckField('input[name=\"seriennummer\"]', expected.seriennummer);\ncheckField('input[name=\"letztes_wartungsdatum\"]', expected.letztesWartungsdatum);\ncheckField('textarea[name=\"bemerkung_zustand\"]', expected.bemerkungZustand);\ncy.then(() => {\n  console.log(`Test Case: ${description} - Wiederholung ${i}`);\n  console.log(`Correctly filled fields: ${correctCount}`);\n  console.log(`Incorrectly filled fields: ${incorrectCount}`);\n  cy.log(`Test Case: ${description} - Wiederholung ${i}`);\n  cy.log(`Correctly filled fields: ${correctCount}`);\n  cy.log(`Incorrectly filled fields: ${incorrectCount}`);\n});",
              "err": {},
              "uuid": "1930aff7-bb2b-40a6-a6e2-95cbf406ea5c",
              "parentUUID": "cb0564f2-49e4-4ad3-901f-9d19b070636c",
              "isHook": false,
              "skipped": false
            },
            {
              "title": "Testfall 7 - Wiederholung 4",
              "fullTitle": "Multiple Form Filling Tests Testfall 7 - Wiederholung 4",
              "timedOut": null,
              "duration": 2053,
              "state": "passed",
              "speed": "fast",
              "pass": true,
              "fail": false,
              "pending": false,
              "context": null,
              "code": "// Klicken auf Button zur Texteingabe\ncy.get(\"#buttonInputTextModal0\").click();\n// Text eingeben\ncy.get(\"#message-textinputTextModal0\").type(input, {\n  delay: 0\n});\n// Klicken auf Bestätigungsbutton\ncy.get(\"#btn-confirm-inputTextModal0\").click();\nlet correctCount = 0;\nlet incorrectCount = 0;\nfunction checkField(selector, expectedValue) {\n  cy.get(selector).should(\"have.value\", expectedValue).then($el => {\n    if ($el.val() === expectedValue) {\n      correctCount++;\n    } else {\n      incorrectCount++;\n    }\n  });\n}\ncheckField('select[name=\"hersteller\"]', expected.hersteller);\ncheckField('select[name=\"modell\"]', expected.modell);\ncheckField('input[name=\"seriennummer\"]', expected.seriennummer);\ncheckField('input[name=\"letztes_wartungsdatum\"]', expected.letztesWartungsdatum);\ncheckField('textarea[name=\"bemerkung_zustand\"]', expected.bemerkungZustand);\ncy.then(() => {\n  console.log(`Test Case: ${description} - Wiederholung ${i}`);\n  console.log(`Correctly filled fields: ${correctCount}`);\n  console.log(`Incorrectly filled fields: ${incorrectCount}`);\n  cy.log(`Test Case: ${description} - Wiederholung ${i}`);\n  cy.log(`Correctly filled fields: ${correctCount}`);\n  cy.log(`Incorrectly filled fields: ${incorrectCount}`);\n});",
              "err": {},
              "uuid": "94f34355-6c6b-424d-bb17-ff259c5fb657",
              "parentUUID": "cb0564f2-49e4-4ad3-901f-9d19b070636c",
              "isHook": false,
              "skipped": false
            },
            {
              "title": "Testfall 7 - Wiederholung 5",
              "fullTitle": "Multiple Form Filling Tests Testfall 7 - Wiederholung 5",
              "timedOut": null,
              "duration": 1958,
              "state": "passed",
              "speed": "fast",
              "pass": true,
              "fail": false,
              "pending": false,
              "context": null,
              "code": "// Klicken auf Button zur Texteingabe\ncy.get(\"#buttonInputTextModal0\").click();\n// Text eingeben\ncy.get(\"#message-textinputTextModal0\").type(input, {\n  delay: 0\n});\n// Klicken auf Bestätigungsbutton\ncy.get(\"#btn-confirm-inputTextModal0\").click();\nlet correctCount = 0;\nlet incorrectCount = 0;\nfunction checkField(selector, expectedValue) {\n  cy.get(selector).should(\"have.value\", expectedValue).then($el => {\n    if ($el.val() === expectedValue) {\n      correctCount++;\n    } else {\n      incorrectCount++;\n    }\n  });\n}\ncheckField('select[name=\"hersteller\"]', expected.hersteller);\ncheckField('select[name=\"modell\"]', expected.modell);\ncheckField('input[name=\"seriennummer\"]', expected.seriennummer);\ncheckField('input[name=\"letztes_wartungsdatum\"]', expected.letztesWartungsdatum);\ncheckField('textarea[name=\"bemerkung_zustand\"]', expected.bemerkungZustand);\ncy.then(() => {\n  console.log(`Test Case: ${description} - Wiederholung ${i}`);\n  console.log(`Correctly filled fields: ${correctCount}`);\n  console.log(`Incorrectly filled fields: ${incorrectCount}`);\n  cy.log(`Test Case: ${description} - Wiederholung ${i}`);\n  cy.log(`Correctly filled fields: ${correctCount}`);\n  cy.log(`Incorrectly filled fields: ${incorrectCount}`);\n});",
              "err": {},
              "uuid": "11404ead-8588-4ccc-853c-3ef71e885581",
              "parentUUID": "cb0564f2-49e4-4ad3-901f-9d19b070636c",
              "isHook": false,
              "skipped": false
            },
            {
              "title": "Testfall 8 - Wiederholung 1",
              "fullTitle": "Multiple Form Filling Tests Testfall 8 - Wiederholung 1",
              "timedOut": null,
              "duration": 553,
              "state": "passed",
              "speed": "fast",
              "pass": true,
              "fail": false,
              "pending": false,
              "context": null,
              "code": "// Klicken auf Button zur Texteingabe\ncy.get(\"#buttonInputTextModal0\").click();\n// Text eingeben\ncy.get(\"#message-textinputTextModal0\").type(input, {\n  delay: 0\n});\n// Klicken auf Bestätigungsbutton\ncy.get(\"#btn-confirm-inputTextModal0\").click();\nlet correctCount = 0;\nlet incorrectCount = 0;\nfunction checkField(selector, expectedValue) {\n  cy.get(selector).should(\"have.value\", expectedValue).then($el => {\n    if ($el.val() === expectedValue) {\n      correctCount++;\n    } else {\n      incorrectCount++;\n    }\n  });\n}\ncheckField('select[name=\"hersteller\"]', expected.hersteller);\ncheckField('select[name=\"modell\"]', expected.modell);\ncheckField('input[name=\"seriennummer\"]', expected.seriennummer);\ncheckField('input[name=\"letztes_wartungsdatum\"]', expected.letztesWartungsdatum);\ncheckField('textarea[name=\"bemerkung_zustand\"]', expected.bemerkungZustand);\ncy.then(() => {\n  console.log(`Test Case: ${description} - Wiederholung ${i}`);\n  console.log(`Correctly filled fields: ${correctCount}`);\n  console.log(`Incorrectly filled fields: ${incorrectCount}`);\n  cy.log(`Test Case: ${description} - Wiederholung ${i}`);\n  cy.log(`Correctly filled fields: ${correctCount}`);\n  cy.log(`Incorrectly filled fields: ${incorrectCount}`);\n});",
              "err": {},
              "uuid": "1903958c-2ad5-445c-ab62-719e30202963",
              "parentUUID": "cb0564f2-49e4-4ad3-901f-9d19b070636c",
              "isHook": false,
              "skipped": false
            },
            {
              "title": "Testfall 8 - Wiederholung 2",
              "fullTitle": "Multiple Form Filling Tests Testfall 8 - Wiederholung 2",
              "timedOut": null,
              "duration": 546,
              "state": "passed",
              "speed": "fast",
              "pass": true,
              "fail": false,
              "pending": false,
              "context": null,
              "code": "// Klicken auf Button zur Texteingabe\ncy.get(\"#buttonInputTextModal0\").click();\n// Text eingeben\ncy.get(\"#message-textinputTextModal0\").type(input, {\n  delay: 0\n});\n// Klicken auf Bestätigungsbutton\ncy.get(\"#btn-confirm-inputTextModal0\").click();\nlet correctCount = 0;\nlet incorrectCount = 0;\nfunction checkField(selector, expectedValue) {\n  cy.get(selector).should(\"have.value\", expectedValue).then($el => {\n    if ($el.val() === expectedValue) {\n      correctCount++;\n    } else {\n      incorrectCount++;\n    }\n  });\n}\ncheckField('select[name=\"hersteller\"]', expected.hersteller);\ncheckField('select[name=\"modell\"]', expected.modell);\ncheckField('input[name=\"seriennummer\"]', expected.seriennummer);\ncheckField('input[name=\"letztes_wartungsdatum\"]', expected.letztesWartungsdatum);\ncheckField('textarea[name=\"bemerkung_zustand\"]', expected.bemerkungZustand);\ncy.then(() => {\n  console.log(`Test Case: ${description} - Wiederholung ${i}`);\n  console.log(`Correctly filled fields: ${correctCount}`);\n  console.log(`Incorrectly filled fields: ${incorrectCount}`);\n  cy.log(`Test Case: ${description} - Wiederholung ${i}`);\n  cy.log(`Correctly filled fields: ${correctCount}`);\n  cy.log(`Incorrectly filled fields: ${incorrectCount}`);\n});",
              "err": {},
              "uuid": "a1d4ca06-6c12-45d4-a50d-76bf09d13c5c",
              "parentUUID": "cb0564f2-49e4-4ad3-901f-9d19b070636c",
              "isHook": false,
              "skipped": false
            },
            {
              "title": "Testfall 8 - Wiederholung 3",
              "fullTitle": "Multiple Form Filling Tests Testfall 8 - Wiederholung 3",
              "timedOut": null,
              "duration": 843,
              "state": "passed",
              "speed": "fast",
              "pass": true,
              "fail": false,
              "pending": false,
              "context": null,
              "code": "// Klicken auf Button zur Texteingabe\ncy.get(\"#buttonInputTextModal0\").click();\n// Text eingeben\ncy.get(\"#message-textinputTextModal0\").type(input, {\n  delay: 0\n});\n// Klicken auf Bestätigungsbutton\ncy.get(\"#btn-confirm-inputTextModal0\").click();\nlet correctCount = 0;\nlet incorrectCount = 0;\nfunction checkField(selector, expectedValue) {\n  cy.get(selector).should(\"have.value\", expectedValue).then($el => {\n    if ($el.val() === expectedValue) {\n      correctCount++;\n    } else {\n      incorrectCount++;\n    }\n  });\n}\ncheckField('select[name=\"hersteller\"]', expected.hersteller);\ncheckField('select[name=\"modell\"]', expected.modell);\ncheckField('input[name=\"seriennummer\"]', expected.seriennummer);\ncheckField('input[name=\"letztes_wartungsdatum\"]', expected.letztesWartungsdatum);\ncheckField('textarea[name=\"bemerkung_zustand\"]', expected.bemerkungZustand);\ncy.then(() => {\n  console.log(`Test Case: ${description} - Wiederholung ${i}`);\n  console.log(`Correctly filled fields: ${correctCount}`);\n  console.log(`Incorrectly filled fields: ${incorrectCount}`);\n  cy.log(`Test Case: ${description} - Wiederholung ${i}`);\n  cy.log(`Correctly filled fields: ${correctCount}`);\n  cy.log(`Incorrectly filled fields: ${incorrectCount}`);\n});",
              "err": {},
              "uuid": "85f028fb-ad3b-45df-b258-4b33c353775a",
              "parentUUID": "cb0564f2-49e4-4ad3-901f-9d19b070636c",
              "isHook": false,
              "skipped": false
            },
            {
              "title": "Testfall 8 - Wiederholung 4",
              "fullTitle": "Multiple Form Filling Tests Testfall 8 - Wiederholung 4",
              "timedOut": null,
              "duration": 548,
              "state": "passed",
              "speed": "fast",
              "pass": true,
              "fail": false,
              "pending": false,
              "context": null,
              "code": "// Klicken auf Button zur Texteingabe\ncy.get(\"#buttonInputTextModal0\").click();\n// Text eingeben\ncy.get(\"#message-textinputTextModal0\").type(input, {\n  delay: 0\n});\n// Klicken auf Bestätigungsbutton\ncy.get(\"#btn-confirm-inputTextModal0\").click();\nlet correctCount = 0;\nlet incorrectCount = 0;\nfunction checkField(selector, expectedValue) {\n  cy.get(selector).should(\"have.value\", expectedValue).then($el => {\n    if ($el.val() === expectedValue) {\n      correctCount++;\n    } else {\n      incorrectCount++;\n    }\n  });\n}\ncheckField('select[name=\"hersteller\"]', expected.hersteller);\ncheckField('select[name=\"modell\"]', expected.modell);\ncheckField('input[name=\"seriennummer\"]', expected.seriennummer);\ncheckField('input[name=\"letztes_wartungsdatum\"]', expected.letztesWartungsdatum);\ncheckField('textarea[name=\"bemerkung_zustand\"]', expected.bemerkungZustand);\ncy.then(() => {\n  console.log(`Test Case: ${description} - Wiederholung ${i}`);\n  console.log(`Correctly filled fields: ${correctCount}`);\n  console.log(`Incorrectly filled fields: ${incorrectCount}`);\n  cy.log(`Test Case: ${description} - Wiederholung ${i}`);\n  cy.log(`Correctly filled fields: ${correctCount}`);\n  cy.log(`Incorrectly filled fields: ${incorrectCount}`);\n});",
              "err": {},
              "uuid": "b03101e7-cd21-4446-af3b-52e6e81a1f16",
              "parentUUID": "cb0564f2-49e4-4ad3-901f-9d19b070636c",
              "isHook": false,
              "skipped": false
            },
            {
              "title": "Testfall 8 - Wiederholung 5",
              "fullTitle": "Multiple Form Filling Tests Testfall 8 - Wiederholung 5",
              "timedOut": null,
              "duration": 840,
              "state": "passed",
              "speed": "fast",
              "pass": true,
              "fail": false,
              "pending": false,
              "context": null,
              "code": "// Klicken auf Button zur Texteingabe\ncy.get(\"#buttonInputTextModal0\").click();\n// Text eingeben\ncy.get(\"#message-textinputTextModal0\").type(input, {\n  delay: 0\n});\n// Klicken auf Bestätigungsbutton\ncy.get(\"#btn-confirm-inputTextModal0\").click();\nlet correctCount = 0;\nlet incorrectCount = 0;\nfunction checkField(selector, expectedValue) {\n  cy.get(selector).should(\"have.value\", expectedValue).then($el => {\n    if ($el.val() === expectedValue) {\n      correctCount++;\n    } else {\n      incorrectCount++;\n    }\n  });\n}\ncheckField('select[name=\"hersteller\"]', expected.hersteller);\ncheckField('select[name=\"modell\"]', expected.modell);\ncheckField('input[name=\"seriennummer\"]', expected.seriennummer);\ncheckField('input[name=\"letztes_wartungsdatum\"]', expected.letztesWartungsdatum);\ncheckField('textarea[name=\"bemerkung_zustand\"]', expected.bemerkungZustand);\ncy.then(() => {\n  console.log(`Test Case: ${description} - Wiederholung ${i}`);\n  console.log(`Correctly filled fields: ${correctCount}`);\n  console.log(`Incorrectly filled fields: ${incorrectCount}`);\n  cy.log(`Test Case: ${description} - Wiederholung ${i}`);\n  cy.log(`Correctly filled fields: ${correctCount}`);\n  cy.log(`Incorrectly filled fields: ${incorrectCount}`);\n});",
              "err": {},
              "uuid": "2de7f73a-9be9-4dee-b89f-90333965fad3",
              "parentUUID": "cb0564f2-49e4-4ad3-901f-9d19b070636c",
              "isHook": false,
              "skipped": false
            },
            {
              "title": "Testfall 9 - Wiederholung 1",
              "fullTitle": "Multiple Form Filling Tests Testfall 9 - Wiederholung 1",
              "timedOut": null,
              "duration": 2543,
              "state": "passed",
              "speed": "fast",
              "pass": true,
              "fail": false,
              "pending": false,
              "context": null,
[...]
              "speed": "fast",
              "pass": true,
              "fail": false,
              "pending": false,
              "context": null,
              "code": "// Klicken auf Button zur Texteingabe\ncy.get(\"#buttonInputTextModal0\").click();\n// Text eingeben\ncy.get(\"#message-textinputTextModal0\").type(input, {\n  delay: 0\n});\n// Klicken auf Bestätigungsbutton\ncy.get(\"#btn-confirm-inputTextModal0\").click();\nlet correctCount = 0;\nlet incorrectCount = 0;\nfunction checkField(selector, expectedValue) {\n  cy.get(selector).should(\"have.value\", expectedValue).then($el => {\n    if ($el.val() === expectedValue) {\n      correctCount++;\n    } else {\n      incorrectCount++;\n    }\n  });\n}\ncheckField('select[name=\"hersteller\"]', expected.hersteller);\ncheckField('select[name=\"modell\"]', expected.modell);\ncheckField('input[name=\"seriennummer\"]', expected.seriennummer);\ncheckField('input[name=\"letztes_wartungsdatum\"]', expected.letztesWartungsdatum);\ncheckField('textarea[name=\"bemerkung_zustand\"]', expected.bemerkungZustand);\ncy.then(() => {\n  console.log(`Test Case: ${description} - Wiederholung ${i}`);\n  console.log(`Correctly filled fields: ${correctCount}`);\n  console.log(`Incorrectly filled fields: ${incorrectCount}`);\n  cy.log(`Test Case: ${description} - Wiederholung ${i}`);\n  cy.log(`Correctly filled fields: ${correctCount}`);\n  cy.log(`Incorrectly filled fields: ${incorrectCount}`);\n});",
              "err": {},
              "uuid": "bcf36df2-c826-4b9e-8ad3-4493246257ff",
              "parentUUID": "cb0564f2-49e4-4ad3-901f-9d19b070636c",
              "isHook": false,
              "skipped": false
            },
            {
              "title": "Testfall 13 - Wiederholung 4",
              "fullTitle": "Multiple Form Filling Tests Testfall 13 - Wiederholung 4",
              "timedOut": null,
              "duration": 1800,
              "state": "passed",
              "speed": "fast",
              "pass": true,
              "fail": false,
              "pending": false,
              "context": null,
              "code": "// Klicken auf Button zur Texteingabe\ncy.get(\"#buttonInputTextModal0\").click();\n// Text eingeben\ncy.get(\"#message-textinputTextModal0\").type(input, {\n  delay: 0\n});\n// Klicken auf Bestätigungsbutton\ncy.get(\"#btn-confirm-inputTextModal0\").click();\nlet correctCount = 0;\nlet incorrectCount = 0;\nfunction checkField(selector, expectedValue) {\n  cy.get(selector).should(\"have.value\", expectedValue).then($el => {\n    if ($el.val() === expectedValue) {\n      correctCount++;\n    } else {\n      incorrectCount++;\n    }\n  });\n}\ncheckField('select[name=\"hersteller\"]', expected.hersteller);\ncheckField('select[name=\"modell\"]', expected.modell);\ncheckField('input[name=\"seriennummer\"]', expected.seriennummer);\ncheckField('input[name=\"letztes_wartungsdatum\"]', expected.letztesWartungsdatum);\ncheckField('textarea[name=\"bemerkung_zustand\"]', expected.bemerkungZustand);\ncy.then(() => {\n  console.log(`Test Case: ${description} - Wiederholung ${i}`);\n  console.log(`Correctly filled fields: ${correctCount}`);\n  console.log(`Incorrectly filled fields: ${incorrectCount}`);\n  cy.log(`Test Case: ${description} - Wiederholung ${i}`);\n  cy.log(`Correctly filled fields: ${correctCount}`);\n  cy.log(`Incorrectly filled fields: ${incorrectCount}`);\n});",
              "err": {},
              "uuid": "6dcdf37c-183e-45db-821e-e4f6ea81b639",
              "parentUUID": "cb0564f2-49e4-4ad3-901f-9d19b070636c",
              "isHook": false,
              "skipped": false
            },
            {
              "title": "Testfall 13 - Wiederholung 5",
              "fullTitle": "Multiple Form Filling Tests Testfall 13 - Wiederholung 5",
              "timedOut": null,
              "duration": 1989,
              "state": "passed",
              "speed": "fast",
              "pass": true,
              "fail": false,
              "pending": false,
              "context": null,
              "code": "// Klicken auf Button zur Texteingabe\ncy.get(\"#buttonInputTextModal0\").click();\n// Text eingeben\ncy.get(\"#message-textinputTextModal0\").type(input, {\n  delay: 0\n});\n// Klicken auf Bestätigungsbutton\ncy.get(\"#btn-confirm-inputTextModal0\").click();\nlet correctCount = 0;\nlet incorrectCount = 0;\nfunction checkField(selector, expectedValue) {\n  cy.get(selector).should(\"have.value\", expectedValue).then($el => {\n    if ($el.val() === expectedValue) {\n      correctCount++;\n    } else {\n      incorrectCount++;\n    }\n  });\n}\ncheckField('select[name=\"hersteller\"]', expected.hersteller);\ncheckField('select[name=\"modell\"]', expected.modell);\ncheckField('input[name=\"seriennummer\"]', expected.seriennummer);\ncheckField('input[name=\"letztes_wartungsdatum\"]', expected.letztesWartungsdatum);\ncheckField('textarea[name=\"bemerkung_zustand\"]', expected.bemerkungZustand);\ncy.then(() => {\n  console.log(`Test Case: ${description} - Wiederholung ${i}`);\n  console.log(`Correctly filled fields: ${correctCount}`);\n  console.log(`Incorrectly filled fields: ${incorrectCount}`);\n  cy.log(`Test Case: ${description} - Wiederholung ${i}`);\n  cy.log(`Correctly filled fields: ${correctCount}`);\n  cy.log(`Incorrectly filled fields: ${incorrectCount}`);\n});",
              "err": {},
              "uuid": "0764147a-2ef8-47ea-ad70-00cf99df4df5",
              "parentUUID": "cb0564f2-49e4-4ad3-901f-9d19b070636c",
              "isHook": false,
              "skipped": false
            },
            {
              "title": "Testfall 14 - Wiederholung 1",
              "fullTitle": "Multiple Form Filling Tests Testfall 14 - Wiederholung 1",
              "timedOut": null,
              "duration": 2946,
              "state": "passed",
              "speed": "fast",
              "pass": true,
              "fail": false,
              "pending": false,
              "context": null,
              "code": "// Klicken auf Button zur Texteingabe\ncy.get(\"#buttonInputTextModal0\").click();\n// Text eingeben\ncy.get(\"#message-textinputTextModal0\").type(input, {\n  delay: 0\n});\n// Klicken auf Bestätigungsbutton\ncy.get(\"#btn-confirm-inputTextModal0\").click();\nlet correctCount = 0;\nlet incorrectCount = 0;\nfunction checkField(selector, expectedValue) {\n  cy.get(selector).should(\"have.value\", expectedValue).then($el => {\n    if ($el.val() === expectedValue) {\n      correctCount++;\n    } else {\n      incorrectCount++;\n    }\n  });\n}\ncheckField('select[name=\"hersteller\"]', expected.hersteller);\ncheckField('select[name=\"modell\"]', expected.modell);\ncheckField('input[name=\"seriennummer\"]', expected.seriennummer);\ncheckField('input[name=\"letztes_wartungsdatum\"]', expected.letztesWartungsdatum);\ncheckField('textarea[name=\"bemerkung_zustand\"]', expected.bemerkungZustand);\ncy.then(() => {\n  console.log(`Test Case: ${description} - Wiederholung ${i}`);\n  console.log(`Correctly filled fields: ${correctCount}`);\n  console.log(`Incorrectly filled fields: ${incorrectCount}`);\n  cy.log(`Test Case: ${description} - Wiederholung ${i}`);\n  cy.log(`Correctly filled fields: ${correctCount}`);\n  cy.log(`Incorrectly filled fields: ${incorrectCount}`);\n});",
              "err": {},
              "uuid": "6a417da8-bec7-4fc4-98c0-9a8b513e36f0",
              "parentUUID": "cb0564f2-49e4-4ad3-901f-9d19b070636c",
              "isHook": false,
              "skipped": false
            },
            {
              "title": "Testfall 14 - Wiederholung 2",
              "fullTitle": "Multiple Form Filling Tests Testfall 14 - Wiederholung 2",
              "timedOut": null,
              "duration": 3095,
              "state": "passed",
              "speed": "fast",
              "pass": true,
              "fail": false,
              "pending": false,
              "context": null,
              "code": "// Klicken auf Button zur Texteingabe\ncy.get(\"#buttonInputTextModal0\").click();\n// Text eingeben\ncy.get(\"#message-textinputTextModal0\").type(input, {\n  delay: 0\n});\n// Klicken auf Bestätigungsbutton\ncy.get(\"#btn-confirm-inputTextModal0\").click();\nlet correctCount = 0;\nlet incorrectCount = 0;\nfunction checkField(selector, expectedValue) {\n  cy.get(selector).should(\"have.value\", expectedValue).then($el => {\n    if ($el.val() === expectedValue) {\n      correctCount++;\n    } else {\n      incorrectCount++;\n    }\n  });\n}\ncheckField('select[name=\"hersteller\"]', expected.hersteller);\ncheckField('select[name=\"modell\"]', expected.modell);\ncheckField('input[name=\"seriennummer\"]', expected.seriennummer);\ncheckField('input[name=\"letztes_wartungsdatum\"]', expected.letztesWartungsdatum);\ncheckField('textarea[name=\"bemerkung_zustand\"]', expected.bemerkungZustand);\ncy.then(() => {\n  console.log(`Test Case: ${description} - Wiederholung ${i}`);\n  console.log(`Correctly filled fields: ${correctCount}`);\n  console.log(`Incorrectly filled fields: ${incorrectCount}`);\n  cy.log(`Test Case: ${description} - Wiederholung ${i}`);\n  cy.log(`Correctly filled fields: ${correctCount}`);\n  cy.log(`Incorrectly filled fields: ${incorrectCount}`);\n});",
              "err": {},
              "uuid": "d6a28f5a-2e9c-4dbd-8120-2d43907cc3b4",
              "parentUUID": "cb0564f2-49e4-4ad3-901f-9d19b070636c",
              "isHook": false,
              "skipped": false
            },
            {
              "title": "Testfall 14 - Wiederholung 3",
              "fullTitle": "Multiple Form Filling Tests Testfall 14 - Wiederholung 3",
              "timedOut": null,
              "duration": 2747,
              "state": "passed",
              "speed": "fast",
              "pass": true,
              "fail": false,
              "pending": false,
              "context": null,
              "code": "// Klicken auf Button zur Texteingabe\ncy.get(\"#buttonInputTextModal0\").click();\n// Text eingeben\ncy.get(\"#message-textinputTextModal0\").type(input, {\n  delay: 0\n});\n// Klicken auf Bestätigungsbutton\ncy.get(\"#btn-confirm-inputTextModal0\").click();\nlet correctCount = 0;\nlet incorrectCount = 0;\nfunction checkField(selector, expectedValue) {\n  cy.get(selector).should(\"have.value\", expectedValue).then($el => {\n    if ($el.val() === expectedValue) {\n      correctCount++;\n    } else {\n      incorrectCount++;\n    }\n  });\n}\ncheckField('select[name=\"hersteller\"]', expected.hersteller);\ncheckField('select[name=\"modell\"]', expected.modell);\ncheckField('input[name=\"seriennummer\"]', expected.seriennummer);\ncheckField('input[name=\"letztes_wartungsdatum\"]', expected.letztesWartungsdatum);\ncheckField('textarea[name=\"bemerkung_zustand\"]', expected.bemerkungZustand);\ncy.then(() => {\n  console.log(`Test Case: ${description} - Wiederholung ${i}`);\n  console.log(`Correctly filled fields: ${correctCount}`);\n  console.log(`Incorrectly filled fields: ${incorrectCount}`);\n  cy.log(`Test Case: ${description} - Wiederholung ${i}`);\n  cy.log(`Correctly filled fields: ${correctCount}`);\n  cy.log(`Incorrectly filled fields: ${incorrectCount}`);\n});",
              "err": {},
              "uuid": "b07b6825-cc44-4029-b815-4d80a177d7ed",
              "parentUUID": "cb0564f2-49e4-4ad3-901f-9d19b070636c",
              "isHook": false,
              "skipped": false
            },
            {
              "title": "Testfall 14 - Wiederholung 4",
              "fullTitle": "Multiple Form Filling Tests Testfall 14 - Wiederholung 4",
              "timedOut": null,
              "duration": 2770,
              "state": "passed",
              "speed": "fast",
              "pass": true,
              "fail": false,
              "pending": false,
              "context": null,
              "code": "// Klicken auf Button zur Texteingabe\ncy.get(\"#buttonInputTextModal0\").click();\n// Text eingeben\ncy.get(\"#message-textinputTextModal0\").type(input, {\n  delay: 0\n});\n// Klicken auf Bestätigungsbutton\ncy.get(\"#btn-confirm-inputTextModal0\").click();\nlet correctCount = 0;\nlet incorrectCount = 0;\nfunction checkField(selector, expectedValue) {\n  cy.get(selector).should(\"have.value\", expectedValue).then($el => {\n    if ($el.val() === expectedValue) {\n      correctCount++;\n    } else {\n      incorrectCount++;\n    }\n  });\n}\ncheckField('select[name=\"hersteller\"]', expected.hersteller);\ncheckField('select[name=\"modell\"]', expected.modell);\ncheckField('input[name=\"seriennummer\"]', expected.seriennummer);\ncheckField('input[name=\"letztes_wartungsdatum\"]', expected.letztesWartungsdatum);\ncheckField('textarea[name=\"bemerkung_zustand\"]', expected.bemerkungZustand);\ncy.then(() => {\n  console.log(`Test Case: ${description} - Wiederholung ${i}`);\n  console.log(`Correctly filled fields: ${correctCount}`);\n  console.log(`Incorrectly filled fields: ${incorrectCount}`);\n  cy.log(`Test Case: ${description} - Wiederholung ${i}`);\n  cy.log(`Correctly filled fields: ${correctCount}`);\n  cy.log(`Incorrectly filled fields: ${incorrectCount}`);\n});",
              "err": {},
              "uuid": "f5f53b51-a8bc-43b2-a088-4f6799d8f451",
              "parentUUID": "cb0564f2-49e4-4ad3-901f-9d19b070636c",
              "isHook": false,
              "skipped": false
            },
            {
              "title": "Testfall 14 - Wiederholung 5",
              "fullTitle": "Multiple Form Filling Tests Testfall 14 - Wiederholung 5",
              "timedOut": null,
              "duration": 3445,
              "state": "passed",
              "speed": "fast",
              "pass": true,
              "fail": false,
              "pending": false,
              "context": null,
              "code": "// Klicken auf Button zur Texteingabe\ncy.get(\"#buttonInputTextModal0\").click();\n// Text eingeben\ncy.get(\"#message-textinputTextModal0\").type(input, {\n  delay: 0\n});\n// Klicken auf Bestätigungsbutton\ncy.get(\"#btn-confirm-inputTextModal0\").click();\nlet correctCount = 0;\nlet incorrectCount = 0;\nfunction checkField(selector, expectedValue) {\n  cy.get(selector).should(\"have.value\", expectedValue).then($el => {\n    if ($el.val() === expectedValue) {\n      correctCount++;\n    } else {\n      incorrectCount++;\n    }\n  });\n}\ncheckField('select[name=\"hersteller\"]', expected.hersteller);\ncheckField('select[name=\"modell\"]', expected.modell);\ncheckField('input[name=\"seriennummer\"]', expected.seriennummer);\ncheckField('input[name=\"letztes_wartungsdatum\"]', expected.letztesWartungsdatum);\ncheckField('textarea[name=\"bemerkung_zustand\"]', expected.bemerkungZustand);\ncy.then(() => {\n  console.log(`Test Case: ${description} - Wiederholung ${i}`);\n  console.log(`Correctly filled fields: ${correctCount}`);\n  console.log(`Incorrectly filled fields: ${incorrectCount}`);\n  cy.log(`Test Case: ${description} - Wiederholung ${i}`);\n  cy.log(`Correctly filled fields: ${correctCount}`);\n  cy.log(`Incorrectly filled fields: ${incorrectCount}`);\n});",
              "err": {},
              "uuid": "d2bd3b45-17f7-444d-9a15-63cee0e804ad",
              "parentUUID": "cb0564f2-49e4-4ad3-901f-9d19b070636c",
              "isHook": false,
              "skipped": false
            }
          ],
          "suites": [],
          "passes": [
            "d8be1075-9e6a-45dd-b0e9-2bcd2bd3b7ad",
            "766a73ac-6fb0-41b9-a0a9-4085f64ab789",
            "b320995d-2cd1-456e-a10e-eacd92eaf9b7",
            "528047c6-c006-4d4e-92cc-02b1261e426f",
            "de4f113b-6af4-47ad-a8b9-919df2584914",
            "7f0f6640-c394-4108-b60c-4c5e7b059287",
            "80c9a574-0f1e-4fb8-a74d-dc5912ede1e5",
            "4709924a-6a16-4aa0-91d1-fd904489c0be",
            "a4c9802d-b8fc-4b5b-8257-37a407277d74",
            "725201ae-5d7a-4d69-8ade-666aad35e114",
            "44f9ebe7-c11e-42e7-9f1c-faebff13a919",
            "c13dba5d-9a29-447c-a49a-34d67d987f20",
            "75bfa59d-5ae8-4450-bf04-bcc9181d06d7",
            "2b09d6a1-5f17-4bdf-8404-91025458d2db",
            "fb2f38c0-fa60-439a-9e41-b8c5a77784f4",
            "7a1664f4-b873-4c76-b9aa-ebd528737776",
            "bf738c80-d4fd-4bc8-af05-0bddeb500a82",
            "f387dbda-d7fb-4364-a9de-18f3950182d4",
            "4b49d85a-def9-4ebe-b55d-41d35d258224",
            "3b18aca6-6c91-434b-8bb2-8a055b7ecb84",
            "b9d9414f-d467-46b8-a6cb-4cba409e51af",
            "e3dda3ae-a099-4df9-851a-8830d2146c56",
            "aab19f99-32c4-4dad-a086-8ff83d185332",
            "9b0cf3db-f1c5-4d73-992f-7ad552ab111b",
            "0f3b0f16-df8d-4ffc-9af0-d60f44327650",
            "cf12decf-cbc1-4191-a4b1-ef0d586c6ddd",
            "d84a04d1-1394-48a2-af3c-5c2e3c34411c",
            "60c2f6a2-6e02-4e78-8ffe-fa42b5ec6265",
            "17ef2fc2-c212-4adb-8d6d-380febad5466",
            "f0b90df6-d738-4e6b-b7b9-714b1c3e4f65",
            "e1e5bace-8fc0-4f3d-8aa1-537ed68bcbcc",
            "76015baa-586e-41ef-a26f-05be6113718c",
            "1930aff7-bb2b-40a6-a6e2-95cbf406ea5c",
            "94f34355-6c6b-424d-bb17-ff259c5fb657",
            "11404ead-8588-4ccc-853c-3ef71e885581",
            "1903958c-2ad5-445c-ab62-719e30202963",
            "a1d4ca06-6c12-45d4-a50d-76bf09d13c5c",
            "85f028fb-ad3b-45df-b258-4b33c353775a",
            "b03101e7-cd21-4446-af3b-52e6e81a1f16",
            "2de7f73a-9be9-4dee-b89f-90333965fad3",
            "40fd4b2f-4027-4a79-8042-fe10d880dd6a",
            "2d812ff4-5113-43d9-a915-0d372ccb6811",
            "248d7dd3-9fa1-4fed-9298-ba8f8e2bcce4",
            "d85f4078-31df-4af8-811c-4a006a50433b",
            "53d49561-8976-4762-aa76-a741bb3eb1ce",
            "7e3ed774-601f-4db5-be49-abd9378516ca",
            "9b70265f-b660-470e-8543-879223724584",
            "320a7295-0d8d-45bd-996d-6041f135e4db",
            "ad8e92b3-5de0-4d2f-8dfb-dbff050c57fd",
            "e5dac9a5-13fa-4abd-b85d-839fe5fb929e",
            "68e4c189-589b-4bb7-bba8-3cd8d322a67a",
            "e4a1e705-186f-4f96-89fc-cc47139c906d",
            "c6dc0fb2-603f-45c1-bf9b-8db220a28309",
            "1cebce31-3011-47d5-85b2-ee5c84750bb2",
            "abc84a8e-d352-4630-80d7-c6af0ae7d800",
            "a66bc87b-6484-41b6-8a66-27c9960caed8",
            "a41d7388-3961-41d5-82e3-c211252f4f56",
            "97068af6-2fed-4df7-a24b-4efe08da8afb",
            "b670f304-80c8-44fe-898f-aad059311ded",
            "9fa2222e-dc3b-4bc4-80d4-41a2e41be144",
            "69732a38-7ea1-4295-8629-1f4d3e28632e",
            "cfb43712-25a1-4bee-a6e9-bdfe6a6c77b0",
            "bcf36df2-c826-4b9e-8ad3-4493246257ff",
            "6dcdf37c-183e-45db-821e-e4f6ea81b639",
            "0764147a-2ef8-47ea-ad70-00cf99df4df5",
            "6a417da8-bec7-4fc4-98c0-9a8b513e36f0",
            "d6a28f5a-2e9c-4dbd-8120-2d43907cc3b4",
            "b07b6825-cc44-4029-b815-4d80a177d7ed",
            "f5f53b51-a8bc-43b2-a088-4f6799d8f451",
            "d2bd3b45-17f7-444d-9a15-63cee0e804ad"
          ],
          "failures": [],
          "pending": [],
          "skipped": [],
          "duration": 146194,
          "root": false,
          "rootEmpty": false,
          "_timeout": 2000
        }
      ],
      "passes": [],
      "failures": [],
      "pending": [],
      "skipped": [],
      "duration": 0,
      "root": true,
      "rootEmpty": true,
      "_timeout": 2000
    }
  ],
  "meta": {
    "mocha": {
      "version": "7.0.1"
    },
    "mochawesome": {
      "options": {
        "quiet": false,
        "reportFilename": "mochawesome",
        "saveHtml": false,
        "saveJson": true,
        "consoleReporter": "spec",
        "useInlineDiffs": false,
        "code": true
      },
      "version": "7.1.3"
    },
    "marge": {
      "options": {
        "reportDir": "cypress/reports",
        "overwrite": false,
        "html": false,
        "json": true
      },
      "version": "6.2.0"
    }
  }
}